using /workspace/output/riscof_work/rv64i_m/A/src/amoand.w-01.S/ref/Reference-sail_c_simulator.signature for test-signature output.
tohost located at 0x80002000
Running file ref.elf.
ELF Entry @ 0x80000000
begin_signature: 0x80004110
end_signature: 0x80004970
CSR mstatus <- 0x0000000A00000000 (input: 0x0000000000000000)
mem[X,0x0000000000001000] -> 0x0297
mem[X,0x0000000000001002] -> 0x0000
[0] [M]: 0x0000000000001000 (0x00000297) auipc t0, 0x0
x5 <- 0x0000000000001000
mem[X,0x0000000000001004] -> 0x8593
mem[X,0x0000000000001006] -> 0x0202
[1] [M]: 0x0000000000001004 (0x02028593) addi a1, t0, 0x20
x11 <- 0x0000000000001020
mem[X,0x0000000000001008] -> 0x2573
mem[X,0x000000000000100A] -> 0xF140
[2] [M]: 0x0000000000001008 (0xF1402573) csrrs a0, mhartid, zero
CSR mhartid -> 0x0000000000000000
x10 <- 0x0000000000000000
mem[X,0x000000000000100C] -> 0xB283
mem[X,0x000000000000100E] -> 0x0182
[3] [M]: 0x000000000000100C (0x0182B283) ld t0, 0x18(t0)
mem[R,0x0000000000001018] -> 0x0000000080000000
x5 <- 0x0000000080000000
mem[X,0x0000000000001010] -> 0x8067
mem[X,0x0000000000001012] -> 0x0002
[4] [M]: 0x0000000000001010 (0x00028067) jalr zero, 0x0(t0)
mem[X,0x0000000080000000] -> 0x0837
mem[X,0x0000000080000002] -> 0x7D5C
[5] [M]: 0x0000000080000000 (0x7D5C0837) lui a6, 0x7d5c0
x16 <- 0x000000007D5C0000
mem[X,0x0000000080000004] -> 0x0813
mem[X,0x0000000080000006] -> 0xDDB8
[6] [M]: 0x0000000080000004 (0xDDB80813) addi a6, a6, -0x225
x16 <- 0x000000007D5BFDDB
mem[X,0x0000000080000008] -> 0x1813
mem[X,0x000000008000000A] -> 0x00B8
[7] [M]: 0x0000000080000008 (0x00B81813) slli a6, a6, 0xb
x16 <- 0x000003EADFEED800
mem[X,0x000000008000000C] -> 0x0813
mem[X,0x000000008000000E] -> 0x3EA8
[8] [M]: 0x000000008000000C (0x3EA80813) addi a6, a6, 0x3ea
x16 <- 0x000003EADFEEDBEA
mem[X,0x0000000080000010] -> 0x1813
mem[X,0x0000000080000012] -> 0x00B8
[9] [M]: 0x0000000080000010 (0x00B81813) slli a6, a6, 0xb
x16 <- 0x001F56FF76DF5000
mem[X,0x0000000080000014] -> 0x0813
mem[X,0x0000000080000016] -> 0x6FF8
[10] [M]: 0x0000000080000014 (0x6FF80813) addi a6, a6, 0x6ff
x16 <- 0x001F56FF76DF56FF
mem[X,0x0000000080000018] -> 0x1813
mem[X,0x000000008000001A] -> 0x00A8
[11] [M]: 0x0000000080000018 (0x00A81813) slli a6, a6, 0xa
x16 <- 0x7D5BFDDB7D5BFC00
mem[X,0x000000008000001C] -> 0x0813
mem[X,0x000000008000001E] -> 0x1DB8
[12] [M]: 0x000000008000001C (0x1DB80813) addi a6, a6, 0x1db
x16 <- 0x7D5BFDDB7D5BFDDB
mem[X,0x0000000080000020] -> 0x5893
mem[X,0x0000000080000022] -> 0x0078
[13] [M]: 0x0000000080000020 (0x00785893) srli a7, a6, 0x7
x17 <- 0x00FAB7FBB6FAB7FB
mem[X,0x0000000080000024] -> 0x5793
mem[X,0x0000000080000026] -> 0x0398
[14] [M]: 0x0000000080000024 (0x03985793) srli a5, a6, 0x39
x15 <- 0x000000000000003E
mem[X,0x0000000080000028] -> 0xE8B3
mem[X,0x000000008000002A] -> 0x00F8
[15] [M]: 0x0000000080000028 (0x00F8E8B3) or a7, a7, a5
x17 <- 0x00FAB7FBB6FAB7FF
mem[X,0x000000008000002C] -> 0xD913
mem[X,0x000000008000002E] -> 0x0078
[16] [M]: 0x000000008000002C (0x0078D913) srli s2, a7, 0x7
x18 <- 0x0001F56FF76DF56F
mem[X,0x0000000080000030] -> 0xD793
mem[X,0x0000000080000032] -> 0x0398
[17] [M]: 0x0000000080000030 (0x0398D793) srli a5, a7, 0x39
x15 <- 0x0000000000000000
mem[X,0x0000000080000034] -> 0x6933
mem[X,0x0000000080000036] -> 0x00F9
[18] [M]: 0x0000000080000034 (0x00F96933) or s2, s2, a5
x18 <- 0x0001F56FF76DF56F
mem[X,0x0000000080000038] -> 0x5993
mem[X,0x000000008000003A] -> 0x0079
[19] [M]: 0x0000000080000038 (0x00795993) srli s3, s2, 0x7
x19 <- 0x000003EADFEEDBEA
mem[X,0x000000008000003C] -> 0x5793
mem[X,0x000000008000003E] -> 0x0399
[20] [M]: 0x000000008000003C (0x03995793) srli a5, s2, 0x39
x15 <- 0x0000000000000000
mem[X,0x0000000080000040] -> 0xE9B3
mem[X,0x0000000080000042] -> 0x00F9
[21] [M]: 0x0000000080000040 (0x00F9E9B3) or s3, s3, a5
x19 <- 0x000003EADFEEDBEA
mem[X,0x0000000080000044] -> 0xDA13
mem[X,0x0000000080000046] -> 0x0079
[22] [M]: 0x0000000080000044 (0x0079DA13) srli s4, s3, 0x7
x20 <- 0x00000007D5BFDDB7
mem[X,0x0000000080000048] -> 0xD793
mem[X,0x000000008000004A] -> 0x0399
[23] [M]: 0x0000000080000048 (0x0399D793) srli a5, s3, 0x39
x15 <- 0x0000000000000000
mem[X,0x000000008000004C] -> 0x6A33
mem[X,0x000000008000004E] -> 0x00FA
[24] [M]: 0x000000008000004C (0x00FA6A33) or s4, s4, a5
x20 <- 0x00000007D5BFDDB7
mem[X,0x0000000080000050] -> 0x5A93
mem[X,0x0000000080000052] -> 0x007A
[25] [M]: 0x0000000080000050 (0x007A5A93) srli s5, s4, 0x7
x21 <- 0x000000000FAB7FBB
mem[X,0x0000000080000054] -> 0x5793
mem[X,0x0000000080000056] -> 0x039A
[26] [M]: 0x0000000080000054 (0x039A5793) srli a5, s4, 0x39
x15 <- 0x0000000000000000
mem[X,0x0000000080000058] -> 0xEAB3
mem[X,0x000000008000005A] -> 0x00FA
[27] [M]: 0x0000000080000058 (0x00FAEAB3) or s5, s5, a5
x21 <- 0x000000000FAB7FBB
mem[X,0x000000008000005C] -> 0xDB13
mem[X,0x000000008000005E] -> 0x007A
[28] [M]: 0x000000008000005C (0x007ADB13) srli s6, s5, 0x7
x22 <- 0x00000000001F56FF
mem[X,0x0000000080000060] -> 0xD793
mem[X,0x0000000080000062] -> 0x039A
[29] [M]: 0x0000000080000060 (0x039AD793) srli a5, s5, 0x39
x15 <- 0x0000000000000000
mem[X,0x0000000080000064] -> 0x6B33
mem[X,0x0000000080000066] -> 0x00FB
[30] [M]: 0x0000000080000064 (0x00FB6B33) or s6, s6, a5
x22 <- 0x00000000001F56FF
mem[X,0x0000000080000068] -> 0x5B93
mem[X,0x000000008000006A] -> 0x007B
[31] [M]: 0x0000000080000068 (0x007B5B93) srli s7, s6, 0x7
x23 <- 0x0000000000003EAD
mem[X,0x000000008000006C] -> 0x5793
mem[X,0x000000008000006E] -> 0x039B
[32] [M]: 0x000000008000006C (0x039B5793) srli a5, s6, 0x39
x15 <- 0x0000000000000000
mem[X,0x0000000080000070] -> 0xEBB3
mem[X,0x0000000080000072] -> 0x00FB
[33] [M]: 0x0000000080000070 (0x00FBEBB3) or s7, s7, a5
x23 <- 0x0000000000003EAD
mem[X,0x0000000080000074] -> 0xDC13
mem[X,0x0000000080000076] -> 0x007B
[34] [M]: 0x0000000080000074 (0x007BDC13) srli s8, s7, 0x7
x24 <- 0x000000000000007D
mem[X,0x0000000080000078] -> 0xD793
mem[X,0x000000008000007A] -> 0x039B
[35] [M]: 0x0000000080000078 (0x039BD793) srli a5, s7, 0x39
x15 <- 0x0000000000000000
mem[X,0x000000008000007C] -> 0x6C33
mem[X,0x000000008000007E] -> 0x00FC
[36] [M]: 0x000000008000007C (0x00FC6C33) or s8, s8, a5
x24 <- 0x000000000000007D
mem[X,0x0000000080000080] -> 0x5C93
mem[X,0x0000000080000082] -> 0x007C
[37] [M]: 0x0000000080000080 (0x007C5C93) srli s9, s8, 0x7
x25 <- 0x0000000000000000
mem[X,0x0000000080000084] -> 0x5793
mem[X,0x0000000080000086] -> 0x039C
[38] [M]: 0x0000000080000084 (0x039C5793) srli a5, s8, 0x39
x15 <- 0x0000000000000000
mem[X,0x0000000080000088] -> 0xECB3
mem[X,0x000000008000008A] -> 0x00FC
[39] [M]: 0x0000000080000088 (0x00FCECB3) or s9, s9, a5
x25 <- 0x0000000000000000
mem[X,0x000000008000008C] -> 0xDD13
mem[X,0x000000008000008E] -> 0x007C
[40] [M]: 0x000000008000008C (0x007CDD13) srli s10, s9, 0x7
x26 <- 0x0000000000000000
mem[X,0x0000000080000090] -> 0xD793
mem[X,0x0000000080000092] -> 0x039C
[41] [M]: 0x0000000080000090 (0x039CD793) srli a5, s9, 0x39
x15 <- 0x0000000000000000
mem[X,0x0000000080000094] -> 0x6D33
mem[X,0x0000000080000096] -> 0x00FD
[42] [M]: 0x0000000080000094 (0x00FD6D33) or s10, s10, a5
x26 <- 0x0000000000000000
mem[X,0x0000000080000098] -> 0x5D93
mem[X,0x000000008000009A] -> 0x007D
[43] [M]: 0x0000000080000098 (0x007D5D93) srli s11, s10, 0x7
x27 <- 0x0000000000000000
mem[X,0x000000008000009C] -> 0x5793
mem[X,0x000000008000009E] -> 0x039D
[44] [M]: 0x000000008000009C (0x039D5793) srli a5, s10, 0x39
x15 <- 0x0000000000000000
mem[X,0x00000000800000A0] -> 0xEDB3
mem[X,0x00000000800000A2] -> 0x00FD
[45] [M]: 0x00000000800000A0 (0x00FDEDB3) or s11, s11, a5
x27 <- 0x0000000000000000
mem[X,0x00000000800000A4] -> 0xDE13
mem[X,0x00000000800000A6] -> 0x007D
[46] [M]: 0x00000000800000A4 (0x007DDE13) srli t3, s11, 0x7
x28 <- 0x0000000000000000
mem[X,0x00000000800000A8] -> 0xD793
mem[X,0x00000000800000AA] -> 0x039D
[47] [M]: 0x00000000800000A8 (0x039DD793) srli a5, s11, 0x39
x15 <- 0x0000000000000000
mem[X,0x00000000800000AC] -> 0x6E33
mem[X,0x00000000800000AE] -> 0x00FE
[48] [M]: 0x00000000800000AC (0x00FE6E33) or t3, t3, a5
x28 <- 0x0000000000000000
mem[X,0x00000000800000B0] -> 0x5E93
mem[X,0x00000000800000B2] -> 0x007E
[49] [M]: 0x00000000800000B0 (0x007E5E93) srli t4, t3, 0x7
x29 <- 0x0000000000000000
mem[X,0x00000000800000B4] -> 0x5793
mem[X,0x00000000800000B6] -> 0x039E
[50] [M]: 0x00000000800000B4 (0x039E5793) srli a5, t3, 0x39
x15 <- 0x0000000000000000
mem[X,0x00000000800000B8] -> 0xEEB3
mem[X,0x00000000800000BA] -> 0x00FE
[51] [M]: 0x00000000800000B8 (0x00FEEEB3) or t4, t4, a5
x29 <- 0x0000000000000000
mem[X,0x00000000800000BC] -> 0xDF13
mem[X,0x00000000800000BE] -> 0x007E
[52] [M]: 0x00000000800000BC (0x007EDF13) srli t5, t4, 0x7
x30 <- 0x0000000000000000
mem[X,0x00000000800000C0] -> 0xD793
mem[X,0x00000000800000C2] -> 0x039E
[53] [M]: 0x00000000800000C0 (0x039ED793) srli a5, t4, 0x39
x15 <- 0x0000000000000000
mem[X,0x00000000800000C4] -> 0x6F33
mem[X,0x00000000800000C6] -> 0x00FF
[54] [M]: 0x00000000800000C4 (0x00FF6F33) or t5, t5, a5
x30 <- 0x0000000000000000
mem[X,0x00000000800000C8] -> 0xC0B7
mem[X,0x00000000800000CA] -> 0xFEED
[55] [M]: 0x00000000800000C8 (0xFEEDC0B7) lui ra, -0x1124
x1 <- 0xFFFFFFFFFEEDC000
mem[X,0x00000000800000CC] -> 0x8093
mem[X,0x00000000800000CE] -> 0xEAD0
[56] [M]: 0x00000000800000CC (0xEAD08093) addi ra, ra, -0x153
x1 <- 0xFFFFFFFFFEEDBEAD
mem[X,0x00000000800000D0] -> 0x9093
mem[X,0x00000000800000D2] -> 0x00B0
[57] [M]: 0x00000000800000D0 (0x00B09093) slli ra, ra, 0xb
x1 <- 0xFFFFFFF76DF56800
mem[X,0x00000000800000D4] -> 0x8093
mem[X,0x00000000800000D6] -> 0x7F70
[58] [M]: 0x00000000800000D4 (0x7F708093) addi ra, ra, 0x7f7
x1 <- 0xFFFFFFF76DF56FF7
mem[X,0x00000000800000D8] -> 0x9093
mem[X,0x00000000800000DA] -> 0x00B0
[59] [M]: 0x00000000800000D8 (0x00B09093) slli ra, ra, 0xb
x1 <- 0xFFFFBB6FAB7FB800
mem[X,0x00000000800000DC] -> 0x8093
mem[X,0x00000000800000DE] -> 0x36F0
[60] [M]: 0x00000000800000DC (0x36F08093) addi ra, ra, 0x36f
x1 <- 0xFFFFBB6FAB7FBB6F
mem[X,0x00000000800000E0] -> 0x9093
mem[X,0x00000000800000E2] -> 0x00A0
[61] [M]: 0x00000000800000E0 (0x00A09093) slli ra, ra, 0xa
x1 <- 0xFEEDBEADFEEDBC00
mem[X,0x00000000800000E4] -> 0x8093
mem[X,0x00000000800000E6] -> 0x2AD0
[62] [M]: 0x00000000800000E4 (0x2AD08093) addi ra, ra, 0x2ad
x1 <- 0xFEEDBEADFEEDBEAD
mem[X,0x00000000800000E8] -> 0xD113
mem[X,0x00000000800000EA] -> 0x0070
[63] [M]: 0x00000000800000E8 (0x0070D113) srli sp, ra, 0x7
x2 <- 0x01FDDB7D5BFDDB7D
mem[X,0x00000000800000EC] -> 0xD793
mem[X,0x00000000800000EE] -> 0x0390
[64] [M]: 0x00000000800000EC (0x0390D793) srli a5, ra, 0x39
x15 <- 0x000000000000007F
mem[X,0x00000000800000F0] -> 0x6133
mem[X,0x00000000800000F2] -> 0x00F1
[65] [M]: 0x00000000800000F0 (0x00F16133) or sp, sp, a5
x2 <- 0x01FDDB7D5BFDDB7F
mem[X,0x00000000800000F4] -> 0x5193
mem[X,0x00000000800000F6] -> 0x0071
[66] [M]: 0x00000000800000F4 (0x00715193) srli gp, sp, 0x7
x3 <- 0x0003FBB6FAB7FBB6
mem[X,0x00000000800000F8] -> 0x5793
mem[X,0x00000000800000FA] -> 0x0391
[67] [M]: 0x00000000800000F8 (0x03915793) srli a5, sp, 0x39
x15 <- 0x0000000000000000
mem[X,0x00000000800000FC] -> 0xE1B3
mem[X,0x00000000800000FE] -> 0x00F1
[68] [M]: 0x00000000800000FC (0x00F1E1B3) or gp, gp, a5
x3 <- 0x0003FBB6FAB7FBB6
mem[X,0x0000000080000100] -> 0xD213
mem[X,0x0000000080000102] -> 0x0071
[69] [M]: 0x0000000080000100 (0x0071D213) srli tp, gp, 0x7
x4 <- 0x000007F76DF56FF7
mem[X,0x0000000080000104] -> 0xD793
mem[X,0x0000000080000106] -> 0x0391
[70] [M]: 0x0000000080000104 (0x0391D793) srli a5, gp, 0x39
x15 <- 0x0000000000000000
mem[X,0x0000000080000108] -> 0x6233
mem[X,0x000000008000010A] -> 0x00F2
[71] [M]: 0x0000000080000108 (0x00F26233) or tp, tp, a5
x4 <- 0x000007F76DF56FF7
mem[X,0x000000008000010C] -> 0x5293
mem[X,0x000000008000010E] -> 0x0072
[72] [M]: 0x000000008000010C (0x00725293) srli t0, tp, 0x7
x5 <- 0x0000000FEEDBEADF
mem[X,0x0000000080000110] -> 0x5793
mem[X,0x0000000080000112] -> 0x0392
[73] [M]: 0x0000000080000110 (0x03925793) srli a5, tp, 0x39
x15 <- 0x0000000000000000
mem[X,0x0000000080000114] -> 0xE2B3
mem[X,0x0000000080000116] -> 0x00F2
[74] [M]: 0x0000000080000114 (0x00F2E2B3) or t0, t0, a5
x5 <- 0x0000000FEEDBEADF
mem[X,0x0000000080000118] -> 0xD313
mem[X,0x000000008000011A] -> 0x0072
[75] [M]: 0x0000000080000118 (0x0072D313) srli t1, t0, 0x7
x6 <- 0x000000001FDDB7D5
mem[X,0x000000008000011C] -> 0xD793
mem[X,0x000000008000011E] -> 0x0392
[76] [M]: 0x000000008000011C (0x0392D793) srli a5, t0, 0x39
x15 <- 0x0000000000000000
mem[X,0x0000000080000120] -> 0x6333
mem[X,0x0000000080000122] -> 0x00F3
[77] [M]: 0x0000000080000120 (0x00F36333) or t1, t1, a5
x6 <- 0x000000001FDDB7D5
mem[X,0x0000000080000124] -> 0x5393
mem[X,0x0000000080000126] -> 0x0073
[78] [M]: 0x0000000080000124 (0x00735393) srli t2, t1, 0x7
x7 <- 0x00000000003FBB6F
mem[X,0x0000000080000128] -> 0x5793
mem[X,0x000000008000012A] -> 0x0393
[79] [M]: 0x0000000080000128 (0x03935793) srli a5, t1, 0x39
x15 <- 0x0000000000000000
mem[X,0x000000008000012C] -> 0xE3B3
mem[X,0x000000008000012E] -> 0x00F3
[80] [M]: 0x000000008000012C (0x00F3E3B3) or t2, t2, a5
x7 <- 0x00000000003FBB6F
mem[X,0x0000000080000130] -> 0xD413
mem[X,0x0000000080000132] -> 0x0073
[81] [M]: 0x0000000080000130 (0x0073D413) srli fp, t2, 0x7
x8 <- 0x0000000000007F76
mem[X,0x0000000080000134] -> 0xD793
mem[X,0x0000000080000136] -> 0x0393
[82] [M]: 0x0000000080000134 (0x0393D793) srli a5, t2, 0x39
x15 <- 0x0000000000000000
mem[X,0x0000000080000138] -> 0x6433
mem[X,0x000000008000013A] -> 0x00F4
[83] [M]: 0x0000000080000138 (0x00F46433) or fp, fp, a5
x8 <- 0x0000000000007F76
mem[X,0x000000008000013C] -> 0x5493
mem[X,0x000000008000013E] -> 0x0074
[84] [M]: 0x000000008000013C (0x00745493) srli s1, fp, 0x7
x9 <- 0x00000000000000FE
mem[X,0x0000000080000140] -> 0x5793
mem[X,0x0000000080000142] -> 0x0394
[85] [M]: 0x0000000080000140 (0x03945793) srli a5, fp, 0x39
x15 <- 0x0000000000000000
mem[X,0x0000000080000144] -> 0xE4B3
mem[X,0x0000000080000146] -> 0x00F4
[86] [M]: 0x0000000080000144 (0x00F4E4B3) or s1, s1, a5
x9 <- 0x00000000000000FE
mem[X,0x0000000080000148] -> 0xD513
mem[X,0x000000008000014A] -> 0x0074
[87] [M]: 0x0000000080000148 (0x0074D513) srli a0, s1, 0x7
x10 <- 0x0000000000000001
mem[X,0x000000008000014C] -> 0xD793
mem[X,0x000000008000014E] -> 0x0394
[88] [M]: 0x000000008000014C (0x0394D793) srli a5, s1, 0x39
x15 <- 0x0000000000000000
mem[X,0x0000000080000150] -> 0x6533
mem[X,0x0000000080000152] -> 0x00F5
[89] [M]: 0x0000000080000150 (0x00F56533) or a0, a0, a5
x10 <- 0x0000000000000001
mem[X,0x0000000080000154] -> 0x5593
mem[X,0x0000000080000156] -> 0x0075
[90] [M]: 0x0000000080000154 (0x00755593) srli a1, a0, 0x7
x11 <- 0x0000000000000000
mem[X,0x0000000080000158] -> 0x5793
mem[X,0x000000008000015A] -> 0x0395
[91] [M]: 0x0000000080000158 (0x03955793) srli a5, a0, 0x39
x15 <- 0x0000000000000000
mem[X,0x000000008000015C] -> 0xE5B3
mem[X,0x000000008000015E] -> 0x00F5
[92] [M]: 0x000000008000015C (0x00F5E5B3) or a1, a1, a5
x11 <- 0x0000000000000000
mem[X,0x0000000080000160] -> 0xD613
mem[X,0x0000000080000162] -> 0x0075
[93] [M]: 0x0000000080000160 (0x0075D613) srli a2, a1, 0x7
x12 <- 0x0000000000000000
mem[X,0x0000000080000164] -> 0xD793
mem[X,0x0000000080000166] -> 0x0395
[94] [M]: 0x0000000080000164 (0x0395D793) srli a5, a1, 0x39
x15 <- 0x0000000000000000
mem[X,0x0000000080000168] -> 0x6633
mem[X,0x000000008000016A] -> 0x00F6
[95] [M]: 0x0000000080000168 (0x00F66633) or a2, a2, a5
x12 <- 0x0000000000000000
mem[X,0x000000008000016C] -> 0x5693
mem[X,0x000000008000016E] -> 0x0076
[96] [M]: 0x000000008000016C (0x00765693) srli a3, a2, 0x7
x13 <- 0x0000000000000000
mem[X,0x0000000080000170] -> 0x5793
mem[X,0x0000000080000172] -> 0x0396
[97] [M]: 0x0000000080000170 (0x03965793) srli a5, a2, 0x39
x15 <- 0x0000000000000000
mem[X,0x0000000080000174] -> 0xE6B3
mem[X,0x0000000080000176] -> 0x00F6
[98] [M]: 0x0000000080000174 (0x00F6E6B3) or a3, a3, a5
x13 <- 0x0000000000000000
mem[X,0x0000000080000178] -> 0x0013
mem[X,0x000000008000017A] -> 0x0000
[99] [M]: 0x0000000080000178 (0x00000013) addi zero, zero, 0x0
clint::tick mtime <- 0x0000000000000001
 clint timer pending at mtime 0x0000000000000001
htif::tick 0x0000000000000000
mem[X,0x000000008000017C] -> 0x0013
mem[X,0x000000008000017E] -> 0x0000
[100] [M]: 0x000000008000017C (0x00000013) addi zero, zero, 0x0
mem[X,0x0000000080000180] -> 0x4097
mem[X,0x0000000080000182] -> 0x0000
[101] [M]: 0x0000000080000180 (0x00004097) auipc ra, 0x4
x1 <- 0x0000000080004180
mem[X,0x0000000080000184] -> 0x8093
mem[X,0x0000000080000186] -> 0xF980
[102] [M]: 0x0000000080000184 (0xF9808093) addi ra, ra, -0x68
x1 <- 0x0000000080004118
mem[X,0x0000000080000188] -> 0x0013
mem[X,0x000000008000018A] -> 0x0000
[103] [M]: 0x0000000080000188 (0x00000013) addi zero, zero, 0x0
mem[X,0x000000008000018C] -> 0x0013
mem[X,0x000000008000018E] -> 0x0000
[104] [M]: 0x000000008000018C (0x00000013) addi zero, zero, 0x0
mem[X,0x0000000080000190] -> 0x0013
mem[X,0x0000000080000192] -> 0x0000
[105] [M]: 0x0000000080000190 (0x00000013) addi zero, zero, 0x0
mem[X,0x0000000080000194] -> 0x0013
mem[X,0x0000000080000196] -> 0x0000
[106] [M]: 0x0000000080000194 (0x00000013) addi zero, zero, 0x0
mem[X,0x0000000080000198] -> 0x0013
mem[X,0x000000008000019A] -> 0x0000
[107] [M]: 0x0000000080000198 (0x00000013) addi zero, zero, 0x0
mem[X,0x000000008000019C] -> 0x0013
mem[X,0x000000008000019E] -> 0x0000
[108] [M]: 0x000000008000019C (0x00000013) addi zero, zero, 0x0
mem[X,0x00000000800001A0] -> 0x0F13
mem[X,0x00000000800001A2] -> 0xBFF0
[109] [M]: 0x00000000800001A0 (0xBFF00F13) addi t5, zero, -0x401
x30 <- 0xFFFFFFFFFFFFFBFF
mem[X,0x00000000800001A4] -> 0xB023
mem[X,0x00000000800001A6] -> 0x01E0
[110] [M]: 0x00000000800001A4 (0x01E0B023) sd t5, 0x0(ra)
mem[0x0000000080004118] <- 0xFFFFFFFFFFFFFBFF
mem[X,0x00000000800001A8] -> 0x0F13
mem[X,0x00000000800001AA] -> 0xFFF0
[111] [M]: 0x00000000800001A8 (0xFFF00F13) addi t5, zero, -0x1
x30 <- 0xFFFFFFFFFFFFFFFF
mem[X,0x00000000800001AC] -> 0x1F13
mem[X,0x00000000800001AE] -> 0x03FF
[112] [M]: 0x00000000800001AC (0x03FF1F13) slli t5, t5, 0x3f
x30 <- 0x8000000000000000
mem[X,0x00000000800001B0] -> 0x8F93
mem[X,0x00000000800001B2] -> 0x0000
[113] [M]: 0x00000000800001B0 (0x00008F93) addi t6, ra, 0x0
x31 <- 0x0000000080004118
mem[X,0x00000000800001B4] -> 0xAFAF
mem[X,0x00000000800001B6] -> 0x61EF
[114] [M]: 0x00000000800001B4 (0x61EFAFAF) amoand.w t6, t5, (t6)
mem[RW,0x0000000080004118] -> 0xFFFFFBFF
mem[0x0000000080004118] <- 0x00000000
x31 <- 0xFFFFFFFFFFFFFBFF
mem[X,0x00000000800001B8] -> 0xB423
mem[X,0x00000000800001BA] -> 0x01F0
[115] [M]: 0x00000000800001B8 (0x01F0B423) sd t6, 0x8(ra)
mem[0x0000000080004120] <- 0xFFFFFFFFFFFFFBFF
mem[X,0x00000000800001BC] -> 0x0E93
mem[X,0x00000000800001BE] -> 0xBFF0
[116] [M]: 0x00000000800001BC (0xBFF00E93) addi t4, zero, -0x401
x29 <- 0xFFFFFFFFFFFFFBFF
mem[X,0x00000000800001C0] -> 0xB823
mem[X,0x00000000800001C2] -> 0x01D0
[117] [M]: 0x00000000800001C0 (0x01D0B823) sd t4, 0x10(ra)
mem[0x0000000080004128] <- 0xFFFFFFFFFFFFFBFF
mem[X,0x00000000800001C4] -> 0x0E93
mem[X,0x00000000800001C6] -> 0xFFF0
[118] [M]: 0x00000000800001C4 (0xFFF00E93) addi t4, zero, -0x1
x29 <- 0xFFFFFFFFFFFFFFFF
mem[X,0x00000000800001C8] -> 0xDE93
mem[X,0x00000000800001CA] -> 0x001E
[119] [M]: 0x00000000800001C8 (0x001EDE93) srli t4, t4, 0x1
x29 <- 0x7FFFFFFFFFFFFFFF
mem[X,0x00000000800001CC] -> 0x8F13
mem[X,0x00000000800001CE] -> 0x0100
[120] [M]: 0x00000000800001CC (0x01008F13) addi t5, ra, 0x10
x30 <- 0x0000000080004128
mem[X,0x00000000800001D0] -> 0x2EAF
mem[X,0x00000000800001D2] -> 0x61DF
[121] [M]: 0x00000000800001D0 (0x61DF2EAF) amoand.w t4, t4, (t5)
mem[RW,0x0000000080004128] -> 0xFFFFFBFF
mem[0x0000000080004128] <- 0xFFFFFBFF
x29 <- 0xFFFFFFFFFFFFFBFF
mem[X,0x00000000800001D4] -> 0xBC23
mem[X,0x00000000800001D6] -> 0x01D0
[122] [M]: 0x00000000800001D4 (0x01D0BC23) sd t4, 0x18(ra)
mem[0x0000000080004130] <- 0xFFFFFFFFFFFFFBFF
mem[X,0x00000000800001D8] -> 0x0F93
mem[X,0x00000000800001DA] -> 0xBFF0
[123] [M]: 0x00000000800001D8 (0xBFF00F93) addi t6, zero, -0x401
x31 <- 0xFFFFFFFFFFFFFBFF
mem[X,0x00000000800001DC] -> 0xB023
mem[X,0x00000000800001DE] -> 0x03F0
[124] [M]: 0x00000000800001DC (0x03F0B023) sd t6, 0x20(ra)
mem[0x0000000080004138] <- 0xFFFFFFFFFFFFFBFF
mem[X,0x00000000800001E0] -> 0x0F93
mem[X,0x00000000800001E2] -> 0x0000
[125] [M]: 0x00000000800001E0 (0x00000F93) addi t6, zero, 0x0
x31 <- 0x0000000000000000
mem[X,0x00000000800001E4] -> 0x8E93
mem[X,0x00000000800001E6] -> 0x0200
[126] [M]: 0x00000000800001E4 (0x02008E93) addi t4, ra, 0x20
x29 <- 0x0000000080004138
mem[X,0x00000000800001E8] -> 0xAF2F
mem[X,0x00000000800001EA] -> 0x61FE
[127] [M]: 0x00000000800001E8 (0x61FEAF2F) amoand.w t5, t6, (t4)
mem[RW,0x0000000080004138] -> 0xFFFFFBFF
mem[0x0000000080004138] <- 0x00000000
x30 <- 0xFFFFFFFFFFFFFBFF
mem[X,0x00000000800001EC] -> 0xB423
mem[X,0x00000000800001EE] -> 0x03E0
[128] [M]: 0x00000000800001EC (0x03E0B423) sd t5, 0x28(ra)
mem[0x0000000080004140] <- 0xFFFFFFFFFFFFFBFF
mem[X,0x00000000800001F0] -> 0x0D13
mem[X,0x00000000800001F2] -> 0xBFF0
[129] [M]: 0x00000000800001F0 (0xBFF00D13) addi s10, zero, -0x401
x26 <- 0xFFFFFFFFFFFFFBFF
mem[X,0x00000000800001F4] -> 0xB823
mem[X,0x00000000800001F6] -> 0x03A0
[130] [M]: 0x00000000800001F4 (0x03A0B823) sd s10, 0x30(ra)
mem[0x0000000080004148] <- 0xFFFFFFFFFFFFFBFF
mem[X,0x00000000800001F8] -> 0x0D13
mem[X,0x00000000800001FA] -> 0x0010
[131] [M]: 0x00000000800001F8 (0x00100D13) addi s10, zero, 0x1
x26 <- 0x0000000000000001
mem[X,0x00000000800001FC] -> 0x8E13
mem[X,0x00000000800001FE] -> 0x0300
[132] [M]: 0x00000000800001FC (0x03008E13) addi t3, ra, 0x30
x28 <- 0x0000000080004148
mem[X,0x0000000080000200] -> 0x2DAF
mem[X,0x0000000080000202] -> 0x61AE
[133] [M]: 0x0000000080000200 (0x61AE2DAF) amoand.w s11, s10, (t3)
mem[RW,0x0000000080004148] -> 0xFFFFFBFF
mem[0x0000000080004148] <- 0x00000001
x27 <- 0xFFFFFFFFFFFFFBFF
mem[X,0x0000000080000204] -> 0xBC23
mem[X,0x0000000080000206] -> 0x03B0
[134] [M]: 0x0000000080000204 (0x03B0BC23) sd s11, 0x38(ra)
mem[0x0000000080004150] <- 0xFFFFFFFFFFFFFBFF
mem[X,0x0000000080000208] -> 0x0E13
mem[X,0x000000008000020A] -> 0xBFF0
[135] [M]: 0x0000000080000208 (0xBFF00E13) addi t3, zero, -0x401
x28 <- 0xFFFFFFFFFFFFFBFF
mem[X,0x000000008000020C] -> 0xB023
mem[X,0x000000008000020E] -> 0x05C0
[136] [M]: 0x000000008000020C (0x05C0B023) sd t3, 0x40(ra)
mem[0x0000000080004158] <- 0xFFFFFFFFFFFFFBFF
mem[X,0x0000000080000210] -> 0x5E37
mem[X,0x0000000080000212] -> 0x5555
[137] [M]: 0x0000000080000210 (0x55555E37) lui t3, 0x55555
x28 <- 0x0000000055555000
mem[X,0x0000000080000214] -> 0x0E13
mem[X,0x0000000080000216] -> 0x555E
[138] [M]: 0x0000000080000214 (0x555E0E13) addi t3, t3, 0x555
x28 <- 0x0000000055555555
mem[X,0x0000000080000218] -> 0x1E13
mem[X,0x000000008000021A] -> 0x00BE
[139] [M]: 0x0000000080000218 (0x00BE1E13) slli t3, t3, 0xb
x28 <- 0x000002AAAAAAA800
mem[X,0x000000008000021C] -> 0x0E13
mem[X,0x000000008000021E] -> 0x2AAE
[140] [M]: 0x000000008000021C (0x2AAE0E13) addi t3, t3, 0x2aa
x28 <- 0x000002AAAAAAAAAA
mem[X,0x0000000080000220] -> 0x1E13
mem[X,0x0000000080000222] -> 0x00BE
[141] [M]: 0x0000000080000220 (0x00BE1E13) slli t3, t3, 0xb
x28 <- 0x0015555555555000
mem[X,0x0000000080000224] -> 0x0E13
mem[X,0x0000000080000226] -> 0x555E
[142] [M]: 0x0000000080000224 (0x555E0E13) addi t3, t3, 0x555
x28 <- 0x0015555555555555
mem[X,0x0000000080000228] -> 0x1E13
mem[X,0x000000008000022A] -> 0x00AE
[143] [M]: 0x0000000080000228 (0x00AE1E13) slli t3, t3, 0xa
x28 <- 0x5555555555555400
mem[X,0x000000008000022C] -> 0x0E13
mem[X,0x000000008000022E] -> 0x155E
[144] [M]: 0x000000008000022C (0x155E0E13) addi t3, t3, 0x155
x28 <- 0x5555555555555555
mem[X,0x0000000080000230] -> 0x8D93
mem[X,0x0000000080000232] -> 0x0400
[145] [M]: 0x0000000080000230 (0x04008D93) addi s11, ra, 0x40
x27 <- 0x0000000080004158
mem[X,0x0000000080000234] -> 0xAD2F
mem[X,0x0000000080000236] -> 0x61CD
[146] [M]: 0x0000000080000234 (0x61CDAD2F) amoand.w s10, t3, (s11)
mem[RW,0x0000000080004158] -> 0xFFFFFBFF
mem[0x0000000080004158] <- 0x55555155
x26 <- 0xFFFFFFFFFFFFFBFF
mem[X,0x0000000080000238] -> 0xB423
mem[X,0x000000008000023A] -> 0x05A0
[147] [M]: 0x0000000080000238 (0x05A0B423) sd s10, 0x48(ra)
mem[0x0000000080004160] <- 0xFFFFFFFFFFFFFBFF
mem[X,0x000000008000023C] -> 0x0D93
mem[X,0x000000008000023E] -> 0xBFF0
[148] [M]: 0x000000008000023C (0xBFF00D93) addi s11, zero, -0x401
x27 <- 0xFFFFFFFFFFFFFBFF
mem[X,0x0000000080000240] -> 0xB823
mem[X,0x0000000080000242] -> 0x05B0
[149] [M]: 0x0000000080000240 (0x05B0B823) sd s11, 0x50(ra)
mem[0x0000000080004168] <- 0xFFFFFFFFFFFFFBFF
mem[X,0x0000000080000244] -> 0xBDB7
mem[X,0x0000000080000246] -> 0xAAAA
[150] [M]: 0x0000000080000244 (0xAAAABDB7) lui s11, -0x55555
x27 <- 0xFFFFFFFFAAAAB000
mem[X,0x0000000080000248] -> 0x8D93
mem[X,0x000000008000024A] -> 0xAAAD
[151] [M]: 0x0000000080000248 (0xAAAD8D93) addi s11, s11, -0x556
x27 <- 0xFFFFFFFFAAAAAAAA
mem[X,0x000000008000024C] -> 0x9D93
mem[X,0x000000008000024E] -> 0x00BD
[152] [M]: 0x000000008000024C (0x00BD9D93) slli s11, s11, 0xb
x27 <- 0xFFFFFD5555555000
mem[X,0x0000000080000250] -> 0x8D93
mem[X,0x0000000080000252] -> 0x555D
[153] [M]: 0x0000000080000250 (0x555D8D93) addi s11, s11, 0x555
x27 <- 0xFFFFFD5555555555
mem[X,0x0000000080000254] -> 0x9D93
mem[X,0x0000000080000256] -> 0x00BD
[154] [M]: 0x0000000080000254 (0x00BD9D93) slli s11, s11, 0xb
x27 <- 0xFFEAAAAAAAAAA800
mem[X,0x0000000080000258] -> 0x8D93
mem[X,0x000000008000025A] -> 0x2AAD
[155] [M]: 0x0000000080000258 (0x2AAD8D93) addi s11, s11, 0x2aa
x27 <- 0xFFEAAAAAAAAAAAAA
mem[X,0x000000008000025C] -> 0x9D93
mem[X,0x000000008000025E] -> 0x00AD
[156] [M]: 0x000000008000025C (0x00AD9D93) slli s11, s11, 0xa
x27 <- 0xAAAAAAAAAAAAA800
mem[X,0x0000000080000260] -> 0x8D93
mem[X,0x0000000080000262] -> 0x2AAD
[157] [M]: 0x0000000080000260 (0x2AAD8D93) addi s11, s11, 0x2aa
x27 <- 0xAAAAAAAAAAAAAAAA
mem[X,0x0000000080000264] -> 0x8D13
mem[X,0x0000000080000266] -> 0x0500
[158] [M]: 0x0000000080000264 (0x05008D13) addi s10, ra, 0x50
x26 <- 0x0000000080004168
mem[X,0x0000000080000268] -> 0x2E2F
mem[X,0x000000008000026A] -> 0x61BD
[159] [M]: 0x0000000080000268 (0x61BD2E2F) amoand.w t3, s11, (s10)
mem[RW,0x0000000080004168] -> 0xFFFFFBFF
mem[0x0000000080004168] <- 0xAAAAAAAA
x28 <- 0xFFFFFFFFFFFFFBFF
mem[X,0x000000008000026C] -> 0xBC23
mem[X,0x000000008000026E] -> 0x05C0
[160] [M]: 0x000000008000026C (0x05C0BC23) sd t3, 0x58(ra)
mem[0x0000000080004170] <- 0xFFFFFFFFFFFFFBFF
mem[X,0x0000000080000270] -> 0x0B93
mem[X,0x0000000080000272] -> 0xBFF0
[161] [M]: 0x0000000080000270 (0xBFF00B93) addi s7, zero, -0x401
x23 <- 0xFFFFFFFFFFFFFBFF
mem[X,0x0000000080000274] -> 0xB023
mem[X,0x0000000080000276] -> 0x0770
[162] [M]: 0x0000000080000274 (0x0770B023) sd s7, 0x60(ra)
mem[0x0000000080004178] <- 0xFFFFFFFFFFFFFBFF
mem[X,0x0000000080000278] -> 0x0B93
mem[X,0x000000008000027A] -> 0x0020
[163] [M]: 0x0000000080000278 (0x00200B93) addi s7, zero, 0x2
x23 <- 0x0000000000000002
mem[X,0x000000008000027C] -> 0x8C93
mem[X,0x000000008000027E] -> 0x0600
[164] [M]: 0x000000008000027C (0x06008C93) addi s9, ra, 0x60
x25 <- 0x0000000080004178
mem[X,0x0000000080000280] -> 0xAC2F
mem[X,0x0000000080000282] -> 0x617C
[165] [M]: 0x0000000080000280 (0x617CAC2F) amoand.w s8, s7, (s9)
mem[RW,0x0000000080004178] -> 0xFFFFFBFF
mem[0x0000000080004178] <- 0x00000002
x24 <- 0xFFFFFFFFFFFFFBFF
mem[X,0x0000000080000284] -> 0xB423
mem[X,0x0000000080000286] -> 0x0780
[166] [M]: 0x0000000080000284 (0x0780B423) sd s8, 0x68(ra)
mem[0x0000000080004180] <- 0xFFFFFFFFFFFFFBFF
mem[X,0x0000000080000288] -> 0x0C93
mem[X,0x000000008000028A] -> 0xBFF0
[167] [M]: 0x0000000080000288 (0xBFF00C93) addi s9, zero, -0x401
x25 <- 0xFFFFFFFFFFFFFBFF
mem[X,0x000000008000028C] -> 0xB823
mem[X,0x000000008000028E] -> 0x0790
[168] [M]: 0x000000008000028C (0x0790B823) sd s9, 0x70(ra)
mem[0x0000000080004188] <- 0xFFFFFFFFFFFFFBFF
mem[X,0x0000000080000290] -> 0x0C93
mem[X,0x0000000080000292] -> 0xFFE0
[169] [M]: 0x0000000080000290 (0xFFE00C93) addi s9, zero, -0x2
x25 <- 0xFFFFFFFFFFFFFFFE
mem[X,0x0000000080000294] -> 0x8C13
mem[X,0x0000000080000296] -> 0x0700
[170] [M]: 0x0000000080000294 (0x07008C13) addi s8, ra, 0x70
x24 <- 0x0000000080004188
mem[X,0x0000000080000298] -> 0x2BAF
mem[X,0x000000008000029A] -> 0x619C
[171] [M]: 0x0000000080000298 (0x619C2BAF) amoand.w s7, s9, (s8)
mem[RW,0x0000000080004188] -> 0xFFFFFBFF
mem[0x0000000080004188] <- 0xFFFFFBFE
x23 <- 0xFFFFFFFFFFFFFBFF
mem[X,0x000000008000029C] -> 0xBC23
mem[X,0x000000008000029E] -> 0x0770
[172] [M]: 0x000000008000029C (0x0770BC23) sd s7, 0x78(ra)
mem[0x0000000080004190] <- 0xFFFFFFFFFFFFFBFF
mem[X,0x00000000800002A0] -> 0x0C13
mem[X,0x00000000800002A2] -> 0xBFF0
[173] [M]: 0x00000000800002A0 (0xBFF00C13) addi s8, zero, -0x401
x24 <- 0xFFFFFFFFFFFFFBFF
mem[X,0x00000000800002A4] -> 0xB023
mem[X,0x00000000800002A6] -> 0x0980
[174] [M]: 0x00000000800002A4 (0x0980B023) sd s8, 0x80(ra)
mem[0x0000000080004198] <- 0xFFFFFFFFFFFFFBFF
mem[X,0x00000000800002A8] -> 0x0C13
mem[X,0x00000000800002AA] -> 0xFFD0
[175] [M]: 0x00000000800002A8 (0xFFD00C13) addi s8, zero, -0x3
x24 <- 0xFFFFFFFFFFFFFFFD
mem[X,0x00000000800002AC] -> 0x8B93
mem[X,0x00000000800002AE] -> 0x0800
[176] [M]: 0x00000000800002AC (0x08008B93) addi s7, ra, 0x80
x23 <- 0x0000000080004198
mem[X,0x00000000800002B0] -> 0xACAF
mem[X,0x00000000800002B2] -> 0x618B
[177] [M]: 0x00000000800002B0 (0x618BACAF) amoand.w s9, s8, (s7)
mem[RW,0x0000000080004198] -> 0xFFFFFBFF
mem[0x0000000080004198] <- 0xFFFFFBFD
x25 <- 0xFFFFFFFFFFFFFBFF
mem[X,0x00000000800002B4] -> 0xB423
mem[X,0x00000000800002B6] -> 0x0990
[178] [M]: 0x00000000800002B4 (0x0990B423) sd s9, 0x88(ra)
mem[0x00000000800041A0] <- 0xFFFFFFFFFFFFFBFF
mem[X,0x00000000800002B8] -> 0x0A13
mem[X,0x00000000800002BA] -> 0xBFF0
[179] [M]: 0x00000000800002B8 (0xBFF00A13) addi s4, zero, -0x401
x20 <- 0xFFFFFFFFFFFFFBFF
mem[X,0x00000000800002BC] -> 0xB823
mem[X,0x00000000800002BE] -> 0x0940
[180] [M]: 0x00000000800002BC (0x0940B823) sd s4, 0x90(ra)
mem[0x00000000800041A8] <- 0xFFFFFFFFFFFFFBFF
mem[X,0x00000000800002C0] -> 0x0A13
mem[X,0x00000000800002C2] -> 0xFFB0
[181] [M]: 0x00000000800002C0 (0xFFB00A13) addi s4, zero, -0x5
x20 <- 0xFFFFFFFFFFFFFFFB
mem[X,0x00000000800002C4] -> 0x8B13
mem[X,0x00000000800002C6] -> 0x0900
[182] [M]: 0x00000000800002C4 (0x09008B13) addi s6, ra, 0x90
x22 <- 0x00000000800041A8
mem[X,0x00000000800002C8] -> 0x2AAF
mem[X,0x00000000800002CA] -> 0x614B
[183] [M]: 0x00000000800002C8 (0x614B2AAF) amoand.w s5, s4, (s6)
mem[RW,0x00000000800041A8] -> 0xFFFFFBFF
mem[0x00000000800041A8] <- 0xFFFFFBFB
x21 <- 0xFFFFFFFFFFFFFBFF
mem[X,0x00000000800002CC] -> 0xBC23
mem[X,0x00000000800002CE] -> 0x0950
[184] [M]: 0x00000000800002CC (0x0950BC23) sd s5, 0x98(ra)
mem[0x00000000800041B0] <- 0xFFFFFFFFFFFFFBFF
mem[X,0x00000000800002D0] -> 0x0B13
mem[X,0x00000000800002D2] -> 0xBFF0
[185] [M]: 0x00000000800002D0 (0xBFF00B13) addi s6, zero, -0x401
x22 <- 0xFFFFFFFFFFFFFBFF
mem[X,0x00000000800002D4] -> 0xB023
mem[X,0x00000000800002D6] -> 0x0B60
[186] [M]: 0x00000000800002D4 (0x0B60B023) sd s6, 0xa0(ra)
mem[0x00000000800041B8] <- 0xFFFFFFFFFFFFFBFF
mem[X,0x00000000800002D8] -> 0x0B13
mem[X,0x00000000800002DA] -> 0xFF70
[187] [M]: 0x00000000800002D8 (0xFF700B13) addi s6, zero, -0x9
x22 <- 0xFFFFFFFFFFFFFFF7
mem[X,0x00000000800002DC] -> 0x8A93
mem[X,0x00000000800002DE] -> 0x0A00
[188] [M]: 0x00000000800002DC (0x0A008A93) addi s5, ra, 0xa0
x21 <- 0x00000000800041B8
mem[X,0x00000000800002E0] -> 0xAA2F
mem[X,0x00000000800002E2] -> 0x616A
[189] [M]: 0x00000000800002E0 (0x616AAA2F) amoand.w s4, s6, (s5)
mem[RW,0x00000000800041B8] -> 0xFFFFFBFF
mem[0x00000000800041B8] <- 0xFFFFFBF7
x20 <- 0xFFFFFFFFFFFFFBFF
mem[X,0x00000000800002E4] -> 0xB423
mem[X,0x00000000800002E6] -> 0x0B40
[190] [M]: 0x00000000800002E4 (0x0B40B423) sd s4, 0xa8(ra)
mem[0x00000000800041C0] <- 0xFFFFFFFFFFFFFBFF
mem[X,0x00000000800002E8] -> 0x0A93
mem[X,0x00000000800002EA] -> 0xBFF0
[191] [M]: 0x00000000800002E8 (0xBFF00A93) addi s5, zero, -0x401
x21 <- 0xFFFFFFFFFFFFFBFF
mem[X,0x00000000800002EC] -> 0xB823
mem[X,0x00000000800002EE] -> 0x0B50
[192] [M]: 0x00000000800002EC (0x0B50B823) sd s5, 0xb0(ra)
mem[0x00000000800041C8] <- 0xFFFFFFFFFFFFFBFF
mem[X,0x00000000800002F0] -> 0x0A93
mem[X,0x00000000800002F2] -> 0xFEF0
[193] [M]: 0x00000000800002F0 (0xFEF00A93) addi s5, zero, -0x11
x21 <- 0xFFFFFFFFFFFFFFEF
mem[X,0x00000000800002F4] -> 0x8A13
mem[X,0x00000000800002F6] -> 0x0B00
[194] [M]: 0x00000000800002F4 (0x0B008A13) addi s4, ra, 0xb0
x20 <- 0x00000000800041C8
mem[X,0x00000000800002F8] -> 0x2B2F
mem[X,0x00000000800002FA] -> 0x615A
[195] [M]: 0x00000000800002F8 (0x615A2B2F) amoand.w s6, s5, (s4)
mem[RW,0x00000000800041C8] -> 0xFFFFFBFF
mem[0x00000000800041C8] <- 0xFFFFFBEF
x22 <- 0xFFFFFFFFFFFFFBFF
mem[X,0x00000000800002FC] -> 0xBC23
mem[X,0x00000000800002FE] -> 0x0B60
[196] [M]: 0x00000000800002FC (0x0B60BC23) sd s6, 0xb8(ra)
mem[0x00000000800041D0] <- 0xFFFFFFFFFFFFFBFF
mem[X,0x0000000080000300] -> 0x0893
mem[X,0x0000000080000302] -> 0xBFF0
[197] [M]: 0x0000000080000300 (0xBFF00893) addi a7, zero, -0x401
x17 <- 0xFFFFFFFFFFFFFBFF
mem[X,0x0000000080000304] -> 0xB023
mem[X,0x0000000080000306] -> 0x0D10
[198] [M]: 0x0000000080000304 (0x0D10B023) sd a7, 0xc0(ra)
mem[0x00000000800041D8] <- 0xFFFFFFFFFFFFFBFF
mem[X,0x0000000080000308] -> 0x0893
mem[X,0x000000008000030A] -> 0xFDF0
[199] [M]: 0x0000000080000308 (0xFDF00893) addi a7, zero, -0x21
x17 <- 0xFFFFFFFFFFFFFFDF
clint::tick mtime <- 0x0000000000000002
 clint timer pending at mtime 0x0000000000000002
htif::tick 0x0000000000000000
mem[X,0x000000008000030C] -> 0x8993
mem[X,0x000000008000030E] -> 0x0C00
[200] [M]: 0x000000008000030C (0x0C008993) addi s3, ra, 0xc0
x19 <- 0x00000000800041D8
mem[X,0x0000000080000310] -> 0xA92F
mem[X,0x0000000080000312] -> 0x6119
[201] [M]: 0x0000000080000310 (0x6119A92F) amoand.w s2, a7, (s3)
mem[RW,0x00000000800041D8] -> 0xFFFFFBFF
mem[0x00000000800041D8] <- 0xFFFFFBDF
x18 <- 0xFFFFFFFFFFFFFBFF
mem[X,0x0000000080000314] -> 0xB423
mem[X,0x0000000080000316] -> 0x0D20
[202] [M]: 0x0000000080000314 (0x0D20B423) sd s2, 0xc8(ra)
mem[0x00000000800041E0] <- 0xFFFFFFFFFFFFFBFF
mem[X,0x0000000080000318] -> 0x0993
mem[X,0x000000008000031A] -> 0xBFF0
[203] [M]: 0x0000000080000318 (0xBFF00993) addi s3, zero, -0x401
x19 <- 0xFFFFFFFFFFFFFBFF
mem[X,0x000000008000031C] -> 0xB823
mem[X,0x000000008000031E] -> 0x0D30
[204] [M]: 0x000000008000031C (0x0D30B823) sd s3, 0xd0(ra)
mem[0x00000000800041E8] <- 0xFFFFFFFFFFFFFBFF
mem[X,0x0000000080000320] -> 0x0993
mem[X,0x0000000080000322] -> 0xFBF0
[205] [M]: 0x0000000080000320 (0xFBF00993) addi s3, zero, -0x41
x19 <- 0xFFFFFFFFFFFFFFBF
mem[X,0x0000000080000324] -> 0x8913
mem[X,0x0000000080000326] -> 0x0D00
[206] [M]: 0x0000000080000324 (0x0D008913) addi s2, ra, 0xd0
x18 <- 0x00000000800041E8
mem[X,0x0000000080000328] -> 0x28AF
mem[X,0x000000008000032A] -> 0x6139
[207] [M]: 0x0000000080000328 (0x613928AF) amoand.w a7, s3, (s2)
mem[RW,0x00000000800041E8] -> 0xFFFFFBFF
mem[0x00000000800041E8] <- 0xFFFFFBBF
x17 <- 0xFFFFFFFFFFFFFBFF
mem[X,0x000000008000032C] -> 0xBC23
mem[X,0x000000008000032E] -> 0x0D10
[208] [M]: 0x000000008000032C (0x0D10BC23) sd a7, 0xd8(ra)
mem[0x00000000800041F0] <- 0xFFFFFFFFFFFFFBFF
mem[X,0x0000000080000330] -> 0x0913
mem[X,0x0000000080000332] -> 0xBFF0
[209] [M]: 0x0000000080000330 (0xBFF00913) addi s2, zero, -0x401
x18 <- 0xFFFFFFFFFFFFFBFF
mem[X,0x0000000080000334] -> 0xB023
mem[X,0x0000000080000336] -> 0x0F20
[210] [M]: 0x0000000080000334 (0x0F20B023) sd s2, 0xe0(ra)
mem[0x00000000800041F8] <- 0xFFFFFFFFFFFFFBFF
mem[X,0x0000000080000338] -> 0x0913
mem[X,0x000000008000033A] -> 0xF7F0
[211] [M]: 0x0000000080000338 (0xF7F00913) addi s2, zero, -0x81
x18 <- 0xFFFFFFFFFFFFFF7F
mem[X,0x000000008000033C] -> 0x8893
mem[X,0x000000008000033E] -> 0x0E00
[212] [M]: 0x000000008000033C (0x0E008893) addi a7, ra, 0xe0
x17 <- 0x00000000800041F8
mem[X,0x0000000080000340] -> 0xA9AF
mem[X,0x0000000080000342] -> 0x6128
[213] [M]: 0x0000000080000340 (0x6128A9AF) amoand.w s3, s2, (a7)
mem[RW,0x00000000800041F8] -> 0xFFFFFBFF
mem[0x00000000800041F8] <- 0xFFFFFB7F
x19 <- 0xFFFFFFFFFFFFFBFF
mem[X,0x0000000080000344] -> 0xB423
mem[X,0x0000000080000346] -> 0x0F30
[214] [M]: 0x0000000080000344 (0x0F30B423) sd s3, 0xe8(ra)
mem[0x0000000080004200] <- 0xFFFFFFFFFFFFFBFF
mem[X,0x0000000080000348] -> 0x0713
mem[X,0x000000008000034A] -> 0xBFF0
[215] [M]: 0x0000000080000348 (0xBFF00713) addi a4, zero, -0x401
x14 <- 0xFFFFFFFFFFFFFBFF
mem[X,0x000000008000034C] -> 0xB823
mem[X,0x000000008000034E] -> 0x0EE0
[216] [M]: 0x000000008000034C (0x0EE0B823) sd a4, 0xf0(ra)
mem[0x0000000080004208] <- 0xFFFFFFFFFFFFFBFF
mem[X,0x0000000080000350] -> 0x0713
mem[X,0x0000000080000352] -> 0xEFF0
[217] [M]: 0x0000000080000350 (0xEFF00713) addi a4, zero, -0x101
x14 <- 0xFFFFFFFFFFFFFEFF
mem[X,0x0000000080000354] -> 0x8813
mem[X,0x0000000080000356] -> 0x0F00
[218] [M]: 0x0000000080000354 (0x0F008813) addi a6, ra, 0xf0
x16 <- 0x0000000080004208
mem[X,0x0000000080000358] -> 0x27AF
mem[X,0x000000008000035A] -> 0x60E8
[219] [M]: 0x0000000080000358 (0x60E827AF) amoand.w a5, a4, (a6)
mem[RW,0x0000000080004208] -> 0xFFFFFBFF
mem[0x0000000080004208] <- 0xFFFFFAFF
x15 <- 0xFFFFFFFFFFFFFBFF
mem[X,0x000000008000035C] -> 0xBC23
mem[X,0x000000008000035E] -> 0x0EF0
[220] [M]: 0x000000008000035C (0x0EF0BC23) sd a5, 0xf8(ra)
mem[0x0000000080004210] <- 0xFFFFFFFFFFFFFBFF
mem[X,0x0000000080000360] -> 0x0813
mem[X,0x0000000080000362] -> 0xBFF0
[221] [M]: 0x0000000080000360 (0xBFF00813) addi a6, zero, -0x401
x16 <- 0xFFFFFFFFFFFFFBFF
mem[X,0x0000000080000364] -> 0xB023
mem[X,0x0000000080000366] -> 0x1100
[222] [M]: 0x0000000080000364 (0x1100B023) sd a6, 0x100(ra)
mem[0x0000000080004218] <- 0xFFFFFFFFFFFFFBFF
mem[X,0x0000000080000368] -> 0x0813
mem[X,0x000000008000036A] -> 0xDFF0
[223] [M]: 0x0000000080000368 (0xDFF00813) addi a6, zero, -0x201
x16 <- 0xFFFFFFFFFFFFFDFF
mem[X,0x000000008000036C] -> 0x8793
mem[X,0x000000008000036E] -> 0x1000
[224] [M]: 0x000000008000036C (0x10008793) addi a5, ra, 0x100
x15 <- 0x0000000080004218
mem[X,0x0000000080000370] -> 0xA72F
mem[X,0x0000000080000372] -> 0x6107
[225] [M]: 0x0000000080000370 (0x6107A72F) amoand.w a4, a6, (a5)
mem[RW,0x0000000080004218] -> 0xFFFFFBFF
mem[0x0000000080004218] <- 0xFFFFF9FF
x14 <- 0xFFFFFFFFFFFFFBFF
mem[X,0x0000000080000374] -> 0xB423
mem[X,0x0000000080000376] -> 0x10E0
[226] [M]: 0x0000000080000374 (0x10E0B423) sd a4, 0x108(ra)
mem[0x0000000080004220] <- 0xFFFFFFFFFFFFFBFF
mem[X,0x0000000080000378] -> 0x0793
mem[X,0x000000008000037A] -> 0xBFF0
[227] [M]: 0x0000000080000378 (0xBFF00793) addi a5, zero, -0x401
x15 <- 0xFFFFFFFFFFFFFBFF
mem[X,0x000000008000037C] -> 0xB823
mem[X,0x000000008000037E] -> 0x10F0
[228] [M]: 0x000000008000037C (0x10F0B823) sd a5, 0x110(ra)
mem[0x0000000080004228] <- 0xFFFFFFFFFFFFFBFF
mem[X,0x0000000080000380] -> 0x0793
mem[X,0x0000000080000382] -> 0xBFF0
[229] [M]: 0x0000000080000380 (0xBFF00793) addi a5, zero, -0x401
x15 <- 0xFFFFFFFFFFFFFBFF
mem[X,0x0000000080000384] -> 0x8713
mem[X,0x0000000080000386] -> 0x1100
[230] [M]: 0x0000000080000384 (0x11008713) addi a4, ra, 0x110
x14 <- 0x0000000080004228
mem[X,0x0000000080000388] -> 0x282F
mem[X,0x000000008000038A] -> 0x60F7
[231] [M]: 0x0000000080000388 (0x60F7282F) amoand.w a6, a5, (a4)
mem[RW,0x0000000080004228] -> 0xFFFFFBFF
mem[0x0000000080004228] <- 0xFFFFFBFF
x16 <- 0xFFFFFFFFFFFFFBFF
mem[X,0x000000008000038C] -> 0xBC23
mem[X,0x000000008000038E] -> 0x1100
[232] [M]: 0x000000008000038C (0x1100BC23) sd a6, 0x118(ra)
mem[0x0000000080004230] <- 0xFFFFFFFFFFFFFBFF
mem[X,0x0000000080000390] -> 0x0593
mem[X,0x0000000080000392] -> 0xBFF0
[233] [M]: 0x0000000080000390 (0xBFF00593) addi a1, zero, -0x401
x11 <- 0xFFFFFFFFFFFFFBFF
mem[X,0x0000000080000394] -> 0xB023
mem[X,0x0000000080000396] -> 0x12B0
[234] [M]: 0x0000000080000394 (0x12B0B023) sd a1, 0x120(ra)
mem[0x0000000080004238] <- 0xFFFFFFFFFFFFFBFF
mem[X,0x0000000080000398] -> 0x0593
mem[X,0x000000008000039A] -> 0x0010
[235] [M]: 0x0000000080000398 (0x00100593) addi a1, zero, 0x1
x11 <- 0x0000000000000001
mem[X,0x000000008000039C] -> 0x9593
mem[X,0x000000008000039E] -> 0x00B5
[236] [M]: 0x000000008000039C (0x00B59593) slli a1, a1, 0xb
x11 <- 0x0000000000000800
mem[X,0x00000000800003A0] -> 0xC593
mem[X,0x00000000800003A2] -> 0xFFF5
[237] [M]: 0x00000000800003A0 (0xFFF5C593) xori a1, a1, -0x1
x11 <- 0xFFFFFFFFFFFFF7FF
mem[X,0x00000000800003A4] -> 0x8693
mem[X,0x00000000800003A6] -> 0x1200
[238] [M]: 0x00000000800003A4 (0x12008693) addi a3, ra, 0x120
x13 <- 0x0000000080004238
mem[X,0x00000000800003A8] -> 0xA62F
mem[X,0x00000000800003AA] -> 0x60B6
[239] [M]: 0x00000000800003A8 (0x60B6A62F) amoand.w a2, a1, (a3)
mem[RW,0x0000000080004238] -> 0xFFFFFBFF
mem[0x0000000080004238] <- 0xFFFFF3FF
x12 <- 0xFFFFFFFFFFFFFBFF
mem[X,0x00000000800003AC] -> 0xB423
mem[X,0x00000000800003AE] -> 0x12C0
[240] [M]: 0x00000000800003AC (0x12C0B423) sd a2, 0x128(ra)
mem[0x0000000080004240] <- 0xFFFFFFFFFFFFFBFF
mem[X,0x00000000800003B0] -> 0x0693
mem[X,0x00000000800003B2] -> 0xBFF0
[241] [M]: 0x00000000800003B0 (0xBFF00693) addi a3, zero, -0x401
x13 <- 0xFFFFFFFFFFFFFBFF
mem[X,0x00000000800003B4] -> 0xB823
mem[X,0x00000000800003B6] -> 0x12D0
[242] [M]: 0x00000000800003B4 (0x12D0B823) sd a3, 0x130(ra)
mem[0x0000000080004248] <- 0xFFFFFFFFFFFFFBFF
mem[X,0x00000000800003B8] -> 0x0693
mem[X,0x00000000800003BA] -> 0x0010
[243] [M]: 0x00000000800003B8 (0x00100693) addi a3, zero, 0x1
x13 <- 0x0000000000000001
mem[X,0x00000000800003BC] -> 0x9693
mem[X,0x00000000800003BE] -> 0x00C6
[244] [M]: 0x00000000800003BC (0x00C69693) slli a3, a3, 0xc
x13 <- 0x0000000000001000
mem[X,0x00000000800003C0] -> 0xC693
mem[X,0x00000000800003C2] -> 0xFFF6
[245] [M]: 0x00000000800003C0 (0xFFF6C693) xori a3, a3, -0x1
x13 <- 0xFFFFFFFFFFFFEFFF
mem[X,0x00000000800003C4] -> 0x8613
mem[X,0x00000000800003C6] -> 0x1300
[246] [M]: 0x00000000800003C4 (0x13008613) addi a2, ra, 0x130
x12 <- 0x0000000080004248
mem[X,0x00000000800003C8] -> 0x25AF
mem[X,0x00000000800003CA] -> 0x60D6
[247] [M]: 0x00000000800003C8 (0x60D625AF) amoand.w a1, a3, (a2)
mem[RW,0x0000000080004248] -> 0xFFFFFBFF
mem[0x0000000080004248] <- 0xFFFFEBFF
x11 <- 0xFFFFFFFFFFFFFBFF
mem[X,0x00000000800003CC] -> 0xBC23
mem[X,0x00000000800003CE] -> 0x12B0
[248] [M]: 0x00000000800003CC (0x12B0BC23) sd a1, 0x138(ra)
mem[0x0000000080004250] <- 0xFFFFFFFFFFFFFBFF
mem[X,0x00000000800003D0] -> 0x0613
mem[X,0x00000000800003D2] -> 0xBFF0
[249] [M]: 0x00000000800003D0 (0xBFF00613) addi a2, zero, -0x401
x12 <- 0xFFFFFFFFFFFFFBFF
mem[X,0x00000000800003D4] -> 0xB023
mem[X,0x00000000800003D6] -> 0x14C0
[250] [M]: 0x00000000800003D4 (0x14C0B023) sd a2, 0x140(ra)
mem[0x0000000080004258] <- 0xFFFFFFFFFFFFFBFF
mem[X,0x00000000800003D8] -> 0x0613
mem[X,0x00000000800003DA] -> 0x0010
[251] [M]: 0x00000000800003D8 (0x00100613) addi a2, zero, 0x1
x12 <- 0x0000000000000001
mem[X,0x00000000800003DC] -> 0x1613
mem[X,0x00000000800003DE] -> 0x00D6
[252] [M]: 0x00000000800003DC (0x00D61613) slli a2, a2, 0xd
x12 <- 0x0000000000002000
mem[X,0x00000000800003E0] -> 0x4613
mem[X,0x00000000800003E2] -> 0xFFF6
[253] [M]: 0x00000000800003E0 (0xFFF64613) xori a2, a2, -0x1
x12 <- 0xFFFFFFFFFFFFDFFF
mem[X,0x00000000800003E4] -> 0x8593
mem[X,0x00000000800003E6] -> 0x1400
[254] [M]: 0x00000000800003E4 (0x14008593) addi a1, ra, 0x140
x11 <- 0x0000000080004258
mem[X,0x00000000800003E8] -> 0xA6AF
mem[X,0x00000000800003EA] -> 0x60C5
[255] [M]: 0x00000000800003E8 (0x60C5A6AF) amoand.w a3, a2, (a1)
mem[RW,0x0000000080004258] -> 0xFFFFFBFF
mem[0x0000000080004258] <- 0xFFFFDBFF
x13 <- 0xFFFFFFFFFFFFFBFF
mem[X,0x00000000800003EC] -> 0xB423
mem[X,0x00000000800003EE] -> 0x14D0
[256] [M]: 0x00000000800003EC (0x14D0B423) sd a3, 0x148(ra)
mem[0x0000000080004260] <- 0xFFFFFFFFFFFFFBFF
mem[X,0x00000000800003F0] -> 0x0413
mem[X,0x00000000800003F2] -> 0xBFF0
[257] [M]: 0x00000000800003F0 (0xBFF00413) addi fp, zero, -0x401
x8 <- 0xFFFFFFFFFFFFFBFF
mem[X,0x00000000800003F4] -> 0xB823
mem[X,0x00000000800003F6] -> 0x1480
[258] [M]: 0x00000000800003F4 (0x1480B823) sd fp, 0x150(ra)
mem[0x0000000080004268] <- 0xFFFFFFFFFFFFFBFF
mem[X,0x00000000800003F8] -> 0x0413
mem[X,0x00000000800003FA] -> 0x0010
[259] [M]: 0x00000000800003F8 (0x00100413) addi fp, zero, 0x1
x8 <- 0x0000000000000001
mem[X,0x00000000800003FC] -> 0x1413
mem[X,0x00000000800003FE] -> 0x00E4
[260] [M]: 0x00000000800003FC (0x00E41413) slli fp, fp, 0xe
x8 <- 0x0000000000004000
mem[X,0x0000000080000400] -> 0x4413
mem[X,0x0000000080000402] -> 0xFFF4
[261] [M]: 0x0000000080000400 (0xFFF44413) xori fp, fp, -0x1
x8 <- 0xFFFFFFFFFFFFBFFF
mem[X,0x0000000080000404] -> 0x8513
mem[X,0x0000000080000406] -> 0x1500
[262] [M]: 0x0000000080000404 (0x15008513) addi a0, ra, 0x150
x10 <- 0x0000000080004268
mem[X,0x0000000080000408] -> 0x24AF
mem[X,0x000000008000040A] -> 0x6085
[263] [M]: 0x0000000080000408 (0x608524AF) amoand.w s1, fp, (a0)
mem[RW,0x0000000080004268] -> 0xFFFFFBFF
mem[0x0000000080004268] <- 0xFFFFBBFF
x9 <- 0xFFFFFFFFFFFFFBFF
mem[X,0x000000008000040C] -> 0xBC23
mem[X,0x000000008000040E] -> 0x1490
[264] [M]: 0x000000008000040C (0x1490BC23) sd s1, 0x158(ra)
mem[0x0000000080004270] <- 0xFFFFFFFFFFFFFBFF
mem[X,0x0000000080000410] -> 0x0513
mem[X,0x0000000080000412] -> 0xBFF0
[265] [M]: 0x0000000080000410 (0xBFF00513) addi a0, zero, -0x401
x10 <- 0xFFFFFFFFFFFFFBFF
mem[X,0x0000000080000414] -> 0xB023
mem[X,0x0000000080000416] -> 0x16A0
[266] [M]: 0x0000000080000414 (0x16A0B023) sd a0, 0x160(ra)
mem[0x0000000080004278] <- 0xFFFFFFFFFFFFFBFF
mem[X,0x0000000080000418] -> 0x0513
mem[X,0x000000008000041A] -> 0x0010
[267] [M]: 0x0000000080000418 (0x00100513) addi a0, zero, 0x1
x10 <- 0x0000000000000001
mem[X,0x000000008000041C] -> 0x1513
mem[X,0x000000008000041E] -> 0x00F5
[268] [M]: 0x000000008000041C (0x00F51513) slli a0, a0, 0xf
x10 <- 0x0000000000008000
mem[X,0x0000000080000420] -> 0x4513
mem[X,0x0000000080000422] -> 0xFFF5
[269] [M]: 0x0000000080000420 (0xFFF54513) xori a0, a0, -0x1
x10 <- 0xFFFFFFFFFFFF7FFF
mem[X,0x0000000080000424] -> 0x8493
mem[X,0x0000000080000426] -> 0x1600
[270] [M]: 0x0000000080000424 (0x16008493) addi s1, ra, 0x160
x9 <- 0x0000000080004278
mem[X,0x0000000080000428] -> 0xA42F
mem[X,0x000000008000042A] -> 0x60A4
[271] [M]: 0x0000000080000428 (0x60A4A42F) amoand.w fp, a0, (s1)
mem[RW,0x0000000080004278] -> 0xFFFFFBFF
mem[0x0000000080004278] <- 0xFFFF7BFF
x8 <- 0xFFFFFFFFFFFFFBFF
mem[X,0x000000008000042C] -> 0xB423
mem[X,0x000000008000042E] -> 0x1680
[272] [M]: 0x000000008000042C (0x1680B423) sd fp, 0x168(ra)
mem[0x0000000080004280] <- 0xFFFFFFFFFFFFFBFF
mem[X,0x0000000080000430] -> 0x0493
mem[X,0x0000000080000432] -> 0xBFF0
[273] [M]: 0x0000000080000430 (0xBFF00493) addi s1, zero, -0x401
x9 <- 0xFFFFFFFFFFFFFBFF
mem[X,0x0000000080000434] -> 0xB823
mem[X,0x0000000080000436] -> 0x1690
[274] [M]: 0x0000000080000434 (0x1690B823) sd s1, 0x170(ra)
mem[0x0000000080004288] <- 0xFFFFFFFFFFFFFBFF
mem[X,0x0000000080000438] -> 0x0493
mem[X,0x000000008000043A] -> 0x0010
[275] [M]: 0x0000000080000438 (0x00100493) addi s1, zero, 0x1
x9 <- 0x0000000000000001
mem[X,0x000000008000043C] -> 0x9493
mem[X,0x000000008000043E] -> 0x0104
[276] [M]: 0x000000008000043C (0x01049493) slli s1, s1, 0x10
x9 <- 0x0000000000010000
mem[X,0x0000000080000440] -> 0xC493
mem[X,0x0000000080000442] -> 0xFFF4
[277] [M]: 0x0000000080000440 (0xFFF4C493) xori s1, s1, -0x1
x9 <- 0xFFFFFFFFFFFEFFFF
mem[X,0x0000000080000444] -> 0x8413
mem[X,0x0000000080000446] -> 0x1700
[278] [M]: 0x0000000080000444 (0x17008413) addi fp, ra, 0x170
x8 <- 0x0000000080004288
mem[X,0x0000000080000448] -> 0x252F
mem[X,0x000000008000044A] -> 0x6094
[279] [M]: 0x0000000080000448 (0x6094252F) amoand.w a0, s1, (fp)
mem[RW,0x0000000080004288] -> 0xFFFFFBFF
mem[0x0000000080004288] <- 0xFFFEFBFF
x10 <- 0xFFFFFFFFFFFFFBFF
mem[X,0x000000008000044C] -> 0xBC23
mem[X,0x000000008000044E] -> 0x16A0
[280] [M]: 0x000000008000044C (0x16A0BC23) sd a0, 0x178(ra)
mem[0x0000000080004290] <- 0xFFFFFFFFFFFFFBFF
mem[X,0x0000000080000450] -> 0x0293
mem[X,0x0000000080000452] -> 0xBFF0
[281] [M]: 0x0000000080000450 (0xBFF00293) addi t0, zero, -0x401
x5 <- 0xFFFFFFFFFFFFFBFF
mem[X,0x0000000080000454] -> 0xB023
mem[X,0x0000000080000456] -> 0x1850
[282] [M]: 0x0000000080000454 (0x1850B023) sd t0, 0x180(ra)
mem[0x0000000080004298] <- 0xFFFFFFFFFFFFFBFF
mem[X,0x0000000080000458] -> 0x0293
mem[X,0x000000008000045A] -> 0x0010
[283] [M]: 0x0000000080000458 (0x00100293) addi t0, zero, 0x1
x5 <- 0x0000000000000001
mem[X,0x000000008000045C] -> 0x9293
mem[X,0x000000008000045E] -> 0x0112
[284] [M]: 0x000000008000045C (0x01129293) slli t0, t0, 0x11
x5 <- 0x0000000000020000
mem[X,0x0000000080000460] -> 0xC293
mem[X,0x0000000080000462] -> 0xFFF2
[285] [M]: 0x0000000080000460 (0xFFF2C293) xori t0, t0, -0x1
x5 <- 0xFFFFFFFFFFFDFFFF
mem[X,0x0000000080000464] -> 0x8393
mem[X,0x0000000080000466] -> 0x1800
[286] [M]: 0x0000000080000464 (0x18008393) addi t2, ra, 0x180
x7 <- 0x0000000080004298
mem[X,0x0000000080000468] -> 0xA32F
mem[X,0x000000008000046A] -> 0x6053
[287] [M]: 0x0000000080000468 (0x6053A32F) amoand.w t1, t0, (t2)
mem[RW,0x0000000080004298] -> 0xFFFFFBFF
mem[0x0000000080004298] <- 0xFFFDFBFF
x6 <- 0xFFFFFFFFFFFFFBFF
mem[X,0x000000008000046C] -> 0xB423
mem[X,0x000000008000046E] -> 0x1860
[288] [M]: 0x000000008000046C (0x1860B423) sd t1, 0x188(ra)
mem[0x00000000800042A0] <- 0xFFFFFFFFFFFFFBFF
mem[X,0x0000000080000470] -> 0x0013
mem[X,0x0000000080000472] -> 0x0000
[289] [M]: 0x0000000080000470 (0x00000013) addi zero, zero, 0x0
mem[X,0x0000000080000474] -> 0x0013
mem[X,0x0000000080000476] -> 0x0000
[290] [M]: 0x0000000080000474 (0x00000013) addi zero, zero, 0x0
mem[X,0x0000000080000478] -> 0x0013
mem[X,0x000000008000047A] -> 0x0000
[291] [M]: 0x0000000080000478 (0x00000013) addi zero, zero, 0x0
mem[X,0x000000008000047C] -> 0x0013
mem[X,0x000000008000047E] -> 0x0000
[292] [M]: 0x000000008000047C (0x00000013) addi zero, zero, 0x0
mem[X,0x0000000080000480] -> 0x4417
mem[X,0x0000000080000482] -> 0x0000
[293] [M]: 0x0000000080000480 (0x00004417) auipc fp, 0x4
x8 <- 0x0000000080004480
mem[X,0x0000000080000484] -> 0x0413
mem[X,0x0000000080000486] -> 0xE284
[294] [M]: 0x0000000080000484 (0xE2840413) addi fp, fp, -0x1d8
x8 <- 0x00000000800042A8
mem[X,0x0000000080000488] -> 0x0013
mem[X,0x000000008000048A] -> 0x0000
[295] [M]: 0x0000000080000488 (0x00000013) addi zero, zero, 0x0
mem[X,0x000000008000048C] -> 0x0013
mem[X,0x000000008000048E] -> 0x0000
[296] [M]: 0x000000008000048C (0x00000013) addi zero, zero, 0x0
mem[X,0x0000000080000490] -> 0x0013
mem[X,0x0000000080000492] -> 0x0000
[297] [M]: 0x0000000080000490 (0x00000013) addi zero, zero, 0x0
mem[X,0x0000000080000494] -> 0x0013
mem[X,0x0000000080000496] -> 0x0000
[298] [M]: 0x0000000080000494 (0x00000013) addi zero, zero, 0x0
mem[X,0x0000000080000498] -> 0x0013
mem[X,0x000000008000049A] -> 0x0000
[299] [M]: 0x0000000080000498 (0x00000013) addi zero, zero, 0x0
clint::tick mtime <- 0x0000000000000003
 clint timer pending at mtime 0x0000000000000003
htif::tick 0x0000000000000000
mem[X,0x000000008000049C] -> 0x0013
mem[X,0x000000008000049E] -> 0x0000
[300] [M]: 0x000000008000049C (0x00000013) addi zero, zero, 0x0
mem[X,0x00000000800004A0] -> 0x0393
mem[X,0x00000000800004A2] -> 0xBFF0
[301] [M]: 0x00000000800004A0 (0xBFF00393) addi t2, zero, -0x401
x7 <- 0xFFFFFFFFFFFFFBFF
mem[X,0x00000000800004A4] -> 0x3023
mem[X,0x00000000800004A6] -> 0x0074
[302] [M]: 0x00000000800004A4 (0x00743023) sd t2, 0x0(fp)
mem[0x00000000800042A8] <- 0xFFFFFFFFFFFFFBFF
mem[X,0x00000000800004A8] -> 0x0393
mem[X,0x00000000800004AA] -> 0x0010
[303] [M]: 0x00000000800004A8 (0x00100393) addi t2, zero, 0x1
x7 <- 0x0000000000000001
mem[X,0x00000000800004AC] -> 0x9393
mem[X,0x00000000800004AE] -> 0x0123
[304] [M]: 0x00000000800004AC (0x01239393) slli t2, t2, 0x12
x7 <- 0x0000000000040000
mem[X,0x00000000800004B0] -> 0xC393
mem[X,0x00000000800004B2] -> 0xFFF3
[305] [M]: 0x00000000800004B0 (0xFFF3C393) xori t2, t2, -0x1
x7 <- 0xFFFFFFFFFFFBFFFF
mem[X,0x00000000800004B4] -> 0x0313
mem[X,0x00000000800004B6] -> 0x0004
[306] [M]: 0x00000000800004B4 (0x00040313) addi t1, fp, 0x0
x6 <- 0x00000000800042A8
mem[X,0x00000000800004B8] -> 0x22AF
mem[X,0x00000000800004BA] -> 0x6073
[307] [M]: 0x00000000800004B8 (0x607322AF) amoand.w t0, t2, (t1)
mem[RW,0x00000000800042A8] -> 0xFFFFFBFF
mem[0x00000000800042A8] <- 0xFFFBFBFF
x5 <- 0xFFFFFFFFFFFFFBFF
mem[X,0x00000000800004BC] -> 0x3423
mem[X,0x00000000800004BE] -> 0x0054
[308] [M]: 0x00000000800004BC (0x00543423) sd t0, 0x8(fp)
mem[0x00000000800042B0] <- 0xFFFFFFFFFFFFFBFF
mem[X,0x00000000800004C0] -> 0x0313
mem[X,0x00000000800004C2] -> 0xBFF0
[309] [M]: 0x00000000800004C0 (0xBFF00313) addi t1, zero, -0x401
x6 <- 0xFFFFFFFFFFFFFBFF
mem[X,0x00000000800004C4] -> 0x3823
mem[X,0x00000000800004C6] -> 0x0064
[310] [M]: 0x00000000800004C4 (0x00643823) sd t1, 0x10(fp)
mem[0x00000000800042B8] <- 0xFFFFFFFFFFFFFBFF
mem[X,0x00000000800004C8] -> 0x0313
mem[X,0x00000000800004CA] -> 0x0010
[311] [M]: 0x00000000800004C8 (0x00100313) addi t1, zero, 0x1
x6 <- 0x0000000000000001
mem[X,0x00000000800004CC] -> 0x1313
mem[X,0x00000000800004CE] -> 0x0133
[312] [M]: 0x00000000800004CC (0x01331313) slli t1, t1, 0x13
x6 <- 0x0000000000080000
mem[X,0x00000000800004D0] -> 0x4313
mem[X,0x00000000800004D2] -> 0xFFF3
[313] [M]: 0x00000000800004D0 (0xFFF34313) xori t1, t1, -0x1
x6 <- 0xFFFFFFFFFFF7FFFF
mem[X,0x00000000800004D4] -> 0x0293
mem[X,0x00000000800004D6] -> 0x0104
[314] [M]: 0x00000000800004D4 (0x01040293) addi t0, fp, 0x10
x5 <- 0x00000000800042B8
mem[X,0x00000000800004D8] -> 0xA3AF
mem[X,0x00000000800004DA] -> 0x6062
[315] [M]: 0x00000000800004D8 (0x6062A3AF) amoand.w t2, t1, (t0)
mem[RW,0x00000000800042B8] -> 0xFFFFFBFF
mem[0x00000000800042B8] <- 0xFFF7FBFF
x7 <- 0xFFFFFFFFFFFFFBFF
mem[X,0x00000000800004DC] -> 0x3C23
mem[X,0x00000000800004DE] -> 0x0074
[316] [M]: 0x00000000800004DC (0x00743C23) sd t2, 0x18(fp)
mem[0x00000000800042C0] <- 0xFFFFFFFFFFFFFBFF
mem[X,0x00000000800004E0] -> 0x0113
mem[X,0x00000000800004E2] -> 0xBFF0
[317] [M]: 0x00000000800004E0 (0xBFF00113) addi sp, zero, -0x401
x2 <- 0xFFFFFFFFFFFFFBFF
mem[X,0x00000000800004E4] -> 0x3023
mem[X,0x00000000800004E6] -> 0x0224
[318] [M]: 0x00000000800004E4 (0x02243023) sd sp, 0x20(fp)
mem[0x00000000800042C8] <- 0xFFFFFFFFFFFFFBFF
mem[X,0x00000000800004E8] -> 0x0113
mem[X,0x00000000800004EA] -> 0x0010
[319] [M]: 0x00000000800004E8 (0x00100113) addi sp, zero, 0x1
x2 <- 0x0000000000000001
mem[X,0x00000000800004EC] -> 0x1113
mem[X,0x00000000800004EE] -> 0x0141
[320] [M]: 0x00000000800004EC (0x01411113) slli sp, sp, 0x14
x2 <- 0x0000000000100000
mem[X,0x00000000800004F0] -> 0x4113
mem[X,0x00000000800004F2] -> 0xFFF1
[321] [M]: 0x00000000800004F0 (0xFFF14113) xori sp, sp, -0x1
x2 <- 0xFFFFFFFFFFEFFFFF
mem[X,0x00000000800004F4] -> 0x0213
mem[X,0x00000000800004F6] -> 0x0204
[322] [M]: 0x00000000800004F4 (0x02040213) addi tp, fp, 0x20
x4 <- 0x00000000800042C8
mem[X,0x00000000800004F8] -> 0x21AF
mem[X,0x00000000800004FA] -> 0x6022
[323] [M]: 0x00000000800004F8 (0x602221AF) amoand.w gp, sp, (tp)
mem[RW,0x00000000800042C8] -> 0xFFFFFBFF
mem[0x00000000800042C8] <- 0xFFEFFBFF
x3 <- 0xFFFFFFFFFFFFFBFF
mem[X,0x00000000800004FC] -> 0x3423
mem[X,0x00000000800004FE] -> 0x0234
[324] [M]: 0x00000000800004FC (0x02343423) sd gp, 0x28(fp)
mem[0x00000000800042D0] <- 0xFFFFFFFFFFFFFBFF
mem[X,0x0000000080000500] -> 0x0213
mem[X,0x0000000080000502] -> 0xBFF0
[325] [M]: 0x0000000080000500 (0xBFF00213) addi tp, zero, -0x401
x4 <- 0xFFFFFFFFFFFFFBFF
mem[X,0x0000000080000504] -> 0x3823
mem[X,0x0000000080000506] -> 0x0244
[326] [M]: 0x0000000080000504 (0x02443823) sd tp, 0x30(fp)
mem[0x00000000800042D8] <- 0xFFFFFFFFFFFFFBFF
mem[X,0x0000000080000508] -> 0x0213
mem[X,0x000000008000050A] -> 0x0010
[327] [M]: 0x0000000080000508 (0x00100213) addi tp, zero, 0x1
x4 <- 0x0000000000000001
mem[X,0x000000008000050C] -> 0x1213
mem[X,0x000000008000050E] -> 0x0152
[328] [M]: 0x000000008000050C (0x01521213) slli tp, tp, 0x15
x4 <- 0x0000000000200000
mem[X,0x0000000080000510] -> 0x4213
mem[X,0x0000000080000512] -> 0xFFF2
[329] [M]: 0x0000000080000510 (0xFFF24213) xori tp, tp, -0x1
x4 <- 0xFFFFFFFFFFDFFFFF
mem[X,0x0000000080000514] -> 0x0193
mem[X,0x0000000080000516] -> 0x0304
[330] [M]: 0x0000000080000514 (0x03040193) addi gp, fp, 0x30
x3 <- 0x00000000800042D8
mem[X,0x0000000080000518] -> 0xA12F
mem[X,0x000000008000051A] -> 0x6041
[331] [M]: 0x0000000080000518 (0x6041A12F) amoand.w sp, tp, (gp)
mem[RW,0x00000000800042D8] -> 0xFFFFFBFF
mem[0x00000000800042D8] <- 0xFFDFFBFF
x2 <- 0xFFFFFFFFFFFFFBFF
mem[X,0x000000008000051C] -> 0x3C23
mem[X,0x000000008000051E] -> 0x0224
[332] [M]: 0x000000008000051C (0x02243C23) sd sp, 0x38(fp)
mem[0x00000000800042E0] <- 0xFFFFFFFFFFFFFBFF
mem[X,0x0000000080000520] -> 0x0193
mem[X,0x0000000080000522] -> 0xBFF0
[333] [M]: 0x0000000080000520 (0xBFF00193) addi gp, zero, -0x401
x3 <- 0xFFFFFFFFFFFFFBFF
mem[X,0x0000000080000524] -> 0x3023
mem[X,0x0000000080000526] -> 0x0434
[334] [M]: 0x0000000080000524 (0x04343023) sd gp, 0x40(fp)
mem[0x00000000800042E8] <- 0xFFFFFFFFFFFFFBFF
mem[X,0x0000000080000528] -> 0x0193
mem[X,0x000000008000052A] -> 0x0010
[335] [M]: 0x0000000080000528 (0x00100193) addi gp, zero, 0x1
x3 <- 0x0000000000000001
mem[X,0x000000008000052C] -> 0x9193
mem[X,0x000000008000052E] -> 0x0161
[336] [M]: 0x000000008000052C (0x01619193) slli gp, gp, 0x16
x3 <- 0x0000000000400000
mem[X,0x0000000080000530] -> 0xC193
mem[X,0x0000000080000532] -> 0xFFF1
[337] [M]: 0x0000000080000530 (0xFFF1C193) xori gp, gp, -0x1
x3 <- 0xFFFFFFFFFFBFFFFF
mem[X,0x0000000080000534] -> 0x0113
mem[X,0x0000000080000536] -> 0x0404
[338] [M]: 0x0000000080000534 (0x04040113) addi sp, fp, 0x40
x2 <- 0x00000000800042E8
mem[X,0x0000000080000538] -> 0x222F
mem[X,0x000000008000053A] -> 0x6031
[339] [M]: 0x0000000080000538 (0x6031222F) amoand.w tp, gp, (sp)
mem[RW,0x00000000800042E8] -> 0xFFFFFBFF
mem[0x00000000800042E8] <- 0xFFBFFBFF
x4 <- 0xFFFFFFFFFFFFFBFF
mem[X,0x000000008000053C] -> 0x3423
mem[X,0x000000008000053E] -> 0x0444
[340] [M]: 0x000000008000053C (0x04443423) sd tp, 0x48(fp)
mem[0x00000000800042F0] <- 0xFFFFFFFFFFFFFBFF
mem[X,0x0000000080000540] -> 0x0F13
mem[X,0x0000000080000542] -> 0xBFF0
[341] [M]: 0x0000000080000540 (0xBFF00F13) addi t5, zero, -0x401
x30 <- 0xFFFFFFFFFFFFFBFF
mem[X,0x0000000080000544] -> 0x3823
mem[X,0x0000000080000546] -> 0x05E4
[342] [M]: 0x0000000080000544 (0x05E43823) sd t5, 0x50(fp)
mem[0x00000000800042F8] <- 0xFFFFFFFFFFFFFBFF
mem[X,0x0000000080000548] -> 0x0F13
mem[X,0x000000008000054A] -> 0x0010
[343] [M]: 0x0000000080000548 (0x00100F13) addi t5, zero, 0x1
x30 <- 0x0000000000000001
mem[X,0x000000008000054C] -> 0x1F13
mem[X,0x000000008000054E] -> 0x017F
[344] [M]: 0x000000008000054C (0x017F1F13) slli t5, t5, 0x17
x30 <- 0x0000000000800000
mem[X,0x0000000080000550] -> 0x4F13
mem[X,0x0000000080000552] -> 0xFFFF
[345] [M]: 0x0000000080000550 (0xFFFF4F13) xori t5, t5, -0x1
x30 <- 0xFFFFFFFFFF7FFFFF
mem[X,0x0000000080000554] -> 0x0093
mem[X,0x0000000080000556] -> 0x0504
[346] [M]: 0x0000000080000554 (0x05040093) addi ra, fp, 0x50
x1 <- 0x00000000800042F8
mem[X,0x0000000080000558] -> 0xAFAF
mem[X,0x000000008000055A] -> 0x61E0
[347] [M]: 0x0000000080000558 (0x61E0AFAF) amoand.w t6, t5, (ra)
mem[RW,0x00000000800042F8] -> 0xFFFFFBFF
mem[0x00000000800042F8] <- 0xFF7FFBFF
x31 <- 0xFFFFFFFFFFFFFBFF
mem[X,0x000000008000055C] -> 0x3C23
mem[X,0x000000008000055E] -> 0x05F4
[348] [M]: 0x000000008000055C (0x05F43C23) sd t6, 0x58(fp)
mem[0x0000000080004300] <- 0xFFFFFFFFFFFFFBFF
mem[X,0x0000000080000560] -> 0x0093
mem[X,0x0000000080000562] -> 0xBFF0
[349] [M]: 0x0000000080000560 (0xBFF00093) addi ra, zero, -0x401
x1 <- 0xFFFFFFFFFFFFFBFF
mem[X,0x0000000080000564] -> 0x3023
mem[X,0x0000000080000566] -> 0x0614
[350] [M]: 0x0000000080000564 (0x06143023) sd ra, 0x60(fp)
mem[0x0000000080004308] <- 0xFFFFFFFFFFFFFBFF
mem[X,0x0000000080000568] -> 0x0093
mem[X,0x000000008000056A] -> 0x0010
[351] [M]: 0x0000000080000568 (0x00100093) addi ra, zero, 0x1
x1 <- 0x0000000000000001
mem[X,0x000000008000056C] -> 0x9093
mem[X,0x000000008000056E] -> 0x0180
[352] [M]: 0x000000008000056C (0x01809093) slli ra, ra, 0x18
x1 <- 0x0000000001000000
mem[X,0x0000000080000570] -> 0xC093
mem[X,0x0000000080000572] -> 0xFFF0
[353] [M]: 0x0000000080000570 (0xFFF0C093) xori ra, ra, -0x1
x1 <- 0xFFFFFFFFFEFFFFFF
mem[X,0x0000000080000574] -> 0x0F13
mem[X,0x0000000080000576] -> 0x0604
[354] [M]: 0x0000000080000574 (0x06040F13) addi t5, fp, 0x60
x30 <- 0x0000000080004308
mem[X,0x0000000080000578] -> 0x2FAF
mem[X,0x000000008000057A] -> 0x601F
[355] [M]: 0x0000000080000578 (0x601F2FAF) amoand.w t6, ra, (t5)
mem[RW,0x0000000080004308] -> 0xFFFFFBFF
mem[0x0000000080004308] <- 0xFEFFFBFF
x31 <- 0xFFFFFFFFFFFFFBFF
mem[X,0x000000008000057C] -> 0x3423
mem[X,0x000000008000057E] -> 0x07F4
[356] [M]: 0x000000008000057C (0x07F43423) sd t6, 0x68(fp)
mem[0x0000000080004310] <- 0xFFFFFFFFFFFFFBFF
mem[X,0x0000000080000580] -> 0x0013
mem[X,0x0000000080000582] -> 0xBFF0
[357] [M]: 0x0000000080000580 (0xBFF00013) addi zero, zero, -0x401
mem[X,0x0000000080000584] -> 0x3823
mem[X,0x0000000080000586] -> 0x0604
[358] [M]: 0x0000000080000584 (0x06043823) sd zero, 0x70(fp)
mem[0x0000000080004318] <- 0x0000000000000000
mem[X,0x0000000080000588] -> 0x0013
mem[X,0x000000008000058A] -> 0x0000
[359] [M]: 0x0000000080000588 (0x00000013) addi zero, zero, 0x0
mem[X,0x000000008000058C] -> 0x0F13
mem[X,0x000000008000058E] -> 0x0704
[360] [M]: 0x000000008000058C (0x07040F13) addi t5, fp, 0x70
x30 <- 0x0000000080004318
mem[X,0x0000000080000590] -> 0x2FAF
mem[X,0x0000000080000592] -> 0x600F
[361] [M]: 0x0000000080000590 (0x600F2FAF) amoand.w t6, zero, (t5)
mem[RW,0x0000000080004318] -> 0x00000000
mem[0x0000000080004318] <- 0x00000000
x31 <- 0x0000000000000000
mem[X,0x0000000080000594] -> 0x3C23
mem[X,0x0000000080000596] -> 0x07F4
[362] [M]: 0x0000000080000594 (0x07F43C23) sd t6, 0x78(fp)
mem[0x0000000080004320] <- 0x0000000000000000
mem[X,0x0000000080000598] -> 0x0F13
mem[X,0x000000008000059A] -> 0xBFF0
[363] [M]: 0x0000000080000598 (0xBFF00F13) addi t5, zero, -0x401
x30 <- 0xFFFFFFFFFFFFFBFF
mem[X,0x000000008000059C] -> 0x3023
mem[X,0x000000008000059E] -> 0x09E4
[364] [M]: 0x000000008000059C (0x09E43023) sd t5, 0x80(fp)
mem[0x0000000080004328] <- 0xFFFFFFFFFFFFFBFF
mem[X,0x00000000800005A0] -> 0x0F13
mem[X,0x00000000800005A2] -> 0x0010
[365] [M]: 0x00000000800005A0 (0x00100F13) addi t5, zero, 0x1
x30 <- 0x0000000000000001
mem[X,0x00000000800005A4] -> 0x1F13
mem[X,0x00000000800005A6] -> 0x01AF
[366] [M]: 0x00000000800005A4 (0x01AF1F13) slli t5, t5, 0x1a
x30 <- 0x0000000004000000
mem[X,0x00000000800005A8] -> 0x4F13
mem[X,0x00000000800005AA] -> 0xFFFF
[367] [M]: 0x00000000800005A8 (0xFFFF4F13) xori t5, t5, -0x1
x30 <- 0xFFFFFFFFFBFFFFFF
mem[X,0x00000000800005AC] -> 0x0F93
mem[X,0x00000000800005AE] -> 0x0804
[368] [M]: 0x00000000800005AC (0x08040F93) addi t6, fp, 0x80
x31 <- 0x0000000080004328
mem[X,0x00000000800005B0] -> 0xA0AF
mem[X,0x00000000800005B2] -> 0x61EF
[369] [M]: 0x00000000800005B0 (0x61EFA0AF) amoand.w ra, t5, (t6)
mem[RW,0x0000000080004328] -> 0xFFFFFBFF
mem[0x0000000080004328] <- 0xFBFFFBFF
x1 <- 0xFFFFFFFFFFFFFBFF
mem[X,0x00000000800005B4] -> 0x3423
mem[X,0x00000000800005B6] -> 0x0814
[370] [M]: 0x00000000800005B4 (0x08143423) sd ra, 0x88(fp)
mem[0x0000000080004330] <- 0xFFFFFFFFFFFFFBFF
mem[X,0x00000000800005B8] -> 0x0F13
mem[X,0x00000000800005BA] -> 0xBFF0
[371] [M]: 0x00000000800005B8 (0xBFF00F13) addi t5, zero, -0x401
x30 <- 0xFFFFFFFFFFFFFBFF
mem[X,0x00000000800005BC] -> 0x3823
mem[X,0x00000000800005BE] -> 0x09E4
[372] [M]: 0x00000000800005BC (0x09E43823) sd t5, 0x90(fp)
mem[0x0000000080004338] <- 0xFFFFFFFFFFFFFBFF
mem[X,0x00000000800005C0] -> 0x0F13
mem[X,0x00000000800005C2] -> 0x0010
[373] [M]: 0x00000000800005C0 (0x00100F13) addi t5, zero, 0x1
x30 <- 0x0000000000000001
mem[X,0x00000000800005C4] -> 0x1F13
mem[X,0x00000000800005C6] -> 0x01BF
[374] [M]: 0x00000000800005C4 (0x01BF1F13) slli t5, t5, 0x1b
x30 <- 0x0000000008000000
mem[X,0x00000000800005C8] -> 0x4F13
mem[X,0x00000000800005CA] -> 0xFFFF
[375] [M]: 0x00000000800005C8 (0xFFFF4F13) xori t5, t5, -0x1
x30 <- 0xFFFFFFFFF7FFFFFF
mem[X,0x00000000800005CC] -> 0x0F93
mem[X,0x00000000800005CE] -> 0x0904
[376] [M]: 0x00000000800005CC (0x09040F93) addi t6, fp, 0x90
x31 <- 0x0000000080004338
mem[X,0x00000000800005D0] -> 0xA02F
mem[X,0x00000000800005D2] -> 0x61EF
[377] [M]: 0x00000000800005D0 (0x61EFA02F) amoand.w zero, t5, (t6)
mem[RW,0x0000000080004338] -> 0xFFFFFBFF
mem[0x0000000080004338] <- 0xF7FFFBFF
mem[X,0x00000000800005D4] -> 0x3C23
mem[X,0x00000000800005D6] -> 0x0804
[378] [M]: 0x00000000800005D4 (0x08043C23) sd zero, 0x98(fp)
mem[0x0000000080004340] <- 0x0000000000000000
mem[X,0x00000000800005D8] -> 0x0E93
mem[X,0x00000000800005DA] -> 0xBFF0
[379] [M]: 0x00000000800005D8 (0xBFF00E93) addi t4, zero, -0x401
x29 <- 0xFFFFFFFFFFFFFBFF
mem[X,0x00000000800005DC] -> 0x3023
mem[X,0x00000000800005DE] -> 0x0BD4
[380] [M]: 0x00000000800005DC (0x0BD43023) sd t4, 0xa0(fp)
mem[0x0000000080004348] <- 0xFFFFFFFFFFFFFBFF
mem[X,0x00000000800005E0] -> 0x0E93
mem[X,0x00000000800005E2] -> 0x0010
[381] [M]: 0x00000000800005E0 (0x00100E93) addi t4, zero, 0x1
x29 <- 0x0000000000000001
mem[X,0x00000000800005E4] -> 0x9E93
mem[X,0x00000000800005E6] -> 0x01CE
[382] [M]: 0x00000000800005E4 (0x01CE9E93) slli t4, t4, 0x1c
x29 <- 0x0000000010000000
mem[X,0x00000000800005E8] -> 0xCE93
mem[X,0x00000000800005EA] -> 0xFFFE
[383] [M]: 0x00000000800005E8 (0xFFFECE93) xori t4, t4, -0x1
x29 <- 0xFFFFFFFFEFFFFFFF
mem[X,0x00000000800005EC] -> 0x0F13
mem[X,0x00000000800005EE] -> 0x0A04
[384] [M]: 0x00000000800005EC (0x0A040F13) addi t5, fp, 0xa0
x30 <- 0x0000000080004348
mem[X,0x00000000800005F0] -> 0x2FAF
mem[X,0x00000000800005F2] -> 0x61DF
[385] [M]: 0x00000000800005F0 (0x61DF2FAF) amoand.w t6, t4, (t5)
mem[RW,0x0000000080004348] -> 0xFFFFFBFF
mem[0x0000000080004348] <- 0xEFFFFBFF
x31 <- 0xFFFFFFFFFFFFFBFF
mem[X,0x00000000800005F4] -> 0x3423
mem[X,0x00000000800005F6] -> 0x0BF4
[386] [M]: 0x00000000800005F4 (0x0BF43423) sd t6, 0xa8(fp)
mem[0x0000000080004350] <- 0xFFFFFFFFFFFFFBFF
mem[X,0x00000000800005F8] -> 0x0E93
mem[X,0x00000000800005FA] -> 0xBFF0
[387] [M]: 0x00000000800005F8 (0xBFF00E93) addi t4, zero, -0x401
x29 <- 0xFFFFFFFFFFFFFBFF
mem[X,0x00000000800005FC] -> 0x3823
mem[X,0x00000000800005FE] -> 0x0BD4
[388] [M]: 0x00000000800005FC (0x0BD43823) sd t4, 0xb0(fp)
mem[0x0000000080004358] <- 0xFFFFFFFFFFFFFBFF
mem[X,0x0000000080000600] -> 0x0E93
mem[X,0x0000000080000602] -> 0x0010
[389] [M]: 0x0000000080000600 (0x00100E93) addi t4, zero, 0x1
x29 <- 0x0000000000000001
mem[X,0x0000000080000604] -> 0x9E93
mem[X,0x0000000080000606] -> 0x01DE
[390] [M]: 0x0000000080000604 (0x01DE9E93) slli t4, t4, 0x1d
x29 <- 0x0000000020000000
mem[X,0x0000000080000608] -> 0xCE93
mem[X,0x000000008000060A] -> 0xFFFE
[391] [M]: 0x0000000080000608 (0xFFFECE93) xori t4, t4, -0x1
x29 <- 0xFFFFFFFFDFFFFFFF
mem[X,0x000000008000060C] -> 0x0F13
mem[X,0x000000008000060E] -> 0x0B04
[392] [M]: 0x000000008000060C (0x0B040F13) addi t5, fp, 0xb0
x30 <- 0x0000000080004358
mem[X,0x0000000080000610] -> 0x2FAF
mem[X,0x0000000080000612] -> 0x61DF
[393] [M]: 0x0000000080000610 (0x61DF2FAF) amoand.w t6, t4, (t5)
mem[RW,0x0000000080004358] -> 0xFFFFFBFF
mem[0x0000000080004358] <- 0xDFFFFBFF
x31 <- 0xFFFFFFFFFFFFFBFF
mem[X,0x0000000080000614] -> 0x3C23
mem[X,0x0000000080000616] -> 0x0BF4
[394] [M]: 0x0000000080000614 (0x0BF43C23) sd t6, 0xb8(fp)
mem[0x0000000080004360] <- 0xFFFFFFFFFFFFFBFF
mem[X,0x0000000080000618] -> 0x0E93
mem[X,0x000000008000061A] -> 0xBFF0
[395] [M]: 0x0000000080000618 (0xBFF00E93) addi t4, zero, -0x401
x29 <- 0xFFFFFFFFFFFFFBFF
mem[X,0x000000008000061C] -> 0x3023
mem[X,0x000000008000061E] -> 0x0DD4
[396] [M]: 0x000000008000061C (0x0DD43023) sd t4, 0xc0(fp)
mem[0x0000000080004368] <- 0xFFFFFFFFFFFFFBFF
mem[X,0x0000000080000620] -> 0x0E93
mem[X,0x0000000080000622] -> 0x0010
[397] [M]: 0x0000000080000620 (0x00100E93) addi t4, zero, 0x1
x29 <- 0x0000000000000001
mem[X,0x0000000080000624] -> 0x9E93
mem[X,0x0000000080000626] -> 0x01EE
[398] [M]: 0x0000000080000624 (0x01EE9E93) slli t4, t4, 0x1e
x29 <- 0x0000000040000000
mem[X,0x0000000080000628] -> 0xCE93
mem[X,0x000000008000062A] -> 0xFFFE
[399] [M]: 0x0000000080000628 (0xFFFECE93) xori t4, t4, -0x1
x29 <- 0xFFFFFFFFBFFFFFFF
clint::tick mtime <- 0x0000000000000004
 clint timer pending at mtime 0x0000000000000004
htif::tick 0x0000000000000000
mem[X,0x000000008000062C] -> 0x0F13
mem[X,0x000000008000062E] -> 0x0C04
[400] [M]: 0x000000008000062C (0x0C040F13) addi t5, fp, 0xc0
x30 <- 0x0000000080004368
mem[X,0x0000000080000630] -> 0x2FAF
mem[X,0x0000000080000632] -> 0x61DF
[401] [M]: 0x0000000080000630 (0x61DF2FAF) amoand.w t6, t4, (t5)
mem[RW,0x0000000080004368] -> 0xFFFFFBFF
mem[0x0000000080004368] <- 0xBFFFFBFF
x31 <- 0xFFFFFFFFFFFFFBFF
mem[X,0x0000000080000634] -> 0x3423
mem[X,0x0000000080000636] -> 0x0DF4
[402] [M]: 0x0000000080000634 (0x0DF43423) sd t6, 0xc8(fp)
mem[0x0000000080004370] <- 0xFFFFFFFFFFFFFBFF
mem[X,0x0000000080000638] -> 0x0E93
mem[X,0x000000008000063A] -> 0xBFF0
[403] [M]: 0x0000000080000638 (0xBFF00E93) addi t4, zero, -0x401
x29 <- 0xFFFFFFFFFFFFFBFF
mem[X,0x000000008000063C] -> 0x3823
mem[X,0x000000008000063E] -> 0x0DD4
[404] [M]: 0x000000008000063C (0x0DD43823) sd t4, 0xd0(fp)
mem[0x0000000080004378] <- 0xFFFFFFFFFFFFFBFF
mem[X,0x0000000080000640] -> 0x0E93
mem[X,0x0000000080000642] -> 0x0010
[405] [M]: 0x0000000080000640 (0x00100E93) addi t4, zero, 0x1
x29 <- 0x0000000000000001
mem[X,0x0000000080000644] -> 0x9E93
mem[X,0x0000000080000646] -> 0x01FE
[406] [M]: 0x0000000080000644 (0x01FE9E93) slli t4, t4, 0x1f
x29 <- 0x0000000080000000
mem[X,0x0000000080000648] -> 0xCE93
mem[X,0x000000008000064A] -> 0xFFFE
[407] [M]: 0x0000000080000648 (0xFFFECE93) xori t4, t4, -0x1
x29 <- 0xFFFFFFFF7FFFFFFF
mem[X,0x000000008000064C] -> 0x0F13
mem[X,0x000000008000064E] -> 0x0D04
[408] [M]: 0x000000008000064C (0x0D040F13) addi t5, fp, 0xd0
x30 <- 0x0000000080004378
mem[X,0x0000000080000650] -> 0x2FAF
mem[X,0x0000000080000652] -> 0x61DF
[409] [M]: 0x0000000080000650 (0x61DF2FAF) amoand.w t6, t4, (t5)
mem[RW,0x0000000080004378] -> 0xFFFFFBFF
mem[0x0000000080004378] <- 0x7FFFFBFF
x31 <- 0xFFFFFFFFFFFFFBFF
mem[X,0x0000000080000654] -> 0x3C23
mem[X,0x0000000080000656] -> 0x0DF4
[410] [M]: 0x0000000080000654 (0x0DF43C23) sd t6, 0xd8(fp)
mem[0x0000000080004380] <- 0xFFFFFFFFFFFFFBFF
mem[X,0x0000000080000658] -> 0x0E93
mem[X,0x000000008000065A] -> 0xBFF0
[411] [M]: 0x0000000080000658 (0xBFF00E93) addi t4, zero, -0x401
x29 <- 0xFFFFFFFFFFFFFBFF
mem[X,0x000000008000065C] -> 0x3023
mem[X,0x000000008000065E] -> 0x0FD4
[412] [M]: 0x000000008000065C (0x0FD43023) sd t4, 0xe0(fp)
mem[0x0000000080004388] <- 0xFFFFFFFFFFFFFBFF
mem[X,0x0000000080000660] -> 0x0E93
mem[X,0x0000000080000662] -> 0x0010
[413] [M]: 0x0000000080000660 (0x00100E93) addi t4, zero, 0x1
x29 <- 0x0000000000000001
mem[X,0x0000000080000664] -> 0x9E93
mem[X,0x0000000080000666] -> 0x020E
[414] [M]: 0x0000000080000664 (0x020E9E93) slli t4, t4, 0x20
x29 <- 0x0000000100000000
mem[X,0x0000000080000668] -> 0xCE93
mem[X,0x000000008000066A] -> 0xFFFE
[415] [M]: 0x0000000080000668 (0xFFFECE93) xori t4, t4, -0x1
x29 <- 0xFFFFFFFEFFFFFFFF
mem[X,0x000000008000066C] -> 0x0F13
mem[X,0x000000008000066E] -> 0x0E04
[416] [M]: 0x000000008000066C (0x0E040F13) addi t5, fp, 0xe0
x30 <- 0x0000000080004388
mem[X,0x0000000080000670] -> 0x2FAF
mem[X,0x0000000080000672] -> 0x61DF
[417] [M]: 0x0000000080000670 (0x61DF2FAF) amoand.w t6, t4, (t5)
mem[RW,0x0000000080004388] -> 0xFFFFFBFF
mem[0x0000000080004388] <- 0xFFFFFBFF
x31 <- 0xFFFFFFFFFFFFFBFF
mem[X,0x0000000080000674] -> 0x3423
mem[X,0x0000000080000676] -> 0x0FF4
[418] [M]: 0x0000000080000674 (0x0FF43423) sd t6, 0xe8(fp)
mem[0x0000000080004390] <- 0xFFFFFFFFFFFFFBFF
mem[X,0x0000000080000678] -> 0x0E93
mem[X,0x000000008000067A] -> 0xBFF0
[419] [M]: 0x0000000080000678 (0xBFF00E93) addi t4, zero, -0x401
x29 <- 0xFFFFFFFFFFFFFBFF
mem[X,0x000000008000067C] -> 0x3823
mem[X,0x000000008000067E] -> 0x0FD4
[420] [M]: 0x000000008000067C (0x0FD43823) sd t4, 0xf0(fp)
mem[0x0000000080004398] <- 0xFFFFFFFFFFFFFBFF
mem[X,0x0000000080000680] -> 0x0E93
mem[X,0x0000000080000682] -> 0x0010
[421] [M]: 0x0000000080000680 (0x00100E93) addi t4, zero, 0x1
x29 <- 0x0000000000000001
mem[X,0x0000000080000684] -> 0x9E93
mem[X,0x0000000080000686] -> 0x021E
[422] [M]: 0x0000000080000684 (0x021E9E93) slli t4, t4, 0x21
x29 <- 0x0000000200000000
mem[X,0x0000000080000688] -> 0xCE93
mem[X,0x000000008000068A] -> 0xFFFE
[423] [M]: 0x0000000080000688 (0xFFFECE93) xori t4, t4, -0x1
x29 <- 0xFFFFFFFDFFFFFFFF
mem[X,0x000000008000068C] -> 0x0F13
mem[X,0x000000008000068E] -> 0x0F04
[424] [M]: 0x000000008000068C (0x0F040F13) addi t5, fp, 0xf0
x30 <- 0x0000000080004398
mem[X,0x0000000080000690] -> 0x2FAF
mem[X,0x0000000080000692] -> 0x61DF
[425] [M]: 0x0000000080000690 (0x61DF2FAF) amoand.w t6, t4, (t5)
mem[RW,0x0000000080004398] -> 0xFFFFFBFF
mem[0x0000000080004398] <- 0xFFFFFBFF
x31 <- 0xFFFFFFFFFFFFFBFF
mem[X,0x0000000080000694] -> 0x3C23
mem[X,0x0000000080000696] -> 0x0FF4
[426] [M]: 0x0000000080000694 (0x0FF43C23) sd t6, 0xf8(fp)
mem[0x00000000800043A0] <- 0xFFFFFFFFFFFFFBFF
mem[X,0x0000000080000698] -> 0x0E93
mem[X,0x000000008000069A] -> 0xBFF0
[427] [M]: 0x0000000080000698 (0xBFF00E93) addi t4, zero, -0x401
x29 <- 0xFFFFFFFFFFFFFBFF
mem[X,0x000000008000069C] -> 0x3023
mem[X,0x000000008000069E] -> 0x11D4
[428] [M]: 0x000000008000069C (0x11D43023) sd t4, 0x100(fp)
mem[0x00000000800043A8] <- 0xFFFFFFFFFFFFFBFF
mem[X,0x00000000800006A0] -> 0x0E93
mem[X,0x00000000800006A2] -> 0x0010
[429] [M]: 0x00000000800006A0 (0x00100E93) addi t4, zero, 0x1
x29 <- 0x0000000000000001
mem[X,0x00000000800006A4] -> 0x9E93
mem[X,0x00000000800006A6] -> 0x022E
[430] [M]: 0x00000000800006A4 (0x022E9E93) slli t4, t4, 0x22
x29 <- 0x0000000400000000
mem[X,0x00000000800006A8] -> 0xCE93
mem[X,0x00000000800006AA] -> 0xFFFE
[431] [M]: 0x00000000800006A8 (0xFFFECE93) xori t4, t4, -0x1
x29 <- 0xFFFFFFFBFFFFFFFF
mem[X,0x00000000800006AC] -> 0x0F13
mem[X,0x00000000800006AE] -> 0x1004
[432] [M]: 0x00000000800006AC (0x10040F13) addi t5, fp, 0x100
x30 <- 0x00000000800043A8
mem[X,0x00000000800006B0] -> 0x2FAF
mem[X,0x00000000800006B2] -> 0x61DF
[433] [M]: 0x00000000800006B0 (0x61DF2FAF) amoand.w t6, t4, (t5)
mem[RW,0x00000000800043A8] -> 0xFFFFFBFF
mem[0x00000000800043A8] <- 0xFFFFFBFF
x31 <- 0xFFFFFFFFFFFFFBFF
mem[X,0x00000000800006B4] -> 0x3423
mem[X,0x00000000800006B6] -> 0x11F4
[434] [M]: 0x00000000800006B4 (0x11F43423) sd t6, 0x108(fp)
mem[0x00000000800043B0] <- 0xFFFFFFFFFFFFFBFF
mem[X,0x00000000800006B8] -> 0x0E93
mem[X,0x00000000800006BA] -> 0xBFF0
[435] [M]: 0x00000000800006B8 (0xBFF00E93) addi t4, zero, -0x401
x29 <- 0xFFFFFFFFFFFFFBFF
mem[X,0x00000000800006BC] -> 0x3823
mem[X,0x00000000800006BE] -> 0x11D4
[436] [M]: 0x00000000800006BC (0x11D43823) sd t4, 0x110(fp)
mem[0x00000000800043B8] <- 0xFFFFFFFFFFFFFBFF
mem[X,0x00000000800006C0] -> 0x0E93
mem[X,0x00000000800006C2] -> 0x0010
[437] [M]: 0x00000000800006C0 (0x00100E93) addi t4, zero, 0x1
x29 <- 0x0000000000000001
mem[X,0x00000000800006C4] -> 0x9E93
mem[X,0x00000000800006C6] -> 0x023E
[438] [M]: 0x00000000800006C4 (0x023E9E93) slli t4, t4, 0x23
x29 <- 0x0000000800000000
mem[X,0x00000000800006C8] -> 0xCE93
mem[X,0x00000000800006CA] -> 0xFFFE
[439] [M]: 0x00000000800006C8 (0xFFFECE93) xori t4, t4, -0x1
x29 <- 0xFFFFFFF7FFFFFFFF
mem[X,0x00000000800006CC] -> 0x0F13
mem[X,0x00000000800006CE] -> 0x1104
[440] [M]: 0x00000000800006CC (0x11040F13) addi t5, fp, 0x110
x30 <- 0x00000000800043B8
mem[X,0x00000000800006D0] -> 0x2FAF
mem[X,0x00000000800006D2] -> 0x61DF
[441] [M]: 0x00000000800006D0 (0x61DF2FAF) amoand.w t6, t4, (t5)
mem[RW,0x00000000800043B8] -> 0xFFFFFBFF
mem[0x00000000800043B8] <- 0xFFFFFBFF
x31 <- 0xFFFFFFFFFFFFFBFF
mem[X,0x00000000800006D4] -> 0x3C23
mem[X,0x00000000800006D6] -> 0x11F4
[442] [M]: 0x00000000800006D4 (0x11F43C23) sd t6, 0x118(fp)
mem[0x00000000800043C0] <- 0xFFFFFFFFFFFFFBFF
mem[X,0x00000000800006D8] -> 0x0E93
mem[X,0x00000000800006DA] -> 0xBFF0
[443] [M]: 0x00000000800006D8 (0xBFF00E93) addi t4, zero, -0x401
x29 <- 0xFFFFFFFFFFFFFBFF
mem[X,0x00000000800006DC] -> 0x3023
mem[X,0x00000000800006DE] -> 0x13D4
[444] [M]: 0x00000000800006DC (0x13D43023) sd t4, 0x120(fp)
mem[0x00000000800043C8] <- 0xFFFFFFFFFFFFFBFF
mem[X,0x00000000800006E0] -> 0x0E93
mem[X,0x00000000800006E2] -> 0x0010
[445] [M]: 0x00000000800006E0 (0x00100E93) addi t4, zero, 0x1
x29 <- 0x0000000000000001
mem[X,0x00000000800006E4] -> 0x9E93
mem[X,0x00000000800006E6] -> 0x024E
[446] [M]: 0x00000000800006E4 (0x024E9E93) slli t4, t4, 0x24
x29 <- 0x0000001000000000
mem[X,0x00000000800006E8] -> 0xCE93
mem[X,0x00000000800006EA] -> 0xFFFE
[447] [M]: 0x00000000800006E8 (0xFFFECE93) xori t4, t4, -0x1
x29 <- 0xFFFFFFEFFFFFFFFF
mem[X,0x00000000800006EC] -> 0x0F13
mem[X,0x00000000800006EE] -> 0x1204
[448] [M]: 0x00000000800006EC (0x12040F13) addi t5, fp, 0x120
x30 <- 0x00000000800043C8
mem[X,0x00000000800006F0] -> 0x2FAF
mem[X,0x00000000800006F2] -> 0x61DF
[449] [M]: 0x00000000800006F0 (0x61DF2FAF) amoand.w t6, t4, (t5)
mem[RW,0x00000000800043C8] -> 0xFFFFFBFF
mem[0x00000000800043C8] <- 0xFFFFFBFF
x31 <- 0xFFFFFFFFFFFFFBFF
mem[X,0x00000000800006F4] -> 0x3423
mem[X,0x00000000800006F6] -> 0x13F4
[450] [M]: 0x00000000800006F4 (0x13F43423) sd t6, 0x128(fp)
mem[0x00000000800043D0] <- 0xFFFFFFFFFFFFFBFF
mem[X,0x00000000800006F8] -> 0x0E93
mem[X,0x00000000800006FA] -> 0xBFF0
[451] [M]: 0x00000000800006F8 (0xBFF00E93) addi t4, zero, -0x401
x29 <- 0xFFFFFFFFFFFFFBFF
mem[X,0x00000000800006FC] -> 0x3823
mem[X,0x00000000800006FE] -> 0x13D4
[452] [M]: 0x00000000800006FC (0x13D43823) sd t4, 0x130(fp)
mem[0x00000000800043D8] <- 0xFFFFFFFFFFFFFBFF
mem[X,0x0000000080000700] -> 0x0E93
mem[X,0x0000000080000702] -> 0x0010
[453] [M]: 0x0000000080000700 (0x00100E93) addi t4, zero, 0x1
x29 <- 0x0000000000000001
mem[X,0x0000000080000704] -> 0x9E93
mem[X,0x0000000080000706] -> 0x025E
[454] [M]: 0x0000000080000704 (0x025E9E93) slli t4, t4, 0x25
x29 <- 0x0000002000000000
mem[X,0x0000000080000708] -> 0xCE93
mem[X,0x000000008000070A] -> 0xFFFE
[455] [M]: 0x0000000080000708 (0xFFFECE93) xori t4, t4, -0x1
x29 <- 0xFFFFFFDFFFFFFFFF
mem[X,0x000000008000070C] -> 0x0F13
mem[X,0x000000008000070E] -> 0x1304
[456] [M]: 0x000000008000070C (0x13040F13) addi t5, fp, 0x130
x30 <- 0x00000000800043D8
mem[X,0x0000000080000710] -> 0x2FAF
mem[X,0x0000000080000712] -> 0x61DF
[457] [M]: 0x0000000080000710 (0x61DF2FAF) amoand.w t6, t4, (t5)
mem[RW,0x00000000800043D8] -> 0xFFFFFBFF
mem[0x00000000800043D8] <- 0xFFFFFBFF
x31 <- 0xFFFFFFFFFFFFFBFF
mem[X,0x0000000080000714] -> 0x3C23
mem[X,0x0000000080000716] -> 0x13F4
[458] [M]: 0x0000000080000714 (0x13F43C23) sd t6, 0x138(fp)
mem[0x00000000800043E0] <- 0xFFFFFFFFFFFFFBFF
mem[X,0x0000000080000718] -> 0x0E93
mem[X,0x000000008000071A] -> 0xBFF0
[459] [M]: 0x0000000080000718 (0xBFF00E93) addi t4, zero, -0x401
x29 <- 0xFFFFFFFFFFFFFBFF
mem[X,0x000000008000071C] -> 0x3023
mem[X,0x000000008000071E] -> 0x15D4
[460] [M]: 0x000000008000071C (0x15D43023) sd t4, 0x140(fp)
mem[0x00000000800043E8] <- 0xFFFFFFFFFFFFFBFF
mem[X,0x0000000080000720] -> 0x0E93
mem[X,0x0000000080000722] -> 0x0010
[461] [M]: 0x0000000080000720 (0x00100E93) addi t4, zero, 0x1
x29 <- 0x0000000000000001
mem[X,0x0000000080000724] -> 0x9E93
mem[X,0x0000000080000726] -> 0x026E
[462] [M]: 0x0000000080000724 (0x026E9E93) slli t4, t4, 0x26
x29 <- 0x0000004000000000
mem[X,0x0000000080000728] -> 0xCE93
mem[X,0x000000008000072A] -> 0xFFFE
[463] [M]: 0x0000000080000728 (0xFFFECE93) xori t4, t4, -0x1
x29 <- 0xFFFFFFBFFFFFFFFF
mem[X,0x000000008000072C] -> 0x0F13
mem[X,0x000000008000072E] -> 0x1404
[464] [M]: 0x000000008000072C (0x14040F13) addi t5, fp, 0x140
x30 <- 0x00000000800043E8
mem[X,0x0000000080000730] -> 0x2FAF
mem[X,0x0000000080000732] -> 0x61DF
[465] [M]: 0x0000000080000730 (0x61DF2FAF) amoand.w t6, t4, (t5)
mem[RW,0x00000000800043E8] -> 0xFFFFFBFF
mem[0x00000000800043E8] <- 0xFFFFFBFF
x31 <- 0xFFFFFFFFFFFFFBFF
mem[X,0x0000000080000734] -> 0x3423
mem[X,0x0000000080000736] -> 0x15F4
[466] [M]: 0x0000000080000734 (0x15F43423) sd t6, 0x148(fp)
mem[0x00000000800043F0] <- 0xFFFFFFFFFFFFFBFF
mem[X,0x0000000080000738] -> 0x0E93
mem[X,0x000000008000073A] -> 0xBFF0
[467] [M]: 0x0000000080000738 (0xBFF00E93) addi t4, zero, -0x401
x29 <- 0xFFFFFFFFFFFFFBFF
mem[X,0x000000008000073C] -> 0x3823
mem[X,0x000000008000073E] -> 0x15D4
[468] [M]: 0x000000008000073C (0x15D43823) sd t4, 0x150(fp)
mem[0x00000000800043F8] <- 0xFFFFFFFFFFFFFBFF
mem[X,0x0000000080000740] -> 0x0E93
mem[X,0x0000000080000742] -> 0x0010
[469] [M]: 0x0000000080000740 (0x00100E93) addi t4, zero, 0x1
x29 <- 0x0000000000000001
mem[X,0x0000000080000744] -> 0x9E93
mem[X,0x0000000080000746] -> 0x027E
[470] [M]: 0x0000000080000744 (0x027E9E93) slli t4, t4, 0x27
x29 <- 0x0000008000000000
mem[X,0x0000000080000748] -> 0xCE93
mem[X,0x000000008000074A] -> 0xFFFE
[471] [M]: 0x0000000080000748 (0xFFFECE93) xori t4, t4, -0x1
x29 <- 0xFFFFFF7FFFFFFFFF
mem[X,0x000000008000074C] -> 0x0F13
mem[X,0x000000008000074E] -> 0x1504
[472] [M]: 0x000000008000074C (0x15040F13) addi t5, fp, 0x150
x30 <- 0x00000000800043F8
mem[X,0x0000000080000750] -> 0x2FAF
mem[X,0x0000000080000752] -> 0x61DF
[473] [M]: 0x0000000080000750 (0x61DF2FAF) amoand.w t6, t4, (t5)
mem[RW,0x00000000800043F8] -> 0xFFFFFBFF
mem[0x00000000800043F8] <- 0xFFFFFBFF
x31 <- 0xFFFFFFFFFFFFFBFF
mem[X,0x0000000080000754] -> 0x3C23
mem[X,0x0000000080000756] -> 0x15F4
[474] [M]: 0x0000000080000754 (0x15F43C23) sd t6, 0x158(fp)
mem[0x0000000080004400] <- 0xFFFFFFFFFFFFFBFF
mem[X,0x0000000080000758] -> 0x0E93
mem[X,0x000000008000075A] -> 0xBFF0
[475] [M]: 0x0000000080000758 (0xBFF00E93) addi t4, zero, -0x401
x29 <- 0xFFFFFFFFFFFFFBFF
mem[X,0x000000008000075C] -> 0x3023
mem[X,0x000000008000075E] -> 0x17D4
[476] [M]: 0x000000008000075C (0x17D43023) sd t4, 0x160(fp)
mem[0x0000000080004408] <- 0xFFFFFFFFFFFFFBFF
mem[X,0x0000000080000760] -> 0x0E93
mem[X,0x0000000080000762] -> 0x0010
[477] [M]: 0x0000000080000760 (0x00100E93) addi t4, zero, 0x1
x29 <- 0x0000000000000001
mem[X,0x0000000080000764] -> 0x9E93
mem[X,0x0000000080000766] -> 0x028E
[478] [M]: 0x0000000080000764 (0x028E9E93) slli t4, t4, 0x28
x29 <- 0x0000010000000000
mem[X,0x0000000080000768] -> 0xCE93
mem[X,0x000000008000076A] -> 0xFFFE
[479] [M]: 0x0000000080000768 (0xFFFECE93) xori t4, t4, -0x1
x29 <- 0xFFFFFEFFFFFFFFFF
mem[X,0x000000008000076C] -> 0x0F13
mem[X,0x000000008000076E] -> 0x1604
[480] [M]: 0x000000008000076C (0x16040F13) addi t5, fp, 0x160
x30 <- 0x0000000080004408
mem[X,0x0000000080000770] -> 0x2FAF
mem[X,0x0000000080000772] -> 0x61DF
[481] [M]: 0x0000000080000770 (0x61DF2FAF) amoand.w t6, t4, (t5)
mem[RW,0x0000000080004408] -> 0xFFFFFBFF
mem[0x0000000080004408] <- 0xFFFFFBFF
x31 <- 0xFFFFFFFFFFFFFBFF
mem[X,0x0000000080000774] -> 0x3423
mem[X,0x0000000080000776] -> 0x17F4
[482] [M]: 0x0000000080000774 (0x17F43423) sd t6, 0x168(fp)
mem[0x0000000080004410] <- 0xFFFFFFFFFFFFFBFF
mem[X,0x0000000080000778] -> 0x0E93
mem[X,0x000000008000077A] -> 0xBFF0
[483] [M]: 0x0000000080000778 (0xBFF00E93) addi t4, zero, -0x401
x29 <- 0xFFFFFFFFFFFFFBFF
mem[X,0x000000008000077C] -> 0x3823
mem[X,0x000000008000077E] -> 0x17D4
[484] [M]: 0x000000008000077C (0x17D43823) sd t4, 0x170(fp)
mem[0x0000000080004418] <- 0xFFFFFFFFFFFFFBFF
mem[X,0x0000000080000780] -> 0x0E93
mem[X,0x0000000080000782] -> 0x0010
[485] [M]: 0x0000000080000780 (0x00100E93) addi t4, zero, 0x1
x29 <- 0x0000000000000001
mem[X,0x0000000080000784] -> 0x9E93
mem[X,0x0000000080000786] -> 0x029E
[486] [M]: 0x0000000080000784 (0x029E9E93) slli t4, t4, 0x29
x29 <- 0x0000020000000000
mem[X,0x0000000080000788] -> 0xCE93
mem[X,0x000000008000078A] -> 0xFFFE
[487] [M]: 0x0000000080000788 (0xFFFECE93) xori t4, t4, -0x1
x29 <- 0xFFFFFDFFFFFFFFFF
mem[X,0x000000008000078C] -> 0x0F13
mem[X,0x000000008000078E] -> 0x1704
[488] [M]: 0x000000008000078C (0x17040F13) addi t5, fp, 0x170
x30 <- 0x0000000080004418
mem[X,0x0000000080000790] -> 0x2FAF
mem[X,0x0000000080000792] -> 0x61DF
[489] [M]: 0x0000000080000790 (0x61DF2FAF) amoand.w t6, t4, (t5)
mem[RW,0x0000000080004418] -> 0xFFFFFBFF
mem[0x0000000080004418] <- 0xFFFFFBFF
x31 <- 0xFFFFFFFFFFFFFBFF
mem[X,0x0000000080000794] -> 0x3C23
mem[X,0x0000000080000796] -> 0x17F4
[490] [M]: 0x0000000080000794 (0x17F43C23) sd t6, 0x178(fp)
mem[0x0000000080004420] <- 0xFFFFFFFFFFFFFBFF
mem[X,0x0000000080000798] -> 0x0E93
mem[X,0x000000008000079A] -> 0xBFF0
[491] [M]: 0x0000000080000798 (0xBFF00E93) addi t4, zero, -0x401
x29 <- 0xFFFFFFFFFFFFFBFF
mem[X,0x000000008000079C] -> 0x3023
mem[X,0x000000008000079E] -> 0x19D4
[492] [M]: 0x000000008000079C (0x19D43023) sd t4, 0x180(fp)
mem[0x0000000080004428] <- 0xFFFFFFFFFFFFFBFF
mem[X,0x00000000800007A0] -> 0x0E93
mem[X,0x00000000800007A2] -> 0x0010
[493] [M]: 0x00000000800007A0 (0x00100E93) addi t4, zero, 0x1
x29 <- 0x0000000000000001
mem[X,0x00000000800007A4] -> 0x9E93
mem[X,0x00000000800007A6] -> 0x02AE
[494] [M]: 0x00000000800007A4 (0x02AE9E93) slli t4, t4, 0x2a
x29 <- 0x0000040000000000
mem[X,0x00000000800007A8] -> 0xCE93
mem[X,0x00000000800007AA] -> 0xFFFE
[495] [M]: 0x00000000800007A8 (0xFFFECE93) xori t4, t4, -0x1
x29 <- 0xFFFFFBFFFFFFFFFF
mem[X,0x00000000800007AC] -> 0x0F13
mem[X,0x00000000800007AE] -> 0x1804
[496] [M]: 0x00000000800007AC (0x18040F13) addi t5, fp, 0x180
x30 <- 0x0000000080004428
mem[X,0x00000000800007B0] -> 0x2FAF
mem[X,0x00000000800007B2] -> 0x61DF
[497] [M]: 0x00000000800007B0 (0x61DF2FAF) amoand.w t6, t4, (t5)
mem[RW,0x0000000080004428] -> 0xFFFFFBFF
mem[0x0000000080004428] <- 0xFFFFFBFF
x31 <- 0xFFFFFFFFFFFFFBFF
mem[X,0x00000000800007B4] -> 0x3423
mem[X,0x00000000800007B6] -> 0x19F4
[498] [M]: 0x00000000800007B4 (0x19F43423) sd t6, 0x188(fp)
mem[0x0000000080004430] <- 0xFFFFFFFFFFFFFBFF
mem[X,0x00000000800007B8] -> 0x0E93
mem[X,0x00000000800007BA] -> 0xBFF0
[499] [M]: 0x00000000800007B8 (0xBFF00E93) addi t4, zero, -0x401
x29 <- 0xFFFFFFFFFFFFFBFF
clint::tick mtime <- 0x0000000000000005
 clint timer pending at mtime 0x0000000000000005
htif::tick 0x0000000000000000
mem[X,0x00000000800007BC] -> 0x3823
mem[X,0x00000000800007BE] -> 0x19D4
[500] [M]: 0x00000000800007BC (0x19D43823) sd t4, 0x190(fp)
mem[0x0000000080004438] <- 0xFFFFFFFFFFFFFBFF
mem[X,0x00000000800007C0] -> 0x0E93
mem[X,0x00000000800007C2] -> 0x0010
[501] [M]: 0x00000000800007C0 (0x00100E93) addi t4, zero, 0x1
x29 <- 0x0000000000000001
mem[X,0x00000000800007C4] -> 0x9E93
mem[X,0x00000000800007C6] -> 0x02BE
[502] [M]: 0x00000000800007C4 (0x02BE9E93) slli t4, t4, 0x2b
x29 <- 0x0000080000000000
mem[X,0x00000000800007C8] -> 0xCE93
mem[X,0x00000000800007CA] -> 0xFFFE
[503] [M]: 0x00000000800007C8 (0xFFFECE93) xori t4, t4, -0x1
x29 <- 0xFFFFF7FFFFFFFFFF
mem[X,0x00000000800007CC] -> 0x0F13
mem[X,0x00000000800007CE] -> 0x1904
[504] [M]: 0x00000000800007CC (0x19040F13) addi t5, fp, 0x190
x30 <- 0x0000000080004438
mem[X,0x00000000800007D0] -> 0x2FAF
mem[X,0x00000000800007D2] -> 0x61DF
[505] [M]: 0x00000000800007D0 (0x61DF2FAF) amoand.w t6, t4, (t5)
mem[RW,0x0000000080004438] -> 0xFFFFFBFF
mem[0x0000000080004438] <- 0xFFFFFBFF
x31 <- 0xFFFFFFFFFFFFFBFF
mem[X,0x00000000800007D4] -> 0x3C23
mem[X,0x00000000800007D6] -> 0x19F4
[506] [M]: 0x00000000800007D4 (0x19F43C23) sd t6, 0x198(fp)
mem[0x0000000080004440] <- 0xFFFFFFFFFFFFFBFF
mem[X,0x00000000800007D8] -> 0x0E93
mem[X,0x00000000800007DA] -> 0xBFF0
[507] [M]: 0x00000000800007D8 (0xBFF00E93) addi t4, zero, -0x401
x29 <- 0xFFFFFFFFFFFFFBFF
mem[X,0x00000000800007DC] -> 0x3023
mem[X,0x00000000800007DE] -> 0x1BD4
[508] [M]: 0x00000000800007DC (0x1BD43023) sd t4, 0x1a0(fp)
mem[0x0000000080004448] <- 0xFFFFFFFFFFFFFBFF
mem[X,0x00000000800007E0] -> 0x0E93
mem[X,0x00000000800007E2] -> 0x0010
[509] [M]: 0x00000000800007E0 (0x00100E93) addi t4, zero, 0x1
x29 <- 0x0000000000000001
mem[X,0x00000000800007E4] -> 0x9E93
mem[X,0x00000000800007E6] -> 0x02CE
[510] [M]: 0x00000000800007E4 (0x02CE9E93) slli t4, t4, 0x2c
x29 <- 0x0000100000000000
mem[X,0x00000000800007E8] -> 0xCE93
mem[X,0x00000000800007EA] -> 0xFFFE
[511] [M]: 0x00000000800007E8 (0xFFFECE93) xori t4, t4, -0x1
x29 <- 0xFFFFEFFFFFFFFFFF
mem[X,0x00000000800007EC] -> 0x0F13
mem[X,0x00000000800007EE] -> 0x1A04
[512] [M]: 0x00000000800007EC (0x1A040F13) addi t5, fp, 0x1a0
x30 <- 0x0000000080004448
mem[X,0x00000000800007F0] -> 0x2FAF
mem[X,0x00000000800007F2] -> 0x61DF
[513] [M]: 0x00000000800007F0 (0x61DF2FAF) amoand.w t6, t4, (t5)
mem[RW,0x0000000080004448] -> 0xFFFFFBFF
mem[0x0000000080004448] <- 0xFFFFFBFF
x31 <- 0xFFFFFFFFFFFFFBFF
mem[X,0x00000000800007F4] -> 0x3423
mem[X,0x00000000800007F6] -> 0x1BF4
[514] [M]: 0x00000000800007F4 (0x1BF43423) sd t6, 0x1a8(fp)
mem[0x0000000080004450] <- 0xFFFFFFFFFFFFFBFF
mem[X,0x00000000800007F8] -> 0x0E93
mem[X,0x00000000800007FA] -> 0xBFF0
[515] [M]: 0x00000000800007F8 (0xBFF00E93) addi t4, zero, -0x401
x29 <- 0xFFFFFFFFFFFFFBFF
mem[X,0x00000000800007FC] -> 0x3823
mem[X,0x00000000800007FE] -> 0x1BD4
[516] [M]: 0x00000000800007FC (0x1BD43823) sd t4, 0x1b0(fp)
mem[0x0000000080004458] <- 0xFFFFFFFFFFFFFBFF
mem[X,0x0000000080000800] -> 0x0E93
mem[X,0x0000000080000802] -> 0x0010
[517] [M]: 0x0000000080000800 (0x00100E93) addi t4, zero, 0x1
x29 <- 0x0000000000000001
mem[X,0x0000000080000804] -> 0x9E93
mem[X,0x0000000080000806] -> 0x02DE
[518] [M]: 0x0000000080000804 (0x02DE9E93) slli t4, t4, 0x2d
x29 <- 0x0000200000000000
mem[X,0x0000000080000808] -> 0xCE93
mem[X,0x000000008000080A] -> 0xFFFE
[519] [M]: 0x0000000080000808 (0xFFFECE93) xori t4, t4, -0x1
x29 <- 0xFFFFDFFFFFFFFFFF
mem[X,0x000000008000080C] -> 0x0F13
mem[X,0x000000008000080E] -> 0x1B04
[520] [M]: 0x000000008000080C (0x1B040F13) addi t5, fp, 0x1b0
x30 <- 0x0000000080004458
mem[X,0x0000000080000810] -> 0x2FAF
mem[X,0x0000000080000812] -> 0x61DF
[521] [M]: 0x0000000080000810 (0x61DF2FAF) amoand.w t6, t4, (t5)
mem[RW,0x0000000080004458] -> 0xFFFFFBFF
mem[0x0000000080004458] <- 0xFFFFFBFF
x31 <- 0xFFFFFFFFFFFFFBFF
mem[X,0x0000000080000814] -> 0x3C23
mem[X,0x0000000080000816] -> 0x1BF4
[522] [M]: 0x0000000080000814 (0x1BF43C23) sd t6, 0x1b8(fp)
mem[0x0000000080004460] <- 0xFFFFFFFFFFFFFBFF
mem[X,0x0000000080000818] -> 0x0E93
mem[X,0x000000008000081A] -> 0xBFF0
[523] [M]: 0x0000000080000818 (0xBFF00E93) addi t4, zero, -0x401
x29 <- 0xFFFFFFFFFFFFFBFF
mem[X,0x000000008000081C] -> 0x3023
mem[X,0x000000008000081E] -> 0x1DD4
[524] [M]: 0x000000008000081C (0x1DD43023) sd t4, 0x1c0(fp)
mem[0x0000000080004468] <- 0xFFFFFFFFFFFFFBFF
mem[X,0x0000000080000820] -> 0x0E93
mem[X,0x0000000080000822] -> 0x0010
[525] [M]: 0x0000000080000820 (0x00100E93) addi t4, zero, 0x1
x29 <- 0x0000000000000001
mem[X,0x0000000080000824] -> 0x9E93
mem[X,0x0000000080000826] -> 0x02EE
[526] [M]: 0x0000000080000824 (0x02EE9E93) slli t4, t4, 0x2e
x29 <- 0x0000400000000000
mem[X,0x0000000080000828] -> 0xCE93
mem[X,0x000000008000082A] -> 0xFFFE
[527] [M]: 0x0000000080000828 (0xFFFECE93) xori t4, t4, -0x1
x29 <- 0xFFFFBFFFFFFFFFFF
mem[X,0x000000008000082C] -> 0x0F13
mem[X,0x000000008000082E] -> 0x1C04
[528] [M]: 0x000000008000082C (0x1C040F13) addi t5, fp, 0x1c0
x30 <- 0x0000000080004468
mem[X,0x0000000080000830] -> 0x2FAF
mem[X,0x0000000080000832] -> 0x61DF
[529] [M]: 0x0000000080000830 (0x61DF2FAF) amoand.w t6, t4, (t5)
mem[RW,0x0000000080004468] -> 0xFFFFFBFF
mem[0x0000000080004468] <- 0xFFFFFBFF
x31 <- 0xFFFFFFFFFFFFFBFF
mem[X,0x0000000080000834] -> 0x3423
mem[X,0x0000000080000836] -> 0x1DF4
[530] [M]: 0x0000000080000834 (0x1DF43423) sd t6, 0x1c8(fp)
mem[0x0000000080004470] <- 0xFFFFFFFFFFFFFBFF
mem[X,0x0000000080000838] -> 0x0E93
mem[X,0x000000008000083A] -> 0xBFF0
[531] [M]: 0x0000000080000838 (0xBFF00E93) addi t4, zero, -0x401
x29 <- 0xFFFFFFFFFFFFFBFF
mem[X,0x000000008000083C] -> 0x3823
mem[X,0x000000008000083E] -> 0x1DD4
[532] [M]: 0x000000008000083C (0x1DD43823) sd t4, 0x1d0(fp)
mem[0x0000000080004478] <- 0xFFFFFFFFFFFFFBFF
mem[X,0x0000000080000840] -> 0x0E93
mem[X,0x0000000080000842] -> 0x0010
[533] [M]: 0x0000000080000840 (0x00100E93) addi t4, zero, 0x1
x29 <- 0x0000000000000001
mem[X,0x0000000080000844] -> 0x9E93
mem[X,0x0000000080000846] -> 0x02FE
[534] [M]: 0x0000000080000844 (0x02FE9E93) slli t4, t4, 0x2f
x29 <- 0x0000800000000000
mem[X,0x0000000080000848] -> 0xCE93
mem[X,0x000000008000084A] -> 0xFFFE
[535] [M]: 0x0000000080000848 (0xFFFECE93) xori t4, t4, -0x1
x29 <- 0xFFFF7FFFFFFFFFFF
mem[X,0x000000008000084C] -> 0x0F13
mem[X,0x000000008000084E] -> 0x1D04
[536] [M]: 0x000000008000084C (0x1D040F13) addi t5, fp, 0x1d0
x30 <- 0x0000000080004478
mem[X,0x0000000080000850] -> 0x2FAF
mem[X,0x0000000080000852] -> 0x61DF
[537] [M]: 0x0000000080000850 (0x61DF2FAF) amoand.w t6, t4, (t5)
mem[RW,0x0000000080004478] -> 0xFFFFFBFF
mem[0x0000000080004478] <- 0xFFFFFBFF
x31 <- 0xFFFFFFFFFFFFFBFF
mem[X,0x0000000080000854] -> 0x3C23
mem[X,0x0000000080000856] -> 0x1DF4
[538] [M]: 0x0000000080000854 (0x1DF43C23) sd t6, 0x1d8(fp)
mem[0x0000000080004480] <- 0xFFFFFFFFFFFFFBFF
mem[X,0x0000000080000858] -> 0x0E93
mem[X,0x000000008000085A] -> 0xBFF0
[539] [M]: 0x0000000080000858 (0xBFF00E93) addi t4, zero, -0x401
x29 <- 0xFFFFFFFFFFFFFBFF
mem[X,0x000000008000085C] -> 0x3023
mem[X,0x000000008000085E] -> 0x1FD4
[540] [M]: 0x000000008000085C (0x1FD43023) sd t4, 0x1e0(fp)
mem[0x0000000080004488] <- 0xFFFFFFFFFFFFFBFF
mem[X,0x0000000080000860] -> 0x0E93
mem[X,0x0000000080000862] -> 0x0010
[541] [M]: 0x0000000080000860 (0x00100E93) addi t4, zero, 0x1
x29 <- 0x0000000000000001
mem[X,0x0000000080000864] -> 0x9E93
mem[X,0x0000000080000866] -> 0x030E
[542] [M]: 0x0000000080000864 (0x030E9E93) slli t4, t4, 0x30
x29 <- 0x0001000000000000
mem[X,0x0000000080000868] -> 0xCE93
mem[X,0x000000008000086A] -> 0xFFFE
[543] [M]: 0x0000000080000868 (0xFFFECE93) xori t4, t4, -0x1
x29 <- 0xFFFEFFFFFFFFFFFF
mem[X,0x000000008000086C] -> 0x0F13
mem[X,0x000000008000086E] -> 0x1E04
[544] [M]: 0x000000008000086C (0x1E040F13) addi t5, fp, 0x1e0
x30 <- 0x0000000080004488
mem[X,0x0000000080000870] -> 0x2FAF
mem[X,0x0000000080000872] -> 0x61DF
[545] [M]: 0x0000000080000870 (0x61DF2FAF) amoand.w t6, t4, (t5)
mem[RW,0x0000000080004488] -> 0xFFFFFBFF
mem[0x0000000080004488] <- 0xFFFFFBFF
x31 <- 0xFFFFFFFFFFFFFBFF
mem[X,0x0000000080000874] -> 0x3423
mem[X,0x0000000080000876] -> 0x1FF4
[546] [M]: 0x0000000080000874 (0x1FF43423) sd t6, 0x1e8(fp)
mem[0x0000000080004490] <- 0xFFFFFFFFFFFFFBFF
mem[X,0x0000000080000878] -> 0x0E93
mem[X,0x000000008000087A] -> 0xBFF0
[547] [M]: 0x0000000080000878 (0xBFF00E93) addi t4, zero, -0x401
x29 <- 0xFFFFFFFFFFFFFBFF
mem[X,0x000000008000087C] -> 0x3823
mem[X,0x000000008000087E] -> 0x1FD4
[548] [M]: 0x000000008000087C (0x1FD43823) sd t4, 0x1f0(fp)
mem[0x0000000080004498] <- 0xFFFFFFFFFFFFFBFF
mem[X,0x0000000080000880] -> 0x0E93
mem[X,0x0000000080000882] -> 0x0010
[549] [M]: 0x0000000080000880 (0x00100E93) addi t4, zero, 0x1
x29 <- 0x0000000000000001
mem[X,0x0000000080000884] -> 0x9E93
mem[X,0x0000000080000886] -> 0x031E
[550] [M]: 0x0000000080000884 (0x031E9E93) slli t4, t4, 0x31
x29 <- 0x0002000000000000
mem[X,0x0000000080000888] -> 0xCE93
mem[X,0x000000008000088A] -> 0xFFFE
[551] [M]: 0x0000000080000888 (0xFFFECE93) xori t4, t4, -0x1
x29 <- 0xFFFDFFFFFFFFFFFF
mem[X,0x000000008000088C] -> 0x0F13
mem[X,0x000000008000088E] -> 0x1F04
[552] [M]: 0x000000008000088C (0x1F040F13) addi t5, fp, 0x1f0
x30 <- 0x0000000080004498
mem[X,0x0000000080000890] -> 0x2FAF
mem[X,0x0000000080000892] -> 0x61DF
[553] [M]: 0x0000000080000890 (0x61DF2FAF) amoand.w t6, t4, (t5)
mem[RW,0x0000000080004498] -> 0xFFFFFBFF
mem[0x0000000080004498] <- 0xFFFFFBFF
x31 <- 0xFFFFFFFFFFFFFBFF
mem[X,0x0000000080000894] -> 0x3C23
mem[X,0x0000000080000896] -> 0x1FF4
[554] [M]: 0x0000000080000894 (0x1FF43C23) sd t6, 0x1f8(fp)
mem[0x00000000800044A0] <- 0xFFFFFFFFFFFFFBFF
mem[X,0x0000000080000898] -> 0x0E93
mem[X,0x000000008000089A] -> 0xBFF0
[555] [M]: 0x0000000080000898 (0xBFF00E93) addi t4, zero, -0x401
x29 <- 0xFFFFFFFFFFFFFBFF
mem[X,0x000000008000089C] -> 0x3023
mem[X,0x000000008000089E] -> 0x21D4
[556] [M]: 0x000000008000089C (0x21D43023) sd t4, 0x200(fp)
mem[0x00000000800044A8] <- 0xFFFFFFFFFFFFFBFF
mem[X,0x00000000800008A0] -> 0x0E93
mem[X,0x00000000800008A2] -> 0x0010
[557] [M]: 0x00000000800008A0 (0x00100E93) addi t4, zero, 0x1
x29 <- 0x0000000000000001
mem[X,0x00000000800008A4] -> 0x9E93
mem[X,0x00000000800008A6] -> 0x032E
[558] [M]: 0x00000000800008A4 (0x032E9E93) slli t4, t4, 0x32
x29 <- 0x0004000000000000
mem[X,0x00000000800008A8] -> 0xCE93
mem[X,0x00000000800008AA] -> 0xFFFE
[559] [M]: 0x00000000800008A8 (0xFFFECE93) xori t4, t4, -0x1
x29 <- 0xFFFBFFFFFFFFFFFF
mem[X,0x00000000800008AC] -> 0x0F13
mem[X,0x00000000800008AE] -> 0x2004
[560] [M]: 0x00000000800008AC (0x20040F13) addi t5, fp, 0x200
x30 <- 0x00000000800044A8
mem[X,0x00000000800008B0] -> 0x2FAF
mem[X,0x00000000800008B2] -> 0x61DF
[561] [M]: 0x00000000800008B0 (0x61DF2FAF) amoand.w t6, t4, (t5)
mem[RW,0x00000000800044A8] -> 0xFFFFFBFF
mem[0x00000000800044A8] <- 0xFFFFFBFF
x31 <- 0xFFFFFFFFFFFFFBFF
mem[X,0x00000000800008B4] -> 0x3423
mem[X,0x00000000800008B6] -> 0x21F4
[562] [M]: 0x00000000800008B4 (0x21F43423) sd t6, 0x208(fp)
mem[0x00000000800044B0] <- 0xFFFFFFFFFFFFFBFF
mem[X,0x00000000800008B8] -> 0x0E93
mem[X,0x00000000800008BA] -> 0xBFF0
[563] [M]: 0x00000000800008B8 (0xBFF00E93) addi t4, zero, -0x401
x29 <- 0xFFFFFFFFFFFFFBFF
mem[X,0x00000000800008BC] -> 0x3823
mem[X,0x00000000800008BE] -> 0x21D4
[564] [M]: 0x00000000800008BC (0x21D43823) sd t4, 0x210(fp)
mem[0x00000000800044B8] <- 0xFFFFFFFFFFFFFBFF
mem[X,0x00000000800008C0] -> 0x0E93
mem[X,0x00000000800008C2] -> 0x0010
[565] [M]: 0x00000000800008C0 (0x00100E93) addi t4, zero, 0x1
x29 <- 0x0000000000000001
mem[X,0x00000000800008C4] -> 0x9E93
mem[X,0x00000000800008C6] -> 0x033E
[566] [M]: 0x00000000800008C4 (0x033E9E93) slli t4, t4, 0x33
x29 <- 0x0008000000000000
mem[X,0x00000000800008C8] -> 0xCE93
mem[X,0x00000000800008CA] -> 0xFFFE
[567] [M]: 0x00000000800008C8 (0xFFFECE93) xori t4, t4, -0x1
x29 <- 0xFFF7FFFFFFFFFFFF
mem[X,0x00000000800008CC] -> 0x0F13
mem[X,0x00000000800008CE] -> 0x2104
[568] [M]: 0x00000000800008CC (0x21040F13) addi t5, fp, 0x210
x30 <- 0x00000000800044B8
mem[X,0x00000000800008D0] -> 0x2FAF
mem[X,0x00000000800008D2] -> 0x61DF
[569] [M]: 0x00000000800008D0 (0x61DF2FAF) amoand.w t6, t4, (t5)
mem[RW,0x00000000800044B8] -> 0xFFFFFBFF
mem[0x00000000800044B8] <- 0xFFFFFBFF
x31 <- 0xFFFFFFFFFFFFFBFF
mem[X,0x00000000800008D4] -> 0x3C23
mem[X,0x00000000800008D6] -> 0x21F4
[570] [M]: 0x00000000800008D4 (0x21F43C23) sd t6, 0x218(fp)
mem[0x00000000800044C0] <- 0xFFFFFFFFFFFFFBFF
mem[X,0x00000000800008D8] -> 0x0E93
mem[X,0x00000000800008DA] -> 0xBFF0
[571] [M]: 0x00000000800008D8 (0xBFF00E93) addi t4, zero, -0x401
x29 <- 0xFFFFFFFFFFFFFBFF
mem[X,0x00000000800008DC] -> 0x3023
mem[X,0x00000000800008DE] -> 0x23D4
[572] [M]: 0x00000000800008DC (0x23D43023) sd t4, 0x220(fp)
mem[0x00000000800044C8] <- 0xFFFFFFFFFFFFFBFF
mem[X,0x00000000800008E0] -> 0x0E93
mem[X,0x00000000800008E2] -> 0x0010
[573] [M]: 0x00000000800008E0 (0x00100E93) addi t4, zero, 0x1
x29 <- 0x0000000000000001
mem[X,0x00000000800008E4] -> 0x9E93
mem[X,0x00000000800008E6] -> 0x034E
[574] [M]: 0x00000000800008E4 (0x034E9E93) slli t4, t4, 0x34
x29 <- 0x0010000000000000
mem[X,0x00000000800008E8] -> 0xCE93
mem[X,0x00000000800008EA] -> 0xFFFE
[575] [M]: 0x00000000800008E8 (0xFFFECE93) xori t4, t4, -0x1
x29 <- 0xFFEFFFFFFFFFFFFF
mem[X,0x00000000800008EC] -> 0x0F13
mem[X,0x00000000800008EE] -> 0x2204
[576] [M]: 0x00000000800008EC (0x22040F13) addi t5, fp, 0x220
x30 <- 0x00000000800044C8
mem[X,0x00000000800008F0] -> 0x2FAF
mem[X,0x00000000800008F2] -> 0x61DF
[577] [M]: 0x00000000800008F0 (0x61DF2FAF) amoand.w t6, t4, (t5)
mem[RW,0x00000000800044C8] -> 0xFFFFFBFF
mem[0x00000000800044C8] <- 0xFFFFFBFF
x31 <- 0xFFFFFFFFFFFFFBFF
mem[X,0x00000000800008F4] -> 0x3423
mem[X,0x00000000800008F6] -> 0x23F4
[578] [M]: 0x00000000800008F4 (0x23F43423) sd t6, 0x228(fp)
mem[0x00000000800044D0] <- 0xFFFFFFFFFFFFFBFF
mem[X,0x00000000800008F8] -> 0x0E93
mem[X,0x00000000800008FA] -> 0xBFF0
[579] [M]: 0x00000000800008F8 (0xBFF00E93) addi t4, zero, -0x401
x29 <- 0xFFFFFFFFFFFFFBFF
mem[X,0x00000000800008FC] -> 0x3823
mem[X,0x00000000800008FE] -> 0x23D4
[580] [M]: 0x00000000800008FC (0x23D43823) sd t4, 0x230(fp)
mem[0x00000000800044D8] <- 0xFFFFFFFFFFFFFBFF
mem[X,0x0000000080000900] -> 0x0E93
mem[X,0x0000000080000902] -> 0x0010
[581] [M]: 0x0000000080000900 (0x00100E93) addi t4, zero, 0x1
x29 <- 0x0000000000000001
mem[X,0x0000000080000904] -> 0x9E93
mem[X,0x0000000080000906] -> 0x035E
[582] [M]: 0x0000000080000904 (0x035E9E93) slli t4, t4, 0x35
x29 <- 0x0020000000000000
mem[X,0x0000000080000908] -> 0xCE93
mem[X,0x000000008000090A] -> 0xFFFE
[583] [M]: 0x0000000080000908 (0xFFFECE93) xori t4, t4, -0x1
x29 <- 0xFFDFFFFFFFFFFFFF
mem[X,0x000000008000090C] -> 0x0F13
mem[X,0x000000008000090E] -> 0x2304
[584] [M]: 0x000000008000090C (0x23040F13) addi t5, fp, 0x230
x30 <- 0x00000000800044D8
mem[X,0x0000000080000910] -> 0x2FAF
mem[X,0x0000000080000912] -> 0x61DF
[585] [M]: 0x0000000080000910 (0x61DF2FAF) amoand.w t6, t4, (t5)
mem[RW,0x00000000800044D8] -> 0xFFFFFBFF
mem[0x00000000800044D8] <- 0xFFFFFBFF
x31 <- 0xFFFFFFFFFFFFFBFF
mem[X,0x0000000080000914] -> 0x3C23
mem[X,0x0000000080000916] -> 0x23F4
[586] [M]: 0x0000000080000914 (0x23F43C23) sd t6, 0x238(fp)
mem[0x00000000800044E0] <- 0xFFFFFFFFFFFFFBFF
mem[X,0x0000000080000918] -> 0x0E93
mem[X,0x000000008000091A] -> 0xBFF0
[587] [M]: 0x0000000080000918 (0xBFF00E93) addi t4, zero, -0x401
x29 <- 0xFFFFFFFFFFFFFBFF
mem[X,0x000000008000091C] -> 0x3023
mem[X,0x000000008000091E] -> 0x25D4
[588] [M]: 0x000000008000091C (0x25D43023) sd t4, 0x240(fp)
mem[0x00000000800044E8] <- 0xFFFFFFFFFFFFFBFF
mem[X,0x0000000080000920] -> 0x0E93
mem[X,0x0000000080000922] -> 0x0010
[589] [M]: 0x0000000080000920 (0x00100E93) addi t4, zero, 0x1
x29 <- 0x0000000000000001
mem[X,0x0000000080000924] -> 0x9E93
mem[X,0x0000000080000926] -> 0x036E
[590] [M]: 0x0000000080000924 (0x036E9E93) slli t4, t4, 0x36
x29 <- 0x0040000000000000
mem[X,0x0000000080000928] -> 0xCE93
mem[X,0x000000008000092A] -> 0xFFFE
[591] [M]: 0x0000000080000928 (0xFFFECE93) xori t4, t4, -0x1
x29 <- 0xFFBFFFFFFFFFFFFF
mem[X,0x000000008000092C] -> 0x0F13
mem[X,0x000000008000092E] -> 0x2404
[592] [M]: 0x000000008000092C (0x24040F13) addi t5, fp, 0x240
x30 <- 0x00000000800044E8
mem[X,0x0000000080000930] -> 0x2FAF
mem[X,0x0000000080000932] -> 0x61DF
[593] [M]: 0x0000000080000930 (0x61DF2FAF) amoand.w t6, t4, (t5)
mem[RW,0x00000000800044E8] -> 0xFFFFFBFF
mem[0x00000000800044E8] <- 0xFFFFFBFF
x31 <- 0xFFFFFFFFFFFFFBFF
mem[X,0x0000000080000934] -> 0x3423
mem[X,0x0000000080000936] -> 0x25F4
[594] [M]: 0x0000000080000934 (0x25F43423) sd t6, 0x248(fp)
mem[0x00000000800044F0] <- 0xFFFFFFFFFFFFFBFF
mem[X,0x0000000080000938] -> 0x0E93
mem[X,0x000000008000093A] -> 0xBFF0
[595] [M]: 0x0000000080000938 (0xBFF00E93) addi t4, zero, -0x401
x29 <- 0xFFFFFFFFFFFFFBFF
mem[X,0x000000008000093C] -> 0x3823
mem[X,0x000000008000093E] -> 0x25D4
[596] [M]: 0x000000008000093C (0x25D43823) sd t4, 0x250(fp)
mem[0x00000000800044F8] <- 0xFFFFFFFFFFFFFBFF
mem[X,0x0000000080000940] -> 0x0E93
mem[X,0x0000000080000942] -> 0x0010
[597] [M]: 0x0000000080000940 (0x00100E93) addi t4, zero, 0x1
x29 <- 0x0000000000000001
mem[X,0x0000000080000944] -> 0x9E93
mem[X,0x0000000080000946] -> 0x037E
[598] [M]: 0x0000000080000944 (0x037E9E93) slli t4, t4, 0x37
x29 <- 0x0080000000000000
mem[X,0x0000000080000948] -> 0xCE93
mem[X,0x000000008000094A] -> 0xFFFE
[599] [M]: 0x0000000080000948 (0xFFFECE93) xori t4, t4, -0x1
x29 <- 0xFF7FFFFFFFFFFFFF
clint::tick mtime <- 0x0000000000000006
 clint timer pending at mtime 0x0000000000000006
htif::tick 0x0000000000000000
mem[X,0x000000008000094C] -> 0x0F13
mem[X,0x000000008000094E] -> 0x2504
[600] [M]: 0x000000008000094C (0x25040F13) addi t5, fp, 0x250
x30 <- 0x00000000800044F8
mem[X,0x0000000080000950] -> 0x2FAF
mem[X,0x0000000080000952] -> 0x61DF
[601] [M]: 0x0000000080000950 (0x61DF2FAF) amoand.w t6, t4, (t5)
mem[RW,0x00000000800044F8] -> 0xFFFFFBFF
mem[0x00000000800044F8] <- 0xFFFFFBFF
x31 <- 0xFFFFFFFFFFFFFBFF
mem[X,0x0000000080000954] -> 0x3C23
mem[X,0x0000000080000956] -> 0x25F4
[602] [M]: 0x0000000080000954 (0x25F43C23) sd t6, 0x258(fp)
mem[0x0000000080004500] <- 0xFFFFFFFFFFFFFBFF
mem[X,0x0000000080000958] -> 0x0E93
mem[X,0x000000008000095A] -> 0xBFF0
[603] [M]: 0x0000000080000958 (0xBFF00E93) addi t4, zero, -0x401
x29 <- 0xFFFFFFFFFFFFFBFF
mem[X,0x000000008000095C] -> 0x3023
mem[X,0x000000008000095E] -> 0x27D4
[604] [M]: 0x000000008000095C (0x27D43023) sd t4, 0x260(fp)
mem[0x0000000080004508] <- 0xFFFFFFFFFFFFFBFF
mem[X,0x0000000080000960] -> 0x0E93
mem[X,0x0000000080000962] -> 0x0010
[605] [M]: 0x0000000080000960 (0x00100E93) addi t4, zero, 0x1
x29 <- 0x0000000000000001
mem[X,0x0000000080000964] -> 0x9E93
mem[X,0x0000000080000966] -> 0x038E
[606] [M]: 0x0000000080000964 (0x038E9E93) slli t4, t4, 0x38
x29 <- 0x0100000000000000
mem[X,0x0000000080000968] -> 0xCE93
mem[X,0x000000008000096A] -> 0xFFFE
[607] [M]: 0x0000000080000968 (0xFFFECE93) xori t4, t4, -0x1
x29 <- 0xFEFFFFFFFFFFFFFF
mem[X,0x000000008000096C] -> 0x0F13
mem[X,0x000000008000096E] -> 0x2604
[608] [M]: 0x000000008000096C (0x26040F13) addi t5, fp, 0x260
x30 <- 0x0000000080004508
mem[X,0x0000000080000970] -> 0x2FAF
mem[X,0x0000000080000972] -> 0x61DF
[609] [M]: 0x0000000080000970 (0x61DF2FAF) amoand.w t6, t4, (t5)
mem[RW,0x0000000080004508] -> 0xFFFFFBFF
mem[0x0000000080004508] <- 0xFFFFFBFF
x31 <- 0xFFFFFFFFFFFFFBFF
mem[X,0x0000000080000974] -> 0x3423
mem[X,0x0000000080000976] -> 0x27F4
[610] [M]: 0x0000000080000974 (0x27F43423) sd t6, 0x268(fp)
mem[0x0000000080004510] <- 0xFFFFFFFFFFFFFBFF
mem[X,0x0000000080000978] -> 0x0E93
mem[X,0x000000008000097A] -> 0xBFF0
[611] [M]: 0x0000000080000978 (0xBFF00E93) addi t4, zero, -0x401
x29 <- 0xFFFFFFFFFFFFFBFF
mem[X,0x000000008000097C] -> 0x3823
mem[X,0x000000008000097E] -> 0x27D4
[612] [M]: 0x000000008000097C (0x27D43823) sd t4, 0x270(fp)
mem[0x0000000080004518] <- 0xFFFFFFFFFFFFFBFF
mem[X,0x0000000080000980] -> 0x0E93
mem[X,0x0000000080000982] -> 0x0010
[613] [M]: 0x0000000080000980 (0x00100E93) addi t4, zero, 0x1
x29 <- 0x0000000000000001
mem[X,0x0000000080000984] -> 0x9E93
mem[X,0x0000000080000986] -> 0x039E
[614] [M]: 0x0000000080000984 (0x039E9E93) slli t4, t4, 0x39
x29 <- 0x0200000000000000
mem[X,0x0000000080000988] -> 0xCE93
mem[X,0x000000008000098A] -> 0xFFFE
[615] [M]: 0x0000000080000988 (0xFFFECE93) xori t4, t4, -0x1
x29 <- 0xFDFFFFFFFFFFFFFF
mem[X,0x000000008000098C] -> 0x0F13
mem[X,0x000000008000098E] -> 0x2704
[616] [M]: 0x000000008000098C (0x27040F13) addi t5, fp, 0x270
x30 <- 0x0000000080004518
mem[X,0x0000000080000990] -> 0x2FAF
mem[X,0x0000000080000992] -> 0x61DF
[617] [M]: 0x0000000080000990 (0x61DF2FAF) amoand.w t6, t4, (t5)
mem[RW,0x0000000080004518] -> 0xFFFFFBFF
mem[0x0000000080004518] <- 0xFFFFFBFF
x31 <- 0xFFFFFFFFFFFFFBFF
mem[X,0x0000000080000994] -> 0x3C23
mem[X,0x0000000080000996] -> 0x27F4
[618] [M]: 0x0000000080000994 (0x27F43C23) sd t6, 0x278(fp)
mem[0x0000000080004520] <- 0xFFFFFFFFFFFFFBFF
mem[X,0x0000000080000998] -> 0x0E93
mem[X,0x000000008000099A] -> 0xBFF0
[619] [M]: 0x0000000080000998 (0xBFF00E93) addi t4, zero, -0x401
x29 <- 0xFFFFFFFFFFFFFBFF
mem[X,0x000000008000099C] -> 0x3023
mem[X,0x000000008000099E] -> 0x29D4
[620] [M]: 0x000000008000099C (0x29D43023) sd t4, 0x280(fp)
mem[0x0000000080004528] <- 0xFFFFFFFFFFFFFBFF
mem[X,0x00000000800009A0] -> 0x0E93
mem[X,0x00000000800009A2] -> 0x0010
[621] [M]: 0x00000000800009A0 (0x00100E93) addi t4, zero, 0x1
x29 <- 0x0000000000000001
mem[X,0x00000000800009A4] -> 0x9E93
mem[X,0x00000000800009A6] -> 0x03AE
[622] [M]: 0x00000000800009A4 (0x03AE9E93) slli t4, t4, 0x3a
x29 <- 0x0400000000000000
mem[X,0x00000000800009A8] -> 0xCE93
mem[X,0x00000000800009AA] -> 0xFFFE
[623] [M]: 0x00000000800009A8 (0xFFFECE93) xori t4, t4, -0x1
x29 <- 0xFBFFFFFFFFFFFFFF
mem[X,0x00000000800009AC] -> 0x0F13
mem[X,0x00000000800009AE] -> 0x2804
[624] [M]: 0x00000000800009AC (0x28040F13) addi t5, fp, 0x280
x30 <- 0x0000000080004528
mem[X,0x00000000800009B0] -> 0x2FAF
mem[X,0x00000000800009B2] -> 0x61DF
[625] [M]: 0x00000000800009B0 (0x61DF2FAF) amoand.w t6, t4, (t5)
mem[RW,0x0000000080004528] -> 0xFFFFFBFF
mem[0x0000000080004528] <- 0xFFFFFBFF
x31 <- 0xFFFFFFFFFFFFFBFF
mem[X,0x00000000800009B4] -> 0x3423
mem[X,0x00000000800009B6] -> 0x29F4
[626] [M]: 0x00000000800009B4 (0x29F43423) sd t6, 0x288(fp)
mem[0x0000000080004530] <- 0xFFFFFFFFFFFFFBFF
mem[X,0x00000000800009B8] -> 0x0E93
mem[X,0x00000000800009BA] -> 0xBFF0
[627] [M]: 0x00000000800009B8 (0xBFF00E93) addi t4, zero, -0x401
x29 <- 0xFFFFFFFFFFFFFBFF
mem[X,0x00000000800009BC] -> 0x3823
mem[X,0x00000000800009BE] -> 0x29D4
[628] [M]: 0x00000000800009BC (0x29D43823) sd t4, 0x290(fp)
mem[0x0000000080004538] <- 0xFFFFFFFFFFFFFBFF
mem[X,0x00000000800009C0] -> 0x0E93
mem[X,0x00000000800009C2] -> 0x0010
[629] [M]: 0x00000000800009C0 (0x00100E93) addi t4, zero, 0x1
x29 <- 0x0000000000000001
mem[X,0x00000000800009C4] -> 0x9E93
mem[X,0x00000000800009C6] -> 0x03BE
[630] [M]: 0x00000000800009C4 (0x03BE9E93) slli t4, t4, 0x3b
x29 <- 0x0800000000000000
mem[X,0x00000000800009C8] -> 0xCE93
mem[X,0x00000000800009CA] -> 0xFFFE
[631] [M]: 0x00000000800009C8 (0xFFFECE93) xori t4, t4, -0x1
x29 <- 0xF7FFFFFFFFFFFFFF
mem[X,0x00000000800009CC] -> 0x0F13
mem[X,0x00000000800009CE] -> 0x2904
[632] [M]: 0x00000000800009CC (0x29040F13) addi t5, fp, 0x290
x30 <- 0x0000000080004538
mem[X,0x00000000800009D0] -> 0x2FAF
mem[X,0x00000000800009D2] -> 0x61DF
[633] [M]: 0x00000000800009D0 (0x61DF2FAF) amoand.w t6, t4, (t5)
mem[RW,0x0000000080004538] -> 0xFFFFFBFF
mem[0x0000000080004538] <- 0xFFFFFBFF
x31 <- 0xFFFFFFFFFFFFFBFF
mem[X,0x00000000800009D4] -> 0x3C23
mem[X,0x00000000800009D6] -> 0x29F4
[634] [M]: 0x00000000800009D4 (0x29F43C23) sd t6, 0x298(fp)
mem[0x0000000080004540] <- 0xFFFFFFFFFFFFFBFF
mem[X,0x00000000800009D8] -> 0x0E93
mem[X,0x00000000800009DA] -> 0xBFF0
[635] [M]: 0x00000000800009D8 (0xBFF00E93) addi t4, zero, -0x401
x29 <- 0xFFFFFFFFFFFFFBFF
mem[X,0x00000000800009DC] -> 0x3023
mem[X,0x00000000800009DE] -> 0x2BD4
[636] [M]: 0x00000000800009DC (0x2BD43023) sd t4, 0x2a0(fp)
mem[0x0000000080004548] <- 0xFFFFFFFFFFFFFBFF
mem[X,0x00000000800009E0] -> 0x0E93
mem[X,0x00000000800009E2] -> 0x0010
[637] [M]: 0x00000000800009E0 (0x00100E93) addi t4, zero, 0x1
x29 <- 0x0000000000000001
mem[X,0x00000000800009E4] -> 0x9E93
mem[X,0x00000000800009E6] -> 0x03CE
[638] [M]: 0x00000000800009E4 (0x03CE9E93) slli t4, t4, 0x3c
x29 <- 0x1000000000000000
mem[X,0x00000000800009E8] -> 0xCE93
mem[X,0x00000000800009EA] -> 0xFFFE
[639] [M]: 0x00000000800009E8 (0xFFFECE93) xori t4, t4, -0x1
x29 <- 0xEFFFFFFFFFFFFFFF
mem[X,0x00000000800009EC] -> 0x0F13
mem[X,0x00000000800009EE] -> 0x2A04
[640] [M]: 0x00000000800009EC (0x2A040F13) addi t5, fp, 0x2a0
x30 <- 0x0000000080004548
mem[X,0x00000000800009F0] -> 0x2FAF
mem[X,0x00000000800009F2] -> 0x61DF
[641] [M]: 0x00000000800009F0 (0x61DF2FAF) amoand.w t6, t4, (t5)
mem[RW,0x0000000080004548] -> 0xFFFFFBFF
mem[0x0000000080004548] <- 0xFFFFFBFF
x31 <- 0xFFFFFFFFFFFFFBFF
mem[X,0x00000000800009F4] -> 0x3423
mem[X,0x00000000800009F6] -> 0x2BF4
[642] [M]: 0x00000000800009F4 (0x2BF43423) sd t6, 0x2a8(fp)
mem[0x0000000080004550] <- 0xFFFFFFFFFFFFFBFF
mem[X,0x00000000800009F8] -> 0x0E93
mem[X,0x00000000800009FA] -> 0xBFF0
[643] [M]: 0x00000000800009F8 (0xBFF00E93) addi t4, zero, -0x401
x29 <- 0xFFFFFFFFFFFFFBFF
mem[X,0x00000000800009FC] -> 0x3823
mem[X,0x00000000800009FE] -> 0x2BD4
[644] [M]: 0x00000000800009FC (0x2BD43823) sd t4, 0x2b0(fp)
mem[0x0000000080004558] <- 0xFFFFFFFFFFFFFBFF
mem[X,0x0000000080000A00] -> 0x0E93
mem[X,0x0000000080000A02] -> 0x0010
[645] [M]: 0x0000000080000A00 (0x00100E93) addi t4, zero, 0x1
x29 <- 0x0000000000000001
mem[X,0x0000000080000A04] -> 0x9E93
mem[X,0x0000000080000A06] -> 0x03BE
[646] [M]: 0x0000000080000A04 (0x03BE9E93) slli t4, t4, 0x3b
x29 <- 0x0800000000000000
mem[X,0x0000000080000A08] -> 0x0F13
mem[X,0x0000000080000A0A] -> 0x2B04
[647] [M]: 0x0000000080000A08 (0x2B040F13) addi t5, fp, 0x2b0
x30 <- 0x0000000080004558
mem[X,0x0000000080000A0C] -> 0x2FAF
mem[X,0x0000000080000A0E] -> 0x61DF
[648] [M]: 0x0000000080000A0C (0x61DF2FAF) amoand.w t6, t4, (t5)
mem[RW,0x0000000080004558] -> 0xFFFFFBFF
mem[0x0000000080004558] <- 0x00000000
x31 <- 0xFFFFFFFFFFFFFBFF
mem[X,0x0000000080000A10] -> 0x3C23
mem[X,0x0000000080000A12] -> 0x2BF4
[649] [M]: 0x0000000080000A10 (0x2BF43C23) sd t6, 0x2b8(fp)
mem[0x0000000080004560] <- 0xFFFFFFFFFFFFFBFF
mem[X,0x0000000080000A14] -> 0x0E93
mem[X,0x0000000080000A16] -> 0xBFF0
[650] [M]: 0x0000000080000A14 (0xBFF00E93) addi t4, zero, -0x401
x29 <- 0xFFFFFFFFFFFFFBFF
mem[X,0x0000000080000A18] -> 0x3023
mem[X,0x0000000080000A1A] -> 0x2DD4
[651] [M]: 0x0000000080000A18 (0x2DD43023) sd t4, 0x2c0(fp)
mem[0x0000000080004568] <- 0xFFFFFFFFFFFFFBFF
mem[X,0x0000000080000A1C] -> 0x0E93
mem[X,0x0000000080000A1E] -> 0x0010
[652] [M]: 0x0000000080000A1C (0x00100E93) addi t4, zero, 0x1
x29 <- 0x0000000000000001
mem[X,0x0000000080000A20] -> 0x9E93
mem[X,0x0000000080000A22] -> 0x03CE
[653] [M]: 0x0000000080000A20 (0x03CE9E93) slli t4, t4, 0x3c
x29 <- 0x1000000000000000
mem[X,0x0000000080000A24] -> 0x0F13
mem[X,0x0000000080000A26] -> 0x2C04
[654] [M]: 0x0000000080000A24 (0x2C040F13) addi t5, fp, 0x2c0
x30 <- 0x0000000080004568
mem[X,0x0000000080000A28] -> 0x2FAF
mem[X,0x0000000080000A2A] -> 0x61DF
[655] [M]: 0x0000000080000A28 (0x61DF2FAF) amoand.w t6, t4, (t5)
mem[RW,0x0000000080004568] -> 0xFFFFFBFF
mem[0x0000000080004568] <- 0x00000000
x31 <- 0xFFFFFFFFFFFFFBFF
mem[X,0x0000000080000A2C] -> 0x3423
mem[X,0x0000000080000A2E] -> 0x2DF4
[656] [M]: 0x0000000080000A2C (0x2DF43423) sd t6, 0x2c8(fp)
mem[0x0000000080004570] <- 0xFFFFFFFFFFFFFBFF
mem[X,0x0000000080000A30] -> 0x0E93
mem[X,0x0000000080000A32] -> 0xBFF0
[657] [M]: 0x0000000080000A30 (0xBFF00E93) addi t4, zero, -0x401
x29 <- 0xFFFFFFFFFFFFFBFF
mem[X,0x0000000080000A34] -> 0x3823
mem[X,0x0000000080000A36] -> 0x2DD4
[658] [M]: 0x0000000080000A34 (0x2DD43823) sd t4, 0x2d0(fp)
mem[0x0000000080004578] <- 0xFFFFFFFFFFFFFBFF
mem[X,0x0000000080000A38] -> 0x0E93
mem[X,0x0000000080000A3A] -> 0x0010
[659] [M]: 0x0000000080000A38 (0x00100E93) addi t4, zero, 0x1
x29 <- 0x0000000000000001
mem[X,0x0000000080000A3C] -> 0x9E93
mem[X,0x0000000080000A3E] -> 0x03DE
[660] [M]: 0x0000000080000A3C (0x03DE9E93) slli t4, t4, 0x3d
x29 <- 0x2000000000000000
mem[X,0x0000000080000A40] -> 0x0F13
mem[X,0x0000000080000A42] -> 0x2D04
[661] [M]: 0x0000000080000A40 (0x2D040F13) addi t5, fp, 0x2d0
x30 <- 0x0000000080004578
mem[X,0x0000000080000A44] -> 0x2FAF
mem[X,0x0000000080000A46] -> 0x61DF
[662] [M]: 0x0000000080000A44 (0x61DF2FAF) amoand.w t6, t4, (t5)
mem[RW,0x0000000080004578] -> 0xFFFFFBFF
mem[0x0000000080004578] <- 0x00000000
x31 <- 0xFFFFFFFFFFFFFBFF
mem[X,0x0000000080000A48] -> 0x3C23
mem[X,0x0000000080000A4A] -> 0x2DF4
[663] [M]: 0x0000000080000A48 (0x2DF43C23) sd t6, 0x2d8(fp)
mem[0x0000000080004580] <- 0xFFFFFFFFFFFFFBFF
mem[X,0x0000000080000A4C] -> 0x0E93
mem[X,0x0000000080000A4E] -> 0xBFF0
[664] [M]: 0x0000000080000A4C (0xBFF00E93) addi t4, zero, -0x401
x29 <- 0xFFFFFFFFFFFFFBFF
mem[X,0x0000000080000A50] -> 0x3023
mem[X,0x0000000080000A52] -> 0x2FD4
[665] [M]: 0x0000000080000A50 (0x2FD43023) sd t4, 0x2e0(fp)
mem[0x0000000080004588] <- 0xFFFFFFFFFFFFFBFF
mem[X,0x0000000080000A54] -> 0x0E93
mem[X,0x0000000080000A56] -> 0x0010
[666] [M]: 0x0000000080000A54 (0x00100E93) addi t4, zero, 0x1
x29 <- 0x0000000000000001
mem[X,0x0000000080000A58] -> 0x9E93
mem[X,0x0000000080000A5A] -> 0x03EE
[667] [M]: 0x0000000080000A58 (0x03EE9E93) slli t4, t4, 0x3e
x29 <- 0x4000000000000000
mem[X,0x0000000080000A5C] -> 0x0F13
mem[X,0x0000000080000A5E] -> 0x2E04
[668] [M]: 0x0000000080000A5C (0x2E040F13) addi t5, fp, 0x2e0
x30 <- 0x0000000080004588
mem[X,0x0000000080000A60] -> 0x2FAF
mem[X,0x0000000080000A62] -> 0x61DF
[669] [M]: 0x0000000080000A60 (0x61DF2FAF) amoand.w t6, t4, (t5)
mem[RW,0x0000000080004588] -> 0xFFFFFBFF
mem[0x0000000080004588] <- 0x00000000
x31 <- 0xFFFFFFFFFFFFFBFF
mem[X,0x0000000080000A64] -> 0x3423
mem[X,0x0000000080000A66] -> 0x2FF4
[670] [M]: 0x0000000080000A64 (0x2FF43423) sd t6, 0x2e8(fp)
mem[0x0000000080004590] <- 0xFFFFFFFFFFFFFBFF
mem[X,0x0000000080000A68] -> 0x0E93
mem[X,0x0000000080000A6A] -> 0xBFF0
[671] [M]: 0x0000000080000A68 (0xBFF00E93) addi t4, zero, -0x401
x29 <- 0xFFFFFFFFFFFFFBFF
mem[X,0x0000000080000A6C] -> 0x3823
mem[X,0x0000000080000A6E] -> 0x2FD4
[672] [M]: 0x0000000080000A6C (0x2FD43823) sd t4, 0x2f0(fp)
mem[0x0000000080004598] <- 0xFFFFFFFFFFFFFBFF
mem[X,0x0000000080000A70] -> 0x0E93
mem[X,0x0000000080000A72] -> 0x0010
[673] [M]: 0x0000000080000A70 (0x00100E93) addi t4, zero, 0x1
x29 <- 0x0000000000000001
mem[X,0x0000000080000A74] -> 0x9E93
mem[X,0x0000000080000A76] -> 0x03DE
[674] [M]: 0x0000000080000A74 (0x03DE9E93) slli t4, t4, 0x3d
x29 <- 0x2000000000000000
mem[X,0x0000000080000A78] -> 0xCE93
mem[X,0x0000000080000A7A] -> 0xFFFE
[675] [M]: 0x0000000080000A78 (0xFFFECE93) xori t4, t4, -0x1
x29 <- 0xDFFFFFFFFFFFFFFF
mem[X,0x0000000080000A7C] -> 0x0F13
mem[X,0x0000000080000A7E] -> 0x2F04
[676] [M]: 0x0000000080000A7C (0x2F040F13) addi t5, fp, 0x2f0
x30 <- 0x0000000080004598
mem[X,0x0000000080000A80] -> 0x2FAF
mem[X,0x0000000080000A82] -> 0x61DF
[677] [M]: 0x0000000080000A80 (0x61DF2FAF) amoand.w t6, t4, (t5)
mem[RW,0x0000000080004598] -> 0xFFFFFBFF
mem[0x0000000080004598] <- 0xFFFFFBFF
x31 <- 0xFFFFFFFFFFFFFBFF
mem[X,0x0000000080000A84] -> 0x3C23
mem[X,0x0000000080000A86] -> 0x2FF4
[678] [M]: 0x0000000080000A84 (0x2FF43C23) sd t6, 0x2f8(fp)
mem[0x00000000800045A0] <- 0xFFFFFFFFFFFFFBFF
mem[X,0x0000000080000A88] -> 0x0E93
mem[X,0x0000000080000A8A] -> 0xBFF0
[679] [M]: 0x0000000080000A88 (0xBFF00E93) addi t4, zero, -0x401
x29 <- 0xFFFFFFFFFFFFFBFF
mem[X,0x0000000080000A8C] -> 0x3023
mem[X,0x0000000080000A8E] -> 0x31D4
[680] [M]: 0x0000000080000A8C (0x31D43023) sd t4, 0x300(fp)
mem[0x00000000800045A8] <- 0xFFFFFFFFFFFFFBFF
mem[X,0x0000000080000A90] -> 0x0E93
mem[X,0x0000000080000A92] -> 0x0010
[681] [M]: 0x0000000080000A90 (0x00100E93) addi t4, zero, 0x1
x29 <- 0x0000000000000001
mem[X,0x0000000080000A94] -> 0x9E93
mem[X,0x0000000080000A96] -> 0x03EE
[682] [M]: 0x0000000080000A94 (0x03EE9E93) slli t4, t4, 0x3e
x29 <- 0x4000000000000000
mem[X,0x0000000080000A98] -> 0xCE93
mem[X,0x0000000080000A9A] -> 0xFFFE
[683] [M]: 0x0000000080000A98 (0xFFFECE93) xori t4, t4, -0x1
x29 <- 0xBFFFFFFFFFFFFFFF
mem[X,0x0000000080000A9C] -> 0x0F13
mem[X,0x0000000080000A9E] -> 0x3004
[684] [M]: 0x0000000080000A9C (0x30040F13) addi t5, fp, 0x300
x30 <- 0x00000000800045A8
mem[X,0x0000000080000AA0] -> 0x2FAF
mem[X,0x0000000080000AA2] -> 0x61DF
[685] [M]: 0x0000000080000AA0 (0x61DF2FAF) amoand.w t6, t4, (t5)
mem[RW,0x00000000800045A8] -> 0xFFFFFBFF
mem[0x00000000800045A8] <- 0xFFFFFBFF
x31 <- 0xFFFFFFFFFFFFFBFF
mem[X,0x0000000080000AA4] -> 0x3423
mem[X,0x0000000080000AA6] -> 0x31F4
[686] [M]: 0x0000000080000AA4 (0x31F43423) sd t6, 0x308(fp)
mem[0x00000000800045B0] <- 0xFFFFFFFFFFFFFBFF
mem[X,0x0000000080000AA8] -> 0x0E93
mem[X,0x0000000080000AAA] -> 0xBFF0
[687] [M]: 0x0000000080000AA8 (0xBFF00E93) addi t4, zero, -0x401
x29 <- 0xFFFFFFFFFFFFFBFF
mem[X,0x0000000080000AAC] -> 0x3823
mem[X,0x0000000080000AAE] -> 0x31D4
[688] [M]: 0x0000000080000AAC (0x31D43823) sd t4, 0x310(fp)
mem[0x00000000800045B8] <- 0xFFFFFFFFFFFFFBFF
mem[X,0x0000000080000AB0] -> 0x0E93
mem[X,0x0000000080000AB2] -> 0x0040
[689] [M]: 0x0000000080000AB0 (0x00400E93) addi t4, zero, 0x4
x29 <- 0x0000000000000004
mem[X,0x0000000080000AB4] -> 0x0F13
mem[X,0x0000000080000AB6] -> 0x3104
[690] [M]: 0x0000000080000AB4 (0x31040F13) addi t5, fp, 0x310
x30 <- 0x00000000800045B8
mem[X,0x0000000080000AB8] -> 0x2FAF
mem[X,0x0000000080000ABA] -> 0x61DF
[691] [M]: 0x0000000080000AB8 (0x61DF2FAF) amoand.w t6, t4, (t5)
mem[RW,0x00000000800045B8] -> 0xFFFFFBFF
mem[0x00000000800045B8] <- 0x00000004
x31 <- 0xFFFFFFFFFFFFFBFF
mem[X,0x0000000080000ABC] -> 0x3C23
mem[X,0x0000000080000ABE] -> 0x31F4
[692] [M]: 0x0000000080000ABC (0x31F43C23) sd t6, 0x318(fp)
mem[0x00000000800045C0] <- 0xFFFFFFFFFFFFFBFF
mem[X,0x0000000080000AC0] -> 0x0E93
mem[X,0x0000000080000AC2] -> 0xBFF0
[693] [M]: 0x0000000080000AC0 (0xBFF00E93) addi t4, zero, -0x401
x29 <- 0xFFFFFFFFFFFFFBFF
mem[X,0x0000000080000AC4] -> 0x3023
mem[X,0x0000000080000AC6] -> 0x33D4
[694] [M]: 0x0000000080000AC4 (0x33D43023) sd t4, 0x320(fp)
mem[0x00000000800045C8] <- 0xFFFFFFFFFFFFFBFF
mem[X,0x0000000080000AC8] -> 0x0E93
mem[X,0x0000000080000ACA] -> 0x0080
[695] [M]: 0x0000000080000AC8 (0x00800E93) addi t4, zero, 0x8
x29 <- 0x0000000000000008
mem[X,0x0000000080000ACC] -> 0x0F13
mem[X,0x0000000080000ACE] -> 0x3204
[696] [M]: 0x0000000080000ACC (0x32040F13) addi t5, fp, 0x320
x30 <- 0x00000000800045C8
mem[X,0x0000000080000AD0] -> 0x2FAF
mem[X,0x0000000080000AD2] -> 0x61DF
[697] [M]: 0x0000000080000AD0 (0x61DF2FAF) amoand.w t6, t4, (t5)
mem[RW,0x00000000800045C8] -> 0xFFFFFBFF
mem[0x00000000800045C8] <- 0x00000008
x31 <- 0xFFFFFFFFFFFFFBFF
mem[X,0x0000000080000AD4] -> 0x3423
mem[X,0x0000000080000AD6] -> 0x33F4
[698] [M]: 0x0000000080000AD4 (0x33F43423) sd t6, 0x328(fp)
mem[0x00000000800045D0] <- 0xFFFFFFFFFFFFFBFF
mem[X,0x0000000080000AD8] -> 0x0E93
mem[X,0x0000000080000ADA] -> 0xBFF0
[699] [M]: 0x0000000080000AD8 (0xBFF00E93) addi t4, zero, -0x401
x29 <- 0xFFFFFFFFFFFFFBFF
clint::tick mtime <- 0x0000000000000007
 clint timer pending at mtime 0x0000000000000007
htif::tick 0x0000000000000000
mem[X,0x0000000080000ADC] -> 0x3823
mem[X,0x0000000080000ADE] -> 0x33D4
[700] [M]: 0x0000000080000ADC (0x33D43823) sd t4, 0x330(fp)
mem[0x00000000800045D8] <- 0xFFFFFFFFFFFFFBFF
mem[X,0x0000000080000AE0] -> 0x0E93
mem[X,0x0000000080000AE2] -> 0x0100
[701] [M]: 0x0000000080000AE0 (0x01000E93) addi t4, zero, 0x10
x29 <- 0x0000000000000010
mem[X,0x0000000080000AE4] -> 0x0F13
mem[X,0x0000000080000AE6] -> 0x3304
[702] [M]: 0x0000000080000AE4 (0x33040F13) addi t5, fp, 0x330
x30 <- 0x00000000800045D8
mem[X,0x0000000080000AE8] -> 0x2FAF
mem[X,0x0000000080000AEA] -> 0x61DF
[703] [M]: 0x0000000080000AE8 (0x61DF2FAF) amoand.w t6, t4, (t5)
mem[RW,0x00000000800045D8] -> 0xFFFFFBFF
mem[0x00000000800045D8] <- 0x00000010
x31 <- 0xFFFFFFFFFFFFFBFF
mem[X,0x0000000080000AEC] -> 0x3C23
mem[X,0x0000000080000AEE] -> 0x33F4
[704] [M]: 0x0000000080000AEC (0x33F43C23) sd t6, 0x338(fp)
mem[0x00000000800045E0] <- 0xFFFFFFFFFFFFFBFF
mem[X,0x0000000080000AF0] -> 0x0E93
mem[X,0x0000000080000AF2] -> 0xBFF0
[705] [M]: 0x0000000080000AF0 (0xBFF00E93) addi t4, zero, -0x401
x29 <- 0xFFFFFFFFFFFFFBFF
mem[X,0x0000000080000AF4] -> 0x3023
mem[X,0x0000000080000AF6] -> 0x35D4
[706] [M]: 0x0000000080000AF4 (0x35D43023) sd t4, 0x340(fp)
mem[0x00000000800045E8] <- 0xFFFFFFFFFFFFFBFF
mem[X,0x0000000080000AF8] -> 0x0E93
mem[X,0x0000000080000AFA] -> 0x0200
[707] [M]: 0x0000000080000AF8 (0x02000E93) addi t4, zero, 0x20
x29 <- 0x0000000000000020
mem[X,0x0000000080000AFC] -> 0x0F13
mem[X,0x0000000080000AFE] -> 0x3404
[708] [M]: 0x0000000080000AFC (0x34040F13) addi t5, fp, 0x340
x30 <- 0x00000000800045E8
mem[X,0x0000000080000B00] -> 0x2FAF
mem[X,0x0000000080000B02] -> 0x61DF
[709] [M]: 0x0000000080000B00 (0x61DF2FAF) amoand.w t6, t4, (t5)
mem[RW,0x00000000800045E8] -> 0xFFFFFBFF
mem[0x00000000800045E8] <- 0x00000020
x31 <- 0xFFFFFFFFFFFFFBFF
mem[X,0x0000000080000B04] -> 0x3423
mem[X,0x0000000080000B06] -> 0x35F4
[710] [M]: 0x0000000080000B04 (0x35F43423) sd t6, 0x348(fp)
mem[0x00000000800045F0] <- 0xFFFFFFFFFFFFFBFF
mem[X,0x0000000080000B08] -> 0x0E93
mem[X,0x0000000080000B0A] -> 0xBFF0
[711] [M]: 0x0000000080000B08 (0xBFF00E93) addi t4, zero, -0x401
x29 <- 0xFFFFFFFFFFFFFBFF
mem[X,0x0000000080000B0C] -> 0x3823
mem[X,0x0000000080000B0E] -> 0x35D4
[712] [M]: 0x0000000080000B0C (0x35D43823) sd t4, 0x350(fp)
mem[0x00000000800045F8] <- 0xFFFFFFFFFFFFFBFF
mem[X,0x0000000080000B10] -> 0x0E93
mem[X,0x0000000080000B12] -> 0x0400
[713] [M]: 0x0000000080000B10 (0x04000E93) addi t4, zero, 0x40
x29 <- 0x0000000000000040
mem[X,0x0000000080000B14] -> 0x0F13
mem[X,0x0000000080000B16] -> 0x3504
[714] [M]: 0x0000000080000B14 (0x35040F13) addi t5, fp, 0x350
x30 <- 0x00000000800045F8
mem[X,0x0000000080000B18] -> 0x2FAF
mem[X,0x0000000080000B1A] -> 0x61DF
[715] [M]: 0x0000000080000B18 (0x61DF2FAF) amoand.w t6, t4, (t5)
mem[RW,0x00000000800045F8] -> 0xFFFFFBFF
mem[0x00000000800045F8] <- 0x00000040
x31 <- 0xFFFFFFFFFFFFFBFF
mem[X,0x0000000080000B1C] -> 0x3C23
mem[X,0x0000000080000B1E] -> 0x35F4
[716] [M]: 0x0000000080000B1C (0x35F43C23) sd t6, 0x358(fp)
mem[0x0000000080004600] <- 0xFFFFFFFFFFFFFBFF
mem[X,0x0000000080000B20] -> 0x0E93
mem[X,0x0000000080000B22] -> 0xBFF0
[717] [M]: 0x0000000080000B20 (0xBFF00E93) addi t4, zero, -0x401
x29 <- 0xFFFFFFFFFFFFFBFF
mem[X,0x0000000080000B24] -> 0x3023
mem[X,0x0000000080000B26] -> 0x37D4
[718] [M]: 0x0000000080000B24 (0x37D43023) sd t4, 0x360(fp)
mem[0x0000000080004608] <- 0xFFFFFFFFFFFFFBFF
mem[X,0x0000000080000B28] -> 0x0E93
mem[X,0x0000000080000B2A] -> 0x0800
[719] [M]: 0x0000000080000B28 (0x08000E93) addi t4, zero, 0x80
x29 <- 0x0000000000000080
mem[X,0x0000000080000B2C] -> 0x0F13
mem[X,0x0000000080000B2E] -> 0x3604
[720] [M]: 0x0000000080000B2C (0x36040F13) addi t5, fp, 0x360
x30 <- 0x0000000080004608
mem[X,0x0000000080000B30] -> 0x2FAF
mem[X,0x0000000080000B32] -> 0x61DF
[721] [M]: 0x0000000080000B30 (0x61DF2FAF) amoand.w t6, t4, (t5)
mem[RW,0x0000000080004608] -> 0xFFFFFBFF
mem[0x0000000080004608] <- 0x00000080
x31 <- 0xFFFFFFFFFFFFFBFF
mem[X,0x0000000080000B34] -> 0x3423
mem[X,0x0000000080000B36] -> 0x37F4
[722] [M]: 0x0000000080000B34 (0x37F43423) sd t6, 0x368(fp)
mem[0x0000000080004610] <- 0xFFFFFFFFFFFFFBFF
mem[X,0x0000000080000B38] -> 0x0E93
mem[X,0x0000000080000B3A] -> 0xBFF0
[723] [M]: 0x0000000080000B38 (0xBFF00E93) addi t4, zero, -0x401
x29 <- 0xFFFFFFFFFFFFFBFF
mem[X,0x0000000080000B3C] -> 0x3823
mem[X,0x0000000080000B3E] -> 0x37D4
[724] [M]: 0x0000000080000B3C (0x37D43823) sd t4, 0x370(fp)
mem[0x0000000080004618] <- 0xFFFFFFFFFFFFFBFF
mem[X,0x0000000080000B40] -> 0x0E93
mem[X,0x0000000080000B42] -> 0x1000
[725] [M]: 0x0000000080000B40 (0x10000E93) addi t4, zero, 0x100
x29 <- 0x0000000000000100
mem[X,0x0000000080000B44] -> 0x0F13
mem[X,0x0000000080000B46] -> 0x3704
[726] [M]: 0x0000000080000B44 (0x37040F13) addi t5, fp, 0x370
x30 <- 0x0000000080004618
mem[X,0x0000000080000B48] -> 0x2FAF
mem[X,0x0000000080000B4A] -> 0x61DF
[727] [M]: 0x0000000080000B48 (0x61DF2FAF) amoand.w t6, t4, (t5)
mem[RW,0x0000000080004618] -> 0xFFFFFBFF
mem[0x0000000080004618] <- 0x00000100
x31 <- 0xFFFFFFFFFFFFFBFF
mem[X,0x0000000080000B4C] -> 0x3C23
mem[X,0x0000000080000B4E] -> 0x37F4
[728] [M]: 0x0000000080000B4C (0x37F43C23) sd t6, 0x378(fp)
mem[0x0000000080004620] <- 0xFFFFFFFFFFFFFBFF
mem[X,0x0000000080000B50] -> 0x0E93
mem[X,0x0000000080000B52] -> 0xBFF0
[729] [M]: 0x0000000080000B50 (0xBFF00E93) addi t4, zero, -0x401
x29 <- 0xFFFFFFFFFFFFFBFF
mem[X,0x0000000080000B54] -> 0x3023
mem[X,0x0000000080000B56] -> 0x39D4
[730] [M]: 0x0000000080000B54 (0x39D43023) sd t4, 0x380(fp)
mem[0x0000000080004628] <- 0xFFFFFFFFFFFFFBFF
mem[X,0x0000000080000B58] -> 0x0E93
mem[X,0x0000000080000B5A] -> 0x2000
[731] [M]: 0x0000000080000B58 (0x20000E93) addi t4, zero, 0x200
x29 <- 0x0000000000000200
mem[X,0x0000000080000B5C] -> 0x0F13
mem[X,0x0000000080000B5E] -> 0x3804
[732] [M]: 0x0000000080000B5C (0x38040F13) addi t5, fp, 0x380
x30 <- 0x0000000080004628
mem[X,0x0000000080000B60] -> 0x2FAF
mem[X,0x0000000080000B62] -> 0x61DF
[733] [M]: 0x0000000080000B60 (0x61DF2FAF) amoand.w t6, t4, (t5)
mem[RW,0x0000000080004628] -> 0xFFFFFBFF
mem[0x0000000080004628] <- 0x00000200
x31 <- 0xFFFFFFFFFFFFFBFF
mem[X,0x0000000080000B64] -> 0x3423
mem[X,0x0000000080000B66] -> 0x39F4
[734] [M]: 0x0000000080000B64 (0x39F43423) sd t6, 0x388(fp)
mem[0x0000000080004630] <- 0xFFFFFFFFFFFFFBFF
mem[X,0x0000000080000B68] -> 0x0E93
mem[X,0x0000000080000B6A] -> 0xBFF0
[735] [M]: 0x0000000080000B68 (0xBFF00E93) addi t4, zero, -0x401
x29 <- 0xFFFFFFFFFFFFFBFF
mem[X,0x0000000080000B6C] -> 0x3823
mem[X,0x0000000080000B6E] -> 0x39D4
[736] [M]: 0x0000000080000B6C (0x39D43823) sd t4, 0x390(fp)
mem[0x0000000080004638] <- 0xFFFFFFFFFFFFFBFF
mem[X,0x0000000080000B70] -> 0x0E93
mem[X,0x0000000080000B72] -> 0x4000
[737] [M]: 0x0000000080000B70 (0x40000E93) addi t4, zero, 0x400
x29 <- 0x0000000000000400
mem[X,0x0000000080000B74] -> 0x0F13
mem[X,0x0000000080000B76] -> 0x3904
[738] [M]: 0x0000000080000B74 (0x39040F13) addi t5, fp, 0x390
x30 <- 0x0000000080004638
mem[X,0x0000000080000B78] -> 0x2FAF
mem[X,0x0000000080000B7A] -> 0x61DF
[739] [M]: 0x0000000080000B78 (0x61DF2FAF) amoand.w t6, t4, (t5)
mem[RW,0x0000000080004638] -> 0xFFFFFBFF
mem[0x0000000080004638] <- 0x00000000
x31 <- 0xFFFFFFFFFFFFFBFF
mem[X,0x0000000080000B7C] -> 0x3C23
mem[X,0x0000000080000B7E] -> 0x39F4
[740] [M]: 0x0000000080000B7C (0x39F43C23) sd t6, 0x398(fp)
mem[0x0000000080004640] <- 0xFFFFFFFFFFFFFBFF
mem[X,0x0000000080000B80] -> 0x0E93
mem[X,0x0000000080000B82] -> 0xBFF0
[741] [M]: 0x0000000080000B80 (0xBFF00E93) addi t4, zero, -0x401
x29 <- 0xFFFFFFFFFFFFFBFF
mem[X,0x0000000080000B84] -> 0x3023
mem[X,0x0000000080000B86] -> 0x3BD4
[742] [M]: 0x0000000080000B84 (0x3BD43023) sd t4, 0x3a0(fp)
mem[0x0000000080004648] <- 0xFFFFFFFFFFFFFBFF
mem[X,0x0000000080000B88] -> 0x0E93
mem[X,0x0000000080000B8A] -> 0x0010
[743] [M]: 0x0000000080000B88 (0x00100E93) addi t4, zero, 0x1
x29 <- 0x0000000000000001
mem[X,0x0000000080000B8C] -> 0x9E93
mem[X,0x0000000080000B8E] -> 0x00BE
[744] [M]: 0x0000000080000B8C (0x00BE9E93) slli t4, t4, 0xb
x29 <- 0x0000000000000800
mem[X,0x0000000080000B90] -> 0x0F13
mem[X,0x0000000080000B92] -> 0x3A04
[745] [M]: 0x0000000080000B90 (0x3A040F13) addi t5, fp, 0x3a0
x30 <- 0x0000000080004648
mem[X,0x0000000080000B94] -> 0x2FAF
mem[X,0x0000000080000B96] -> 0x61DF
[746] [M]: 0x0000000080000B94 (0x61DF2FAF) amoand.w t6, t4, (t5)
mem[RW,0x0000000080004648] -> 0xFFFFFBFF
mem[0x0000000080004648] <- 0x00000800
x31 <- 0xFFFFFFFFFFFFFBFF
mem[X,0x0000000080000B98] -> 0x3423
mem[X,0x0000000080000B9A] -> 0x3BF4
[747] [M]: 0x0000000080000B98 (0x3BF43423) sd t6, 0x3a8(fp)
mem[0x0000000080004650] <- 0xFFFFFFFFFFFFFBFF
mem[X,0x0000000080000B9C] -> 0x0E93
mem[X,0x0000000080000B9E] -> 0xBFF0
[748] [M]: 0x0000000080000B9C (0xBFF00E93) addi t4, zero, -0x401
x29 <- 0xFFFFFFFFFFFFFBFF
mem[X,0x0000000080000BA0] -> 0x3823
mem[X,0x0000000080000BA2] -> 0x3BD4
[749] [M]: 0x0000000080000BA0 (0x3BD43823) sd t4, 0x3b0(fp)
mem[0x0000000080004658] <- 0xFFFFFFFFFFFFFBFF
mem[X,0x0000000080000BA4] -> 0x0E93
mem[X,0x0000000080000BA6] -> 0x0010
[750] [M]: 0x0000000080000BA4 (0x00100E93) addi t4, zero, 0x1
x29 <- 0x0000000000000001
mem[X,0x0000000080000BA8] -> 0x9E93
mem[X,0x0000000080000BAA] -> 0x00CE
[751] [M]: 0x0000000080000BA8 (0x00CE9E93) slli t4, t4, 0xc
x29 <- 0x0000000000001000
mem[X,0x0000000080000BAC] -> 0x0F13
mem[X,0x0000000080000BAE] -> 0x3B04
[752] [M]: 0x0000000080000BAC (0x3B040F13) addi t5, fp, 0x3b0
x30 <- 0x0000000080004658
mem[X,0x0000000080000BB0] -> 0x2FAF
mem[X,0x0000000080000BB2] -> 0x61DF
[753] [M]: 0x0000000080000BB0 (0x61DF2FAF) amoand.w t6, t4, (t5)
mem[RW,0x0000000080004658] -> 0xFFFFFBFF
mem[0x0000000080004658] <- 0x00001000
x31 <- 0xFFFFFFFFFFFFFBFF
mem[X,0x0000000080000BB4] -> 0x3C23
mem[X,0x0000000080000BB6] -> 0x3BF4
[754] [M]: 0x0000000080000BB4 (0x3BF43C23) sd t6, 0x3b8(fp)
mem[0x0000000080004660] <- 0xFFFFFFFFFFFFFBFF
mem[X,0x0000000080000BB8] -> 0x0E93
mem[X,0x0000000080000BBA] -> 0xBFF0
[755] [M]: 0x0000000080000BB8 (0xBFF00E93) addi t4, zero, -0x401
x29 <- 0xFFFFFFFFFFFFFBFF
mem[X,0x0000000080000BBC] -> 0x3023
mem[X,0x0000000080000BBE] -> 0x3DD4
[756] [M]: 0x0000000080000BBC (0x3DD43023) sd t4, 0x3c0(fp)
mem[0x0000000080004668] <- 0xFFFFFFFFFFFFFBFF
mem[X,0x0000000080000BC0] -> 0x0E93
mem[X,0x0000000080000BC2] -> 0x0010
[757] [M]: 0x0000000080000BC0 (0x00100E93) addi t4, zero, 0x1
x29 <- 0x0000000000000001
mem[X,0x0000000080000BC4] -> 0x9E93
mem[X,0x0000000080000BC6] -> 0x00DE
[758] [M]: 0x0000000080000BC4 (0x00DE9E93) slli t4, t4, 0xd
x29 <- 0x0000000000002000
mem[X,0x0000000080000BC8] -> 0x0F13
mem[X,0x0000000080000BCA] -> 0x3C04
[759] [M]: 0x0000000080000BC8 (0x3C040F13) addi t5, fp, 0x3c0
x30 <- 0x0000000080004668
mem[X,0x0000000080000BCC] -> 0x2FAF
mem[X,0x0000000080000BCE] -> 0x61DF
[760] [M]: 0x0000000080000BCC (0x61DF2FAF) amoand.w t6, t4, (t5)
mem[RW,0x0000000080004668] -> 0xFFFFFBFF
mem[0x0000000080004668] <- 0x00002000
x31 <- 0xFFFFFFFFFFFFFBFF
mem[X,0x0000000080000BD0] -> 0x3423
mem[X,0x0000000080000BD2] -> 0x3DF4
[761] [M]: 0x0000000080000BD0 (0x3DF43423) sd t6, 0x3c8(fp)
mem[0x0000000080004670] <- 0xFFFFFFFFFFFFFBFF
mem[X,0x0000000080000BD4] -> 0x0E93
mem[X,0x0000000080000BD6] -> 0xBFF0
[762] [M]: 0x0000000080000BD4 (0xBFF00E93) addi t4, zero, -0x401
x29 <- 0xFFFFFFFFFFFFFBFF
mem[X,0x0000000080000BD8] -> 0x3823
mem[X,0x0000000080000BDA] -> 0x3DD4
[763] [M]: 0x0000000080000BD8 (0x3DD43823) sd t4, 0x3d0(fp)
mem[0x0000000080004678] <- 0xFFFFFFFFFFFFFBFF
mem[X,0x0000000080000BDC] -> 0x0E93
mem[X,0x0000000080000BDE] -> 0x0010
[764] [M]: 0x0000000080000BDC (0x00100E93) addi t4, zero, 0x1
x29 <- 0x0000000000000001
mem[X,0x0000000080000BE0] -> 0x9E93
mem[X,0x0000000080000BE2] -> 0x00EE
[765] [M]: 0x0000000080000BE0 (0x00EE9E93) slli t4, t4, 0xe
x29 <- 0x0000000000004000
mem[X,0x0000000080000BE4] -> 0x0F13
mem[X,0x0000000080000BE6] -> 0x3D04
[766] [M]: 0x0000000080000BE4 (0x3D040F13) addi t5, fp, 0x3d0
x30 <- 0x0000000080004678
mem[X,0x0000000080000BE8] -> 0x2FAF
mem[X,0x0000000080000BEA] -> 0x61DF
[767] [M]: 0x0000000080000BE8 (0x61DF2FAF) amoand.w t6, t4, (t5)
mem[RW,0x0000000080004678] -> 0xFFFFFBFF
mem[0x0000000080004678] <- 0x00004000
x31 <- 0xFFFFFFFFFFFFFBFF
mem[X,0x0000000080000BEC] -> 0x3C23
mem[X,0x0000000080000BEE] -> 0x3DF4
[768] [M]: 0x0000000080000BEC (0x3DF43C23) sd t6, 0x3d8(fp)
mem[0x0000000080004680] <- 0xFFFFFFFFFFFFFBFF
mem[X,0x0000000080000BF0] -> 0x0E93
mem[X,0x0000000080000BF2] -> 0xBFF0
[769] [M]: 0x0000000080000BF0 (0xBFF00E93) addi t4, zero, -0x401
x29 <- 0xFFFFFFFFFFFFFBFF
mem[X,0x0000000080000BF4] -> 0x3023
mem[X,0x0000000080000BF6] -> 0x3FD4
[770] [M]: 0x0000000080000BF4 (0x3FD43023) sd t4, 0x3e0(fp)
mem[0x0000000080004688] <- 0xFFFFFFFFFFFFFBFF
mem[X,0x0000000080000BF8] -> 0x0E93
mem[X,0x0000000080000BFA] -> 0x0010
[771] [M]: 0x0000000080000BF8 (0x00100E93) addi t4, zero, 0x1
x29 <- 0x0000000000000001
mem[X,0x0000000080000BFC] -> 0x9E93
mem[X,0x0000000080000BFE] -> 0x00FE
[772] [M]: 0x0000000080000BFC (0x00FE9E93) slli t4, t4, 0xf
x29 <- 0x0000000000008000
mem[X,0x0000000080000C00] -> 0x0F13
mem[X,0x0000000080000C02] -> 0x3E04
[773] [M]: 0x0000000080000C00 (0x3E040F13) addi t5, fp, 0x3e0
x30 <- 0x0000000080004688
mem[X,0x0000000080000C04] -> 0x2FAF
mem[X,0x0000000080000C06] -> 0x61DF
[774] [M]: 0x0000000080000C04 (0x61DF2FAF) amoand.w t6, t4, (t5)
mem[RW,0x0000000080004688] -> 0xFFFFFBFF
mem[0x0000000080004688] <- 0x00008000
x31 <- 0xFFFFFFFFFFFFFBFF
mem[X,0x0000000080000C08] -> 0x3423
mem[X,0x0000000080000C0A] -> 0x3FF4
[775] [M]: 0x0000000080000C08 (0x3FF43423) sd t6, 0x3e8(fp)
mem[0x0000000080004690] <- 0xFFFFFFFFFFFFFBFF
mem[X,0x0000000080000C0C] -> 0x0E93
mem[X,0x0000000080000C0E] -> 0xBFF0
[776] [M]: 0x0000000080000C0C (0xBFF00E93) addi t4, zero, -0x401
x29 <- 0xFFFFFFFFFFFFFBFF
mem[X,0x0000000080000C10] -> 0x3823
mem[X,0x0000000080000C12] -> 0x3FD4
[777] [M]: 0x0000000080000C10 (0x3FD43823) sd t4, 0x3f0(fp)
mem[0x0000000080004698] <- 0xFFFFFFFFFFFFFBFF
mem[X,0x0000000080000C14] -> 0x0E93
mem[X,0x0000000080000C16] -> 0x0010
[778] [M]: 0x0000000080000C14 (0x00100E93) addi t4, zero, 0x1
x29 <- 0x0000000000000001
mem[X,0x0000000080000C18] -> 0x9E93
mem[X,0x0000000080000C1A] -> 0x010E
[779] [M]: 0x0000000080000C18 (0x010E9E93) slli t4, t4, 0x10
x29 <- 0x0000000000010000
mem[X,0x0000000080000C1C] -> 0x0F13
mem[X,0x0000000080000C1E] -> 0x3F04
[780] [M]: 0x0000000080000C1C (0x3F040F13) addi t5, fp, 0x3f0
x30 <- 0x0000000080004698
mem[X,0x0000000080000C20] -> 0x2FAF
mem[X,0x0000000080000C22] -> 0x61DF
[781] [M]: 0x0000000080000C20 (0x61DF2FAF) amoand.w t6, t4, (t5)
mem[RW,0x0000000080004698] -> 0xFFFFFBFF
mem[0x0000000080004698] <- 0x00010000
x31 <- 0xFFFFFFFFFFFFFBFF
mem[X,0x0000000080000C24] -> 0x3C23
mem[X,0x0000000080000C26] -> 0x3FF4
[782] [M]: 0x0000000080000C24 (0x3FF43C23) sd t6, 0x3f8(fp)
mem[0x00000000800046A0] <- 0xFFFFFFFFFFFFFBFF
mem[X,0x0000000080000C28] -> 0x0E93
mem[X,0x0000000080000C2A] -> 0xBFF0
[783] [M]: 0x0000000080000C28 (0xBFF00E93) addi t4, zero, -0x401
x29 <- 0xFFFFFFFFFFFFFBFF
mem[X,0x0000000080000C2C] -> 0x3023
mem[X,0x0000000080000C2E] -> 0x41D4
[784] [M]: 0x0000000080000C2C (0x41D43023) sd t4, 0x400(fp)
mem[0x00000000800046A8] <- 0xFFFFFFFFFFFFFBFF
mem[X,0x0000000080000C30] -> 0x0E93
mem[X,0x0000000080000C32] -> 0x0010
[785] [M]: 0x0000000080000C30 (0x00100E93) addi t4, zero, 0x1
x29 <- 0x0000000000000001
mem[X,0x0000000080000C34] -> 0x9E93
mem[X,0x0000000080000C36] -> 0x011E
[786] [M]: 0x0000000080000C34 (0x011E9E93) slli t4, t4, 0x11
x29 <- 0x0000000000020000
mem[X,0x0000000080000C38] -> 0x0F13
mem[X,0x0000000080000C3A] -> 0x4004
[787] [M]: 0x0000000080000C38 (0x40040F13) addi t5, fp, 0x400
x30 <- 0x00000000800046A8
mem[X,0x0000000080000C3C] -> 0x2FAF
mem[X,0x0000000080000C3E] -> 0x61DF
[788] [M]: 0x0000000080000C3C (0x61DF2FAF) amoand.w t6, t4, (t5)
mem[RW,0x00000000800046A8] -> 0xFFFFFBFF
mem[0x00000000800046A8] <- 0x00020000
x31 <- 0xFFFFFFFFFFFFFBFF
mem[X,0x0000000080000C40] -> 0x3423
mem[X,0x0000000080000C42] -> 0x41F4
[789] [M]: 0x0000000080000C40 (0x41F43423) sd t6, 0x408(fp)
mem[0x00000000800046B0] <- 0xFFFFFFFFFFFFFBFF
mem[X,0x0000000080000C44] -> 0x0E93
mem[X,0x0000000080000C46] -> 0xBFF0
[790] [M]: 0x0000000080000C44 (0xBFF00E93) addi t4, zero, -0x401
x29 <- 0xFFFFFFFFFFFFFBFF
mem[X,0x0000000080000C48] -> 0x3823
mem[X,0x0000000080000C4A] -> 0x41D4
[791] [M]: 0x0000000080000C48 (0x41D43823) sd t4, 0x410(fp)
mem[0x00000000800046B8] <- 0xFFFFFFFFFFFFFBFF
mem[X,0x0000000080000C4C] -> 0x0E93
mem[X,0x0000000080000C4E] -> 0x0010
[792] [M]: 0x0000000080000C4C (0x00100E93) addi t4, zero, 0x1
x29 <- 0x0000000000000001
mem[X,0x0000000080000C50] -> 0x9E93
mem[X,0x0000000080000C52] -> 0x012E
[793] [M]: 0x0000000080000C50 (0x012E9E93) slli t4, t4, 0x12
x29 <- 0x0000000000040000
mem[X,0x0000000080000C54] -> 0x0F13
mem[X,0x0000000080000C56] -> 0x4104
[794] [M]: 0x0000000080000C54 (0x41040F13) addi t5, fp, 0x410
x30 <- 0x00000000800046B8
mem[X,0x0000000080000C58] -> 0x2FAF
mem[X,0x0000000080000C5A] -> 0x61DF
[795] [M]: 0x0000000080000C58 (0x61DF2FAF) amoand.w t6, t4, (t5)
mem[RW,0x00000000800046B8] -> 0xFFFFFBFF
mem[0x00000000800046B8] <- 0x00040000
x31 <- 0xFFFFFFFFFFFFFBFF
mem[X,0x0000000080000C5C] -> 0x3C23
mem[X,0x0000000080000C5E] -> 0x41F4
[796] [M]: 0x0000000080000C5C (0x41F43C23) sd t6, 0x418(fp)
mem[0x00000000800046C0] <- 0xFFFFFFFFFFFFFBFF
mem[X,0x0000000080000C60] -> 0x0E93
mem[X,0x0000000080000C62] -> 0xBFF0
[797] [M]: 0x0000000080000C60 (0xBFF00E93) addi t4, zero, -0x401
x29 <- 0xFFFFFFFFFFFFFBFF
mem[X,0x0000000080000C64] -> 0x3023
mem[X,0x0000000080000C66] -> 0x43D4
[798] [M]: 0x0000000080000C64 (0x43D43023) sd t4, 0x420(fp)
mem[0x00000000800046C8] <- 0xFFFFFFFFFFFFFBFF
mem[X,0x0000000080000C68] -> 0x0E93
mem[X,0x0000000080000C6A] -> 0x0010
[799] [M]: 0x0000000080000C68 (0x00100E93) addi t4, zero, 0x1
x29 <- 0x0000000000000001
clint::tick mtime <- 0x0000000000000008
 clint timer pending at mtime 0x0000000000000008
htif::tick 0x0000000000000000
mem[X,0x0000000080000C6C] -> 0x9E93
mem[X,0x0000000080000C6E] -> 0x013E
[800] [M]: 0x0000000080000C6C (0x013E9E93) slli t4, t4, 0x13
x29 <- 0x0000000000080000
mem[X,0x0000000080000C70] -> 0x0F13
mem[X,0x0000000080000C72] -> 0x4204
[801] [M]: 0x0000000080000C70 (0x42040F13) addi t5, fp, 0x420
x30 <- 0x00000000800046C8
mem[X,0x0000000080000C74] -> 0x2FAF
mem[X,0x0000000080000C76] -> 0x61DF
[802] [M]: 0x0000000080000C74 (0x61DF2FAF) amoand.w t6, t4, (t5)
mem[RW,0x00000000800046C8] -> 0xFFFFFBFF
mem[0x00000000800046C8] <- 0x00080000
x31 <- 0xFFFFFFFFFFFFFBFF
mem[X,0x0000000080000C78] -> 0x3423
mem[X,0x0000000080000C7A] -> 0x43F4
[803] [M]: 0x0000000080000C78 (0x43F43423) sd t6, 0x428(fp)
mem[0x00000000800046D0] <- 0xFFFFFFFFFFFFFBFF
mem[X,0x0000000080000C7C] -> 0x0E93
mem[X,0x0000000080000C7E] -> 0xBFF0
[804] [M]: 0x0000000080000C7C (0xBFF00E93) addi t4, zero, -0x401
x29 <- 0xFFFFFFFFFFFFFBFF
mem[X,0x0000000080000C80] -> 0x3823
mem[X,0x0000000080000C82] -> 0x43D4
[805] [M]: 0x0000000080000C80 (0x43D43823) sd t4, 0x430(fp)
mem[0x00000000800046D8] <- 0xFFFFFFFFFFFFFBFF
mem[X,0x0000000080000C84] -> 0x0E93
mem[X,0x0000000080000C86] -> 0x0010
[806] [M]: 0x0000000080000C84 (0x00100E93) addi t4, zero, 0x1
x29 <- 0x0000000000000001
mem[X,0x0000000080000C88] -> 0x9E93
mem[X,0x0000000080000C8A] -> 0x014E
[807] [M]: 0x0000000080000C88 (0x014E9E93) slli t4, t4, 0x14
x29 <- 0x0000000000100000
mem[X,0x0000000080000C8C] -> 0x0F13
mem[X,0x0000000080000C8E] -> 0x4304
[808] [M]: 0x0000000080000C8C (0x43040F13) addi t5, fp, 0x430
x30 <- 0x00000000800046D8
mem[X,0x0000000080000C90] -> 0x2FAF
mem[X,0x0000000080000C92] -> 0x61DF
[809] [M]: 0x0000000080000C90 (0x61DF2FAF) amoand.w t6, t4, (t5)
mem[RW,0x00000000800046D8] -> 0xFFFFFBFF
mem[0x00000000800046D8] <- 0x00100000
x31 <- 0xFFFFFFFFFFFFFBFF
mem[X,0x0000000080000C94] -> 0x3C23
mem[X,0x0000000080000C96] -> 0x43F4
[810] [M]: 0x0000000080000C94 (0x43F43C23) sd t6, 0x438(fp)
mem[0x00000000800046E0] <- 0xFFFFFFFFFFFFFBFF
mem[X,0x0000000080000C98] -> 0x0E93
mem[X,0x0000000080000C9A] -> 0xBFF0
[811] [M]: 0x0000000080000C98 (0xBFF00E93) addi t4, zero, -0x401
x29 <- 0xFFFFFFFFFFFFFBFF
mem[X,0x0000000080000C9C] -> 0x3023
mem[X,0x0000000080000C9E] -> 0x45D4
[812] [M]: 0x0000000080000C9C (0x45D43023) sd t4, 0x440(fp)
mem[0x00000000800046E8] <- 0xFFFFFFFFFFFFFBFF
mem[X,0x0000000080000CA0] -> 0x0E93
mem[X,0x0000000080000CA2] -> 0x0010
[813] [M]: 0x0000000080000CA0 (0x00100E93) addi t4, zero, 0x1
x29 <- 0x0000000000000001
mem[X,0x0000000080000CA4] -> 0x9E93
mem[X,0x0000000080000CA6] -> 0x015E
[814] [M]: 0x0000000080000CA4 (0x015E9E93) slli t4, t4, 0x15
x29 <- 0x0000000000200000
mem[X,0x0000000080000CA8] -> 0x0F13
mem[X,0x0000000080000CAA] -> 0x4404
[815] [M]: 0x0000000080000CA8 (0x44040F13) addi t5, fp, 0x440
x30 <- 0x00000000800046E8
mem[X,0x0000000080000CAC] -> 0x2FAF
mem[X,0x0000000080000CAE] -> 0x61DF
[816] [M]: 0x0000000080000CAC (0x61DF2FAF) amoand.w t6, t4, (t5)
mem[RW,0x00000000800046E8] -> 0xFFFFFBFF
mem[0x00000000800046E8] <- 0x00200000
x31 <- 0xFFFFFFFFFFFFFBFF
mem[X,0x0000000080000CB0] -> 0x3423
mem[X,0x0000000080000CB2] -> 0x45F4
[817] [M]: 0x0000000080000CB0 (0x45F43423) sd t6, 0x448(fp)
mem[0x00000000800046F0] <- 0xFFFFFFFFFFFFFBFF
mem[X,0x0000000080000CB4] -> 0x0E93
mem[X,0x0000000080000CB6] -> 0xBFF0
[818] [M]: 0x0000000080000CB4 (0xBFF00E93) addi t4, zero, -0x401
x29 <- 0xFFFFFFFFFFFFFBFF
mem[X,0x0000000080000CB8] -> 0x3823
mem[X,0x0000000080000CBA] -> 0x45D4
[819] [M]: 0x0000000080000CB8 (0x45D43823) sd t4, 0x450(fp)
mem[0x00000000800046F8] <- 0xFFFFFFFFFFFFFBFF
mem[X,0x0000000080000CBC] -> 0x0E93
mem[X,0x0000000080000CBE] -> 0x0010
[820] [M]: 0x0000000080000CBC (0x00100E93) addi t4, zero, 0x1
x29 <- 0x0000000000000001
mem[X,0x0000000080000CC0] -> 0x9E93
mem[X,0x0000000080000CC2] -> 0x016E
[821] [M]: 0x0000000080000CC0 (0x016E9E93) slli t4, t4, 0x16
x29 <- 0x0000000000400000
mem[X,0x0000000080000CC4] -> 0x0F13
mem[X,0x0000000080000CC6] -> 0x4504
[822] [M]: 0x0000000080000CC4 (0x45040F13) addi t5, fp, 0x450
x30 <- 0x00000000800046F8
mem[X,0x0000000080000CC8] -> 0x2FAF
mem[X,0x0000000080000CCA] -> 0x61DF
[823] [M]: 0x0000000080000CC8 (0x61DF2FAF) amoand.w t6, t4, (t5)
mem[RW,0x00000000800046F8] -> 0xFFFFFBFF
mem[0x00000000800046F8] <- 0x00400000
x31 <- 0xFFFFFFFFFFFFFBFF
mem[X,0x0000000080000CCC] -> 0x3C23
mem[X,0x0000000080000CCE] -> 0x45F4
[824] [M]: 0x0000000080000CCC (0x45F43C23) sd t6, 0x458(fp)
mem[0x0000000080004700] <- 0xFFFFFFFFFFFFFBFF
mem[X,0x0000000080000CD0] -> 0x0E93
mem[X,0x0000000080000CD2] -> 0xBFF0
[825] [M]: 0x0000000080000CD0 (0xBFF00E93) addi t4, zero, -0x401
x29 <- 0xFFFFFFFFFFFFFBFF
mem[X,0x0000000080000CD4] -> 0x3023
mem[X,0x0000000080000CD6] -> 0x47D4
[826] [M]: 0x0000000080000CD4 (0x47D43023) sd t4, 0x460(fp)
mem[0x0000000080004708] <- 0xFFFFFFFFFFFFFBFF
mem[X,0x0000000080000CD8] -> 0x0E93
mem[X,0x0000000080000CDA] -> 0x0010
[827] [M]: 0x0000000080000CD8 (0x00100E93) addi t4, zero, 0x1
x29 <- 0x0000000000000001
mem[X,0x0000000080000CDC] -> 0x9E93
mem[X,0x0000000080000CDE] -> 0x017E
[828] [M]: 0x0000000080000CDC (0x017E9E93) slli t4, t4, 0x17
x29 <- 0x0000000000800000
mem[X,0x0000000080000CE0] -> 0x0F13
mem[X,0x0000000080000CE2] -> 0x4604
[829] [M]: 0x0000000080000CE0 (0x46040F13) addi t5, fp, 0x460
x30 <- 0x0000000080004708
mem[X,0x0000000080000CE4] -> 0x2FAF
mem[X,0x0000000080000CE6] -> 0x61DF
[830] [M]: 0x0000000080000CE4 (0x61DF2FAF) amoand.w t6, t4, (t5)
mem[RW,0x0000000080004708] -> 0xFFFFFBFF
mem[0x0000000080004708] <- 0x00800000
x31 <- 0xFFFFFFFFFFFFFBFF
mem[X,0x0000000080000CE8] -> 0x3423
mem[X,0x0000000080000CEA] -> 0x47F4
[831] [M]: 0x0000000080000CE8 (0x47F43423) sd t6, 0x468(fp)
mem[0x0000000080004710] <- 0xFFFFFFFFFFFFFBFF
mem[X,0x0000000080000CEC] -> 0x0E93
mem[X,0x0000000080000CEE] -> 0xBFF0
[832] [M]: 0x0000000080000CEC (0xBFF00E93) addi t4, zero, -0x401
x29 <- 0xFFFFFFFFFFFFFBFF
mem[X,0x0000000080000CF0] -> 0x3823
mem[X,0x0000000080000CF2] -> 0x47D4
[833] [M]: 0x0000000080000CF0 (0x47D43823) sd t4, 0x470(fp)
mem[0x0000000080004718] <- 0xFFFFFFFFFFFFFBFF
mem[X,0x0000000080000CF4] -> 0x0E93
mem[X,0x0000000080000CF6] -> 0x0010
[834] [M]: 0x0000000080000CF4 (0x00100E93) addi t4, zero, 0x1
x29 <- 0x0000000000000001
mem[X,0x0000000080000CF8] -> 0x9E93
mem[X,0x0000000080000CFA] -> 0x018E
[835] [M]: 0x0000000080000CF8 (0x018E9E93) slli t4, t4, 0x18
x29 <- 0x0000000001000000
mem[X,0x0000000080000CFC] -> 0x0F13
mem[X,0x0000000080000CFE] -> 0x4704
[836] [M]: 0x0000000080000CFC (0x47040F13) addi t5, fp, 0x470
x30 <- 0x0000000080004718
mem[X,0x0000000080000D00] -> 0x2FAF
mem[X,0x0000000080000D02] -> 0x61DF
[837] [M]: 0x0000000080000D00 (0x61DF2FAF) amoand.w t6, t4, (t5)
mem[RW,0x0000000080004718] -> 0xFFFFFBFF
mem[0x0000000080004718] <- 0x01000000
x31 <- 0xFFFFFFFFFFFFFBFF
mem[X,0x0000000080000D04] -> 0x3C23
mem[X,0x0000000080000D06] -> 0x47F4
[838] [M]: 0x0000000080000D04 (0x47F43C23) sd t6, 0x478(fp)
mem[0x0000000080004720] <- 0xFFFFFFFFFFFFFBFF
mem[X,0x0000000080000D08] -> 0x0E93
mem[X,0x0000000080000D0A] -> 0xBFF0
[839] [M]: 0x0000000080000D08 (0xBFF00E93) addi t4, zero, -0x401
x29 <- 0xFFFFFFFFFFFFFBFF
mem[X,0x0000000080000D0C] -> 0x3023
mem[X,0x0000000080000D0E] -> 0x49D4
[840] [M]: 0x0000000080000D0C (0x49D43023) sd t4, 0x480(fp)
mem[0x0000000080004728] <- 0xFFFFFFFFFFFFFBFF
mem[X,0x0000000080000D10] -> 0x0E93
mem[X,0x0000000080000D12] -> 0x0010
[841] [M]: 0x0000000080000D10 (0x00100E93) addi t4, zero, 0x1
x29 <- 0x0000000000000001
mem[X,0x0000000080000D14] -> 0x9E93
mem[X,0x0000000080000D16] -> 0x019E
[842] [M]: 0x0000000080000D14 (0x019E9E93) slli t4, t4, 0x19
x29 <- 0x0000000002000000
mem[X,0x0000000080000D18] -> 0x0F13
mem[X,0x0000000080000D1A] -> 0x4804
[843] [M]: 0x0000000080000D18 (0x48040F13) addi t5, fp, 0x480
x30 <- 0x0000000080004728
mem[X,0x0000000080000D1C] -> 0x2FAF
mem[X,0x0000000080000D1E] -> 0x61DF
[844] [M]: 0x0000000080000D1C (0x61DF2FAF) amoand.w t6, t4, (t5)
mem[RW,0x0000000080004728] -> 0xFFFFFBFF
mem[0x0000000080004728] <- 0x02000000
x31 <- 0xFFFFFFFFFFFFFBFF
mem[X,0x0000000080000D20] -> 0x3423
mem[X,0x0000000080000D22] -> 0x49F4
[845] [M]: 0x0000000080000D20 (0x49F43423) sd t6, 0x488(fp)
mem[0x0000000080004730] <- 0xFFFFFFFFFFFFFBFF
mem[X,0x0000000080000D24] -> 0x0E93
mem[X,0x0000000080000D26] -> 0xBFF0
[846] [M]: 0x0000000080000D24 (0xBFF00E93) addi t4, zero, -0x401
x29 <- 0xFFFFFFFFFFFFFBFF
mem[X,0x0000000080000D28] -> 0x3823
mem[X,0x0000000080000D2A] -> 0x49D4
[847] [M]: 0x0000000080000D28 (0x49D43823) sd t4, 0x490(fp)
mem[0x0000000080004738] <- 0xFFFFFFFFFFFFFBFF
mem[X,0x0000000080000D2C] -> 0x0E93
mem[X,0x0000000080000D2E] -> 0x0010
[848] [M]: 0x0000000080000D2C (0x00100E93) addi t4, zero, 0x1
x29 <- 0x0000000000000001
mem[X,0x0000000080000D30] -> 0x9E93
mem[X,0x0000000080000D32] -> 0x01AE
[849] [M]: 0x0000000080000D30 (0x01AE9E93) slli t4, t4, 0x1a
x29 <- 0x0000000004000000
mem[X,0x0000000080000D34] -> 0x0F13
mem[X,0x0000000080000D36] -> 0x4904
[850] [M]: 0x0000000080000D34 (0x49040F13) addi t5, fp, 0x490
x30 <- 0x0000000080004738
mem[X,0x0000000080000D38] -> 0x2FAF
mem[X,0x0000000080000D3A] -> 0x61DF
[851] [M]: 0x0000000080000D38 (0x61DF2FAF) amoand.w t6, t4, (t5)
mem[RW,0x0000000080004738] -> 0xFFFFFBFF
mem[0x0000000080004738] <- 0x04000000
x31 <- 0xFFFFFFFFFFFFFBFF
mem[X,0x0000000080000D3C] -> 0x3C23
mem[X,0x0000000080000D3E] -> 0x49F4
[852] [M]: 0x0000000080000D3C (0x49F43C23) sd t6, 0x498(fp)
mem[0x0000000080004740] <- 0xFFFFFFFFFFFFFBFF
mem[X,0x0000000080000D40] -> 0x0E93
mem[X,0x0000000080000D42] -> 0xBFF0
[853] [M]: 0x0000000080000D40 (0xBFF00E93) addi t4, zero, -0x401
x29 <- 0xFFFFFFFFFFFFFBFF
mem[X,0x0000000080000D44] -> 0x3023
mem[X,0x0000000080000D46] -> 0x4BD4
[854] [M]: 0x0000000080000D44 (0x4BD43023) sd t4, 0x4a0(fp)
mem[0x0000000080004748] <- 0xFFFFFFFFFFFFFBFF
mem[X,0x0000000080000D48] -> 0x0E93
mem[X,0x0000000080000D4A] -> 0x0010
[855] [M]: 0x0000000080000D48 (0x00100E93) addi t4, zero, 0x1
x29 <- 0x0000000000000001
mem[X,0x0000000080000D4C] -> 0x9E93
mem[X,0x0000000080000D4E] -> 0x01BE
[856] [M]: 0x0000000080000D4C (0x01BE9E93) slli t4, t4, 0x1b
x29 <- 0x0000000008000000
mem[X,0x0000000080000D50] -> 0x0F13
mem[X,0x0000000080000D52] -> 0x4A04
[857] [M]: 0x0000000080000D50 (0x4A040F13) addi t5, fp, 0x4a0
x30 <- 0x0000000080004748
mem[X,0x0000000080000D54] -> 0x2FAF
mem[X,0x0000000080000D56] -> 0x61DF
[858] [M]: 0x0000000080000D54 (0x61DF2FAF) amoand.w t6, t4, (t5)
mem[RW,0x0000000080004748] -> 0xFFFFFBFF
mem[0x0000000080004748] <- 0x08000000
x31 <- 0xFFFFFFFFFFFFFBFF
mem[X,0x0000000080000D58] -> 0x3423
mem[X,0x0000000080000D5A] -> 0x4BF4
[859] [M]: 0x0000000080000D58 (0x4BF43423) sd t6, 0x4a8(fp)
mem[0x0000000080004750] <- 0xFFFFFFFFFFFFFBFF
mem[X,0x0000000080000D5C] -> 0x0E93
mem[X,0x0000000080000D5E] -> 0xBFF0
[860] [M]: 0x0000000080000D5C (0xBFF00E93) addi t4, zero, -0x401
x29 <- 0xFFFFFFFFFFFFFBFF
mem[X,0x0000000080000D60] -> 0x3823
mem[X,0x0000000080000D62] -> 0x4BD4
[861] [M]: 0x0000000080000D60 (0x4BD43823) sd t4, 0x4b0(fp)
mem[0x0000000080004758] <- 0xFFFFFFFFFFFFFBFF
mem[X,0x0000000080000D64] -> 0x0E93
mem[X,0x0000000080000D66] -> 0x0010
[862] [M]: 0x0000000080000D64 (0x00100E93) addi t4, zero, 0x1
x29 <- 0x0000000000000001
mem[X,0x0000000080000D68] -> 0x9E93
mem[X,0x0000000080000D6A] -> 0x01CE
[863] [M]: 0x0000000080000D68 (0x01CE9E93) slli t4, t4, 0x1c
x29 <- 0x0000000010000000
mem[X,0x0000000080000D6C] -> 0x0F13
mem[X,0x0000000080000D6E] -> 0x4B04
[864] [M]: 0x0000000080000D6C (0x4B040F13) addi t5, fp, 0x4b0
x30 <- 0x0000000080004758
mem[X,0x0000000080000D70] -> 0x2FAF
mem[X,0x0000000080000D72] -> 0x61DF
[865] [M]: 0x0000000080000D70 (0x61DF2FAF) amoand.w t6, t4, (t5)
mem[RW,0x0000000080004758] -> 0xFFFFFBFF
mem[0x0000000080004758] <- 0x10000000
x31 <- 0xFFFFFFFFFFFFFBFF
mem[X,0x0000000080000D74] -> 0x3C23
mem[X,0x0000000080000D76] -> 0x4BF4
[866] [M]: 0x0000000080000D74 (0x4BF43C23) sd t6, 0x4b8(fp)
mem[0x0000000080004760] <- 0xFFFFFFFFFFFFFBFF
mem[X,0x0000000080000D78] -> 0x0E93
mem[X,0x0000000080000D7A] -> 0xBFF0
[867] [M]: 0x0000000080000D78 (0xBFF00E93) addi t4, zero, -0x401
x29 <- 0xFFFFFFFFFFFFFBFF
mem[X,0x0000000080000D7C] -> 0x3023
mem[X,0x0000000080000D7E] -> 0x4DD4
[868] [M]: 0x0000000080000D7C (0x4DD43023) sd t4, 0x4c0(fp)
mem[0x0000000080004768] <- 0xFFFFFFFFFFFFFBFF
mem[X,0x0000000080000D80] -> 0x0E93
mem[X,0x0000000080000D82] -> 0x0010
[869] [M]: 0x0000000080000D80 (0x00100E93) addi t4, zero, 0x1
x29 <- 0x0000000000000001
mem[X,0x0000000080000D84] -> 0x9E93
mem[X,0x0000000080000D86] -> 0x01DE
[870] [M]: 0x0000000080000D84 (0x01DE9E93) slli t4, t4, 0x1d
x29 <- 0x0000000020000000
mem[X,0x0000000080000D88] -> 0x0F13
mem[X,0x0000000080000D8A] -> 0x4C04
[871] [M]: 0x0000000080000D88 (0x4C040F13) addi t5, fp, 0x4c0
x30 <- 0x0000000080004768
mem[X,0x0000000080000D8C] -> 0x2FAF
mem[X,0x0000000080000D8E] -> 0x61DF
[872] [M]: 0x0000000080000D8C (0x61DF2FAF) amoand.w t6, t4, (t5)
mem[RW,0x0000000080004768] -> 0xFFFFFBFF
mem[0x0000000080004768] <- 0x20000000
x31 <- 0xFFFFFFFFFFFFFBFF
mem[X,0x0000000080000D90] -> 0x3423
mem[X,0x0000000080000D92] -> 0x4DF4
[873] [M]: 0x0000000080000D90 (0x4DF43423) sd t6, 0x4c8(fp)
mem[0x0000000080004770] <- 0xFFFFFFFFFFFFFBFF
mem[X,0x0000000080000D94] -> 0x0E93
mem[X,0x0000000080000D96] -> 0xBFF0
[874] [M]: 0x0000000080000D94 (0xBFF00E93) addi t4, zero, -0x401
x29 <- 0xFFFFFFFFFFFFFBFF
mem[X,0x0000000080000D98] -> 0x3823
mem[X,0x0000000080000D9A] -> 0x4DD4
[875] [M]: 0x0000000080000D98 (0x4DD43823) sd t4, 0x4d0(fp)
mem[0x0000000080004778] <- 0xFFFFFFFFFFFFFBFF
mem[X,0x0000000080000D9C] -> 0x0E93
mem[X,0x0000000080000D9E] -> 0x0010
[876] [M]: 0x0000000080000D9C (0x00100E93) addi t4, zero, 0x1
x29 <- 0x0000000000000001
mem[X,0x0000000080000DA0] -> 0x9E93
mem[X,0x0000000080000DA2] -> 0x01EE
[877] [M]: 0x0000000080000DA0 (0x01EE9E93) slli t4, t4, 0x1e
x29 <- 0x0000000040000000
mem[X,0x0000000080000DA4] -> 0x0F13
mem[X,0x0000000080000DA6] -> 0x4D04
[878] [M]: 0x0000000080000DA4 (0x4D040F13) addi t5, fp, 0x4d0
x30 <- 0x0000000080004778
mem[X,0x0000000080000DA8] -> 0x2FAF
mem[X,0x0000000080000DAA] -> 0x61DF
[879] [M]: 0x0000000080000DA8 (0x61DF2FAF) amoand.w t6, t4, (t5)
mem[RW,0x0000000080004778] -> 0xFFFFFBFF
mem[0x0000000080004778] <- 0x40000000
x31 <- 0xFFFFFFFFFFFFFBFF
mem[X,0x0000000080000DAC] -> 0x3C23
mem[X,0x0000000080000DAE] -> 0x4DF4
[880] [M]: 0x0000000080000DAC (0x4DF43C23) sd t6, 0x4d8(fp)
mem[0x0000000080004780] <- 0xFFFFFFFFFFFFFBFF
mem[X,0x0000000080000DB0] -> 0x0E93
mem[X,0x0000000080000DB2] -> 0xBFF0
[881] [M]: 0x0000000080000DB0 (0xBFF00E93) addi t4, zero, -0x401
x29 <- 0xFFFFFFFFFFFFFBFF
mem[X,0x0000000080000DB4] -> 0x3023
mem[X,0x0000000080000DB6] -> 0x4FD4
[882] [M]: 0x0000000080000DB4 (0x4FD43023) sd t4, 0x4e0(fp)
mem[0x0000000080004788] <- 0xFFFFFFFFFFFFFBFF
mem[X,0x0000000080000DB8] -> 0x0E93
mem[X,0x0000000080000DBA] -> 0x0010
[883] [M]: 0x0000000080000DB8 (0x00100E93) addi t4, zero, 0x1
x29 <- 0x0000000000000001
mem[X,0x0000000080000DBC] -> 0x9E93
mem[X,0x0000000080000DBE] -> 0x01FE
[884] [M]: 0x0000000080000DBC (0x01FE9E93) slli t4, t4, 0x1f
x29 <- 0x0000000080000000
mem[X,0x0000000080000DC0] -> 0x0F13
mem[X,0x0000000080000DC2] -> 0x4E04
[885] [M]: 0x0000000080000DC0 (0x4E040F13) addi t5, fp, 0x4e0
x30 <- 0x0000000080004788
mem[X,0x0000000080000DC4] -> 0x2FAF
mem[X,0x0000000080000DC6] -> 0x61DF
[886] [M]: 0x0000000080000DC4 (0x61DF2FAF) amoand.w t6, t4, (t5)
mem[RW,0x0000000080004788] -> 0xFFFFFBFF
mem[0x0000000080004788] <- 0x80000000
x31 <- 0xFFFFFFFFFFFFFBFF
mem[X,0x0000000080000DC8] -> 0x3423
mem[X,0x0000000080000DCA] -> 0x4FF4
[887] [M]: 0x0000000080000DC8 (0x4FF43423) sd t6, 0x4e8(fp)
mem[0x0000000080004790] <- 0xFFFFFFFFFFFFFBFF
mem[X,0x0000000080000DCC] -> 0x0E93
mem[X,0x0000000080000DCE] -> 0xBFF0
[888] [M]: 0x0000000080000DCC (0xBFF00E93) addi t4, zero, -0x401
x29 <- 0xFFFFFFFFFFFFFBFF
mem[X,0x0000000080000DD0] -> 0x3823
mem[X,0x0000000080000DD2] -> 0x4FD4
[889] [M]: 0x0000000080000DD0 (0x4FD43823) sd t4, 0x4f0(fp)
mem[0x0000000080004798] <- 0xFFFFFFFFFFFFFBFF
mem[X,0x0000000080000DD4] -> 0x0E93
mem[X,0x0000000080000DD6] -> 0x0010
[890] [M]: 0x0000000080000DD4 (0x00100E93) addi t4, zero, 0x1
x29 <- 0x0000000000000001
mem[X,0x0000000080000DD8] -> 0x9E93
mem[X,0x0000000080000DDA] -> 0x020E
[891] [M]: 0x0000000080000DD8 (0x020E9E93) slli t4, t4, 0x20
x29 <- 0x0000000100000000
mem[X,0x0000000080000DDC] -> 0x0F13
mem[X,0x0000000080000DDE] -> 0x4F04
[892] [M]: 0x0000000080000DDC (0x4F040F13) addi t5, fp, 0x4f0
x30 <- 0x0000000080004798
mem[X,0x0000000080000DE0] -> 0x2FAF
mem[X,0x0000000080000DE2] -> 0x61DF
[893] [M]: 0x0000000080000DE0 (0x61DF2FAF) amoand.w t6, t4, (t5)
mem[RW,0x0000000080004798] -> 0xFFFFFBFF
mem[0x0000000080004798] <- 0x00000000
x31 <- 0xFFFFFFFFFFFFFBFF
mem[X,0x0000000080000DE4] -> 0x3C23
mem[X,0x0000000080000DE6] -> 0x4FF4
[894] [M]: 0x0000000080000DE4 (0x4FF43C23) sd t6, 0x4f8(fp)
mem[0x00000000800047A0] <- 0xFFFFFFFFFFFFFBFF
mem[X,0x0000000080000DE8] -> 0x0E93
mem[X,0x0000000080000DEA] -> 0xBFF0
[895] [M]: 0x0000000080000DE8 (0xBFF00E93) addi t4, zero, -0x401
x29 <- 0xFFFFFFFFFFFFFBFF
mem[X,0x0000000080000DEC] -> 0x3023
mem[X,0x0000000080000DEE] -> 0x51D4
[896] [M]: 0x0000000080000DEC (0x51D43023) sd t4, 0x500(fp)
mem[0x00000000800047A8] <- 0xFFFFFFFFFFFFFBFF
mem[X,0x0000000080000DF0] -> 0x0E93
mem[X,0x0000000080000DF2] -> 0x0010
[897] [M]: 0x0000000080000DF0 (0x00100E93) addi t4, zero, 0x1
x29 <- 0x0000000000000001
mem[X,0x0000000080000DF4] -> 0x9E93
mem[X,0x0000000080000DF6] -> 0x021E
[898] [M]: 0x0000000080000DF4 (0x021E9E93) slli t4, t4, 0x21
x29 <- 0x0000000200000000
mem[X,0x0000000080000DF8] -> 0x0F13
mem[X,0x0000000080000DFA] -> 0x5004
[899] [M]: 0x0000000080000DF8 (0x50040F13) addi t5, fp, 0x500
x30 <- 0x00000000800047A8
clint::tick mtime <- 0x0000000000000009
 clint timer pending at mtime 0x0000000000000009
htif::tick 0x0000000000000000
mem[X,0x0000000080000DFC] -> 0x2FAF
mem[X,0x0000000080000DFE] -> 0x61DF
[900] [M]: 0x0000000080000DFC (0x61DF2FAF) amoand.w t6, t4, (t5)
mem[RW,0x00000000800047A8] -> 0xFFFFFBFF
mem[0x00000000800047A8] <- 0x00000000
x31 <- 0xFFFFFFFFFFFFFBFF
mem[X,0x0000000080000E00] -> 0x3423
mem[X,0x0000000080000E02] -> 0x51F4
[901] [M]: 0x0000000080000E00 (0x51F43423) sd t6, 0x508(fp)
mem[0x00000000800047B0] <- 0xFFFFFFFFFFFFFBFF
mem[X,0x0000000080000E04] -> 0x0E93
mem[X,0x0000000080000E06] -> 0xBFF0
[902] [M]: 0x0000000080000E04 (0xBFF00E93) addi t4, zero, -0x401
x29 <- 0xFFFFFFFFFFFFFBFF
mem[X,0x0000000080000E08] -> 0x3823
mem[X,0x0000000080000E0A] -> 0x51D4
[903] [M]: 0x0000000080000E08 (0x51D43823) sd t4, 0x510(fp)
mem[0x00000000800047B8] <- 0xFFFFFFFFFFFFFBFF
mem[X,0x0000000080000E0C] -> 0x0E93
mem[X,0x0000000080000E0E] -> 0x0010
[904] [M]: 0x0000000080000E0C (0x00100E93) addi t4, zero, 0x1
x29 <- 0x0000000000000001
mem[X,0x0000000080000E10] -> 0x9E93
mem[X,0x0000000080000E12] -> 0x022E
[905] [M]: 0x0000000080000E10 (0x022E9E93) slli t4, t4, 0x22
x29 <- 0x0000000400000000
mem[X,0x0000000080000E14] -> 0x0F13
mem[X,0x0000000080000E16] -> 0x5104
[906] [M]: 0x0000000080000E14 (0x51040F13) addi t5, fp, 0x510
x30 <- 0x00000000800047B8
mem[X,0x0000000080000E18] -> 0x2FAF
mem[X,0x0000000080000E1A] -> 0x61DF
[907] [M]: 0x0000000080000E18 (0x61DF2FAF) amoand.w t6, t4, (t5)
mem[RW,0x00000000800047B8] -> 0xFFFFFBFF
mem[0x00000000800047B8] <- 0x00000000
x31 <- 0xFFFFFFFFFFFFFBFF
mem[X,0x0000000080000E1C] -> 0x3C23
mem[X,0x0000000080000E1E] -> 0x51F4
[908] [M]: 0x0000000080000E1C (0x51F43C23) sd t6, 0x518(fp)
mem[0x00000000800047C0] <- 0xFFFFFFFFFFFFFBFF
mem[X,0x0000000080000E20] -> 0x0E93
mem[X,0x0000000080000E22] -> 0xBFF0
[909] [M]: 0x0000000080000E20 (0xBFF00E93) addi t4, zero, -0x401
x29 <- 0xFFFFFFFFFFFFFBFF
mem[X,0x0000000080000E24] -> 0x3023
mem[X,0x0000000080000E26] -> 0x53D4
[910] [M]: 0x0000000080000E24 (0x53D43023) sd t4, 0x520(fp)
mem[0x00000000800047C8] <- 0xFFFFFFFFFFFFFBFF
mem[X,0x0000000080000E28] -> 0x0E93
mem[X,0x0000000080000E2A] -> 0x0010
[911] [M]: 0x0000000080000E28 (0x00100E93) addi t4, zero, 0x1
x29 <- 0x0000000000000001
mem[X,0x0000000080000E2C] -> 0x9E93
mem[X,0x0000000080000E2E] -> 0x023E
[912] [M]: 0x0000000080000E2C (0x023E9E93) slli t4, t4, 0x23
x29 <- 0x0000000800000000
mem[X,0x0000000080000E30] -> 0x0F13
mem[X,0x0000000080000E32] -> 0x5204
[913] [M]: 0x0000000080000E30 (0x52040F13) addi t5, fp, 0x520
x30 <- 0x00000000800047C8
mem[X,0x0000000080000E34] -> 0x2FAF
mem[X,0x0000000080000E36] -> 0x61DF
[914] [M]: 0x0000000080000E34 (0x61DF2FAF) amoand.w t6, t4, (t5)
mem[RW,0x00000000800047C8] -> 0xFFFFFBFF
mem[0x00000000800047C8] <- 0x00000000
x31 <- 0xFFFFFFFFFFFFFBFF
mem[X,0x0000000080000E38] -> 0x3423
mem[X,0x0000000080000E3A] -> 0x53F4
[915] [M]: 0x0000000080000E38 (0x53F43423) sd t6, 0x528(fp)
mem[0x00000000800047D0] <- 0xFFFFFFFFFFFFFBFF
mem[X,0x0000000080000E3C] -> 0x0E93
mem[X,0x0000000080000E3E] -> 0xBFF0
[916] [M]: 0x0000000080000E3C (0xBFF00E93) addi t4, zero, -0x401
x29 <- 0xFFFFFFFFFFFFFBFF
mem[X,0x0000000080000E40] -> 0x3823
mem[X,0x0000000080000E42] -> 0x53D4
[917] [M]: 0x0000000080000E40 (0x53D43823) sd t4, 0x530(fp)
mem[0x00000000800047D8] <- 0xFFFFFFFFFFFFFBFF
mem[X,0x0000000080000E44] -> 0x0E93
mem[X,0x0000000080000E46] -> 0x0010
[918] [M]: 0x0000000080000E44 (0x00100E93) addi t4, zero, 0x1
x29 <- 0x0000000000000001
mem[X,0x0000000080000E48] -> 0x9E93
mem[X,0x0000000080000E4A] -> 0x024E
[919] [M]: 0x0000000080000E48 (0x024E9E93) slli t4, t4, 0x24
x29 <- 0x0000001000000000
mem[X,0x0000000080000E4C] -> 0x0F13
mem[X,0x0000000080000E4E] -> 0x5304
[920] [M]: 0x0000000080000E4C (0x53040F13) addi t5, fp, 0x530
x30 <- 0x00000000800047D8
mem[X,0x0000000080000E50] -> 0x2FAF
mem[X,0x0000000080000E52] -> 0x61DF
[921] [M]: 0x0000000080000E50 (0x61DF2FAF) amoand.w t6, t4, (t5)
mem[RW,0x00000000800047D8] -> 0xFFFFFBFF
mem[0x00000000800047D8] <- 0x00000000
x31 <- 0xFFFFFFFFFFFFFBFF
mem[X,0x0000000080000E54] -> 0x3C23
mem[X,0x0000000080000E56] -> 0x53F4
[922] [M]: 0x0000000080000E54 (0x53F43C23) sd t6, 0x538(fp)
mem[0x00000000800047E0] <- 0xFFFFFFFFFFFFFBFF
mem[X,0x0000000080000E58] -> 0x0E93
mem[X,0x0000000080000E5A] -> 0xBFF0
[923] [M]: 0x0000000080000E58 (0xBFF00E93) addi t4, zero, -0x401
x29 <- 0xFFFFFFFFFFFFFBFF
mem[X,0x0000000080000E5C] -> 0x3023
mem[X,0x0000000080000E5E] -> 0x55D4
[924] [M]: 0x0000000080000E5C (0x55D43023) sd t4, 0x540(fp)
mem[0x00000000800047E8] <- 0xFFFFFFFFFFFFFBFF
mem[X,0x0000000080000E60] -> 0x0E93
mem[X,0x0000000080000E62] -> 0x0010
[925] [M]: 0x0000000080000E60 (0x00100E93) addi t4, zero, 0x1
x29 <- 0x0000000000000001
mem[X,0x0000000080000E64] -> 0x9E93
mem[X,0x0000000080000E66] -> 0x025E
[926] [M]: 0x0000000080000E64 (0x025E9E93) slli t4, t4, 0x25
x29 <- 0x0000002000000000
mem[X,0x0000000080000E68] -> 0x0F13
mem[X,0x0000000080000E6A] -> 0x5404
[927] [M]: 0x0000000080000E68 (0x54040F13) addi t5, fp, 0x540
x30 <- 0x00000000800047E8
mem[X,0x0000000080000E6C] -> 0x2FAF
mem[X,0x0000000080000E6E] -> 0x61DF
[928] [M]: 0x0000000080000E6C (0x61DF2FAF) amoand.w t6, t4, (t5)
mem[RW,0x00000000800047E8] -> 0xFFFFFBFF
mem[0x00000000800047E8] <- 0x00000000
x31 <- 0xFFFFFFFFFFFFFBFF
mem[X,0x0000000080000E70] -> 0x3423
mem[X,0x0000000080000E72] -> 0x55F4
[929] [M]: 0x0000000080000E70 (0x55F43423) sd t6, 0x548(fp)
mem[0x00000000800047F0] <- 0xFFFFFFFFFFFFFBFF
mem[X,0x0000000080000E74] -> 0x0E93
mem[X,0x0000000080000E76] -> 0xBFF0
[930] [M]: 0x0000000080000E74 (0xBFF00E93) addi t4, zero, -0x401
x29 <- 0xFFFFFFFFFFFFFBFF
mem[X,0x0000000080000E78] -> 0x3823
mem[X,0x0000000080000E7A] -> 0x55D4
[931] [M]: 0x0000000080000E78 (0x55D43823) sd t4, 0x550(fp)
mem[0x00000000800047F8] <- 0xFFFFFFFFFFFFFBFF
mem[X,0x0000000080000E7C] -> 0x0E93
mem[X,0x0000000080000E7E] -> 0x0010
[932] [M]: 0x0000000080000E7C (0x00100E93) addi t4, zero, 0x1
x29 <- 0x0000000000000001
mem[X,0x0000000080000E80] -> 0x9E93
mem[X,0x0000000080000E82] -> 0x026E
[933] [M]: 0x0000000080000E80 (0x026E9E93) slli t4, t4, 0x26
x29 <- 0x0000004000000000
mem[X,0x0000000080000E84] -> 0x0F13
mem[X,0x0000000080000E86] -> 0x5504
[934] [M]: 0x0000000080000E84 (0x55040F13) addi t5, fp, 0x550
x30 <- 0x00000000800047F8
mem[X,0x0000000080000E88] -> 0x2FAF
mem[X,0x0000000080000E8A] -> 0x61DF
[935] [M]: 0x0000000080000E88 (0x61DF2FAF) amoand.w t6, t4, (t5)
mem[RW,0x00000000800047F8] -> 0xFFFFFBFF
mem[0x00000000800047F8] <- 0x00000000
x31 <- 0xFFFFFFFFFFFFFBFF
mem[X,0x0000000080000E8C] -> 0x3C23
mem[X,0x0000000080000E8E] -> 0x55F4
[936] [M]: 0x0000000080000E8C (0x55F43C23) sd t6, 0x558(fp)
mem[0x0000000080004800] <- 0xFFFFFFFFFFFFFBFF
mem[X,0x0000000080000E90] -> 0x0E93
mem[X,0x0000000080000E92] -> 0xBFF0
[937] [M]: 0x0000000080000E90 (0xBFF00E93) addi t4, zero, -0x401
x29 <- 0xFFFFFFFFFFFFFBFF
mem[X,0x0000000080000E94] -> 0x3023
mem[X,0x0000000080000E96] -> 0x57D4
[938] [M]: 0x0000000080000E94 (0x57D43023) sd t4, 0x560(fp)
mem[0x0000000080004808] <- 0xFFFFFFFFFFFFFBFF
mem[X,0x0000000080000E98] -> 0x0E93
mem[X,0x0000000080000E9A] -> 0x0010
[939] [M]: 0x0000000080000E98 (0x00100E93) addi t4, zero, 0x1
x29 <- 0x0000000000000001
mem[X,0x0000000080000E9C] -> 0x9E93
mem[X,0x0000000080000E9E] -> 0x027E
[940] [M]: 0x0000000080000E9C (0x027E9E93) slli t4, t4, 0x27
x29 <- 0x0000008000000000
mem[X,0x0000000080000EA0] -> 0x0F13
mem[X,0x0000000080000EA2] -> 0x5604
[941] [M]: 0x0000000080000EA0 (0x56040F13) addi t5, fp, 0x560
x30 <- 0x0000000080004808
mem[X,0x0000000080000EA4] -> 0x2FAF
mem[X,0x0000000080000EA6] -> 0x61DF
[942] [M]: 0x0000000080000EA4 (0x61DF2FAF) amoand.w t6, t4, (t5)
mem[RW,0x0000000080004808] -> 0xFFFFFBFF
mem[0x0000000080004808] <- 0x00000000
x31 <- 0xFFFFFFFFFFFFFBFF
mem[X,0x0000000080000EA8] -> 0x3423
mem[X,0x0000000080000EAA] -> 0x57F4
[943] [M]: 0x0000000080000EA8 (0x57F43423) sd t6, 0x568(fp)
mem[0x0000000080004810] <- 0xFFFFFFFFFFFFFBFF
mem[X,0x0000000080000EAC] -> 0x0E93
mem[X,0x0000000080000EAE] -> 0xBFF0
[944] [M]: 0x0000000080000EAC (0xBFF00E93) addi t4, zero, -0x401
x29 <- 0xFFFFFFFFFFFFFBFF
mem[X,0x0000000080000EB0] -> 0x3823
mem[X,0x0000000080000EB2] -> 0x57D4
[945] [M]: 0x0000000080000EB0 (0x57D43823) sd t4, 0x570(fp)
mem[0x0000000080004818] <- 0xFFFFFFFFFFFFFBFF
mem[X,0x0000000080000EB4] -> 0x0E93
mem[X,0x0000000080000EB6] -> 0x0010
[946] [M]: 0x0000000080000EB4 (0x00100E93) addi t4, zero, 0x1
x29 <- 0x0000000000000001
mem[X,0x0000000080000EB8] -> 0x9E93
mem[X,0x0000000080000EBA] -> 0x028E
[947] [M]: 0x0000000080000EB8 (0x028E9E93) slli t4, t4, 0x28
x29 <- 0x0000010000000000
mem[X,0x0000000080000EBC] -> 0x0F13
mem[X,0x0000000080000EBE] -> 0x5704
[948] [M]: 0x0000000080000EBC (0x57040F13) addi t5, fp, 0x570
x30 <- 0x0000000080004818
mem[X,0x0000000080000EC0] -> 0x2FAF
mem[X,0x0000000080000EC2] -> 0x61DF
[949] [M]: 0x0000000080000EC0 (0x61DF2FAF) amoand.w t6, t4, (t5)
mem[RW,0x0000000080004818] -> 0xFFFFFBFF
mem[0x0000000080004818] <- 0x00000000
x31 <- 0xFFFFFFFFFFFFFBFF
mem[X,0x0000000080000EC4] -> 0x3C23
mem[X,0x0000000080000EC6] -> 0x57F4
[950] [M]: 0x0000000080000EC4 (0x57F43C23) sd t6, 0x578(fp)
mem[0x0000000080004820] <- 0xFFFFFFFFFFFFFBFF
mem[X,0x0000000080000EC8] -> 0x0E93
mem[X,0x0000000080000ECA] -> 0xBFF0
[951] [M]: 0x0000000080000EC8 (0xBFF00E93) addi t4, zero, -0x401
x29 <- 0xFFFFFFFFFFFFFBFF
mem[X,0x0000000080000ECC] -> 0x3023
mem[X,0x0000000080000ECE] -> 0x59D4
[952] [M]: 0x0000000080000ECC (0x59D43023) sd t4, 0x580(fp)
mem[0x0000000080004828] <- 0xFFFFFFFFFFFFFBFF
mem[X,0x0000000080000ED0] -> 0x0E93
mem[X,0x0000000080000ED2] -> 0x0010
[953] [M]: 0x0000000080000ED0 (0x00100E93) addi t4, zero, 0x1
x29 <- 0x0000000000000001
mem[X,0x0000000080000ED4] -> 0x9E93
mem[X,0x0000000080000ED6] -> 0x029E
[954] [M]: 0x0000000080000ED4 (0x029E9E93) slli t4, t4, 0x29
x29 <- 0x0000020000000000
mem[X,0x0000000080000ED8] -> 0x0F13
mem[X,0x0000000080000EDA] -> 0x5804
[955] [M]: 0x0000000080000ED8 (0x58040F13) addi t5, fp, 0x580
x30 <- 0x0000000080004828
mem[X,0x0000000080000EDC] -> 0x2FAF
mem[X,0x0000000080000EDE] -> 0x61DF
[956] [M]: 0x0000000080000EDC (0x61DF2FAF) amoand.w t6, t4, (t5)
mem[RW,0x0000000080004828] -> 0xFFFFFBFF
mem[0x0000000080004828] <- 0x00000000
x31 <- 0xFFFFFFFFFFFFFBFF
mem[X,0x0000000080000EE0] -> 0x3423
mem[X,0x0000000080000EE2] -> 0x59F4
[957] [M]: 0x0000000080000EE0 (0x59F43423) sd t6, 0x588(fp)
mem[0x0000000080004830] <- 0xFFFFFFFFFFFFFBFF
mem[X,0x0000000080000EE4] -> 0x0E93
mem[X,0x0000000080000EE6] -> 0xBFF0
[958] [M]: 0x0000000080000EE4 (0xBFF00E93) addi t4, zero, -0x401
x29 <- 0xFFFFFFFFFFFFFBFF
mem[X,0x0000000080000EE8] -> 0x3823
mem[X,0x0000000080000EEA] -> 0x59D4
[959] [M]: 0x0000000080000EE8 (0x59D43823) sd t4, 0x590(fp)
mem[0x0000000080004838] <- 0xFFFFFFFFFFFFFBFF
mem[X,0x0000000080000EEC] -> 0x0E93
mem[X,0x0000000080000EEE] -> 0x0010
[960] [M]: 0x0000000080000EEC (0x00100E93) addi t4, zero, 0x1
x29 <- 0x0000000000000001
mem[X,0x0000000080000EF0] -> 0x9E93
mem[X,0x0000000080000EF2] -> 0x02AE
[961] [M]: 0x0000000080000EF0 (0x02AE9E93) slli t4, t4, 0x2a
x29 <- 0x0000040000000000
mem[X,0x0000000080000EF4] -> 0x0F13
mem[X,0x0000000080000EF6] -> 0x5904
[962] [M]: 0x0000000080000EF4 (0x59040F13) addi t5, fp, 0x590
x30 <- 0x0000000080004838
mem[X,0x0000000080000EF8] -> 0x2FAF
mem[X,0x0000000080000EFA] -> 0x61DF
[963] [M]: 0x0000000080000EF8 (0x61DF2FAF) amoand.w t6, t4, (t5)
mem[RW,0x0000000080004838] -> 0xFFFFFBFF
mem[0x0000000080004838] <- 0x00000000
x31 <- 0xFFFFFFFFFFFFFBFF
mem[X,0x0000000080000EFC] -> 0x3C23
mem[X,0x0000000080000EFE] -> 0x59F4
[964] [M]: 0x0000000080000EFC (0x59F43C23) sd t6, 0x598(fp)
mem[0x0000000080004840] <- 0xFFFFFFFFFFFFFBFF
mem[X,0x0000000080000F00] -> 0x0E93
mem[X,0x0000000080000F02] -> 0xBFF0
[965] [M]: 0x0000000080000F00 (0xBFF00E93) addi t4, zero, -0x401
x29 <- 0xFFFFFFFFFFFFFBFF
mem[X,0x0000000080000F04] -> 0x3023
mem[X,0x0000000080000F06] -> 0x5BD4
[966] [M]: 0x0000000080000F04 (0x5BD43023) sd t4, 0x5a0(fp)
mem[0x0000000080004848] <- 0xFFFFFFFFFFFFFBFF
mem[X,0x0000000080000F08] -> 0x0E93
mem[X,0x0000000080000F0A] -> 0x0010
[967] [M]: 0x0000000080000F08 (0x00100E93) addi t4, zero, 0x1
x29 <- 0x0000000000000001
mem[X,0x0000000080000F0C] -> 0x9E93
mem[X,0x0000000080000F0E] -> 0x02BE
[968] [M]: 0x0000000080000F0C (0x02BE9E93) slli t4, t4, 0x2b
x29 <- 0x0000080000000000
mem[X,0x0000000080000F10] -> 0x0F13
mem[X,0x0000000080000F12] -> 0x5A04
[969] [M]: 0x0000000080000F10 (0x5A040F13) addi t5, fp, 0x5a0
x30 <- 0x0000000080004848
mem[X,0x0000000080000F14] -> 0x2FAF
mem[X,0x0000000080000F16] -> 0x61DF
[970] [M]: 0x0000000080000F14 (0x61DF2FAF) amoand.w t6, t4, (t5)
mem[RW,0x0000000080004848] -> 0xFFFFFBFF
mem[0x0000000080004848] <- 0x00000000
x31 <- 0xFFFFFFFFFFFFFBFF
mem[X,0x0000000080000F18] -> 0x3423
mem[X,0x0000000080000F1A] -> 0x5BF4
[971] [M]: 0x0000000080000F18 (0x5BF43423) sd t6, 0x5a8(fp)
mem[0x0000000080004850] <- 0xFFFFFFFFFFFFFBFF
mem[X,0x0000000080000F1C] -> 0x0E93
mem[X,0x0000000080000F1E] -> 0xBFF0
[972] [M]: 0x0000000080000F1C (0xBFF00E93) addi t4, zero, -0x401
x29 <- 0xFFFFFFFFFFFFFBFF
mem[X,0x0000000080000F20] -> 0x3823
mem[X,0x0000000080000F22] -> 0x5BD4
[973] [M]: 0x0000000080000F20 (0x5BD43823) sd t4, 0x5b0(fp)
mem[0x0000000080004858] <- 0xFFFFFFFFFFFFFBFF
mem[X,0x0000000080000F24] -> 0x0E93
mem[X,0x0000000080000F26] -> 0x0010
[974] [M]: 0x0000000080000F24 (0x00100E93) addi t4, zero, 0x1
x29 <- 0x0000000000000001
mem[X,0x0000000080000F28] -> 0x9E93
mem[X,0x0000000080000F2A] -> 0x02CE
[975] [M]: 0x0000000080000F28 (0x02CE9E93) slli t4, t4, 0x2c
x29 <- 0x0000100000000000
mem[X,0x0000000080000F2C] -> 0x0F13
mem[X,0x0000000080000F2E] -> 0x5B04
[976] [M]: 0x0000000080000F2C (0x5B040F13) addi t5, fp, 0x5b0
x30 <- 0x0000000080004858
mem[X,0x0000000080000F30] -> 0x2FAF
mem[X,0x0000000080000F32] -> 0x61DF
[977] [M]: 0x0000000080000F30 (0x61DF2FAF) amoand.w t6, t4, (t5)
mem[RW,0x0000000080004858] -> 0xFFFFFBFF
mem[0x0000000080004858] <- 0x00000000
x31 <- 0xFFFFFFFFFFFFFBFF
mem[X,0x0000000080000F34] -> 0x3C23
mem[X,0x0000000080000F36] -> 0x5BF4
[978] [M]: 0x0000000080000F34 (0x5BF43C23) sd t6, 0x5b8(fp)
mem[0x0000000080004860] <- 0xFFFFFFFFFFFFFBFF
mem[X,0x0000000080000F38] -> 0x0E93
mem[X,0x0000000080000F3A] -> 0xBFF0
[979] [M]: 0x0000000080000F38 (0xBFF00E93) addi t4, zero, -0x401
x29 <- 0xFFFFFFFFFFFFFBFF
mem[X,0x0000000080000F3C] -> 0x3023
mem[X,0x0000000080000F3E] -> 0x5DD4
[980] [M]: 0x0000000080000F3C (0x5DD43023) sd t4, 0x5c0(fp)
mem[0x0000000080004868] <- 0xFFFFFFFFFFFFFBFF
mem[X,0x0000000080000F40] -> 0x0E93
mem[X,0x0000000080000F42] -> 0x0010
[981] [M]: 0x0000000080000F40 (0x00100E93) addi t4, zero, 0x1
x29 <- 0x0000000000000001
mem[X,0x0000000080000F44] -> 0x9E93
mem[X,0x0000000080000F46] -> 0x02DE
[982] [M]: 0x0000000080000F44 (0x02DE9E93) slli t4, t4, 0x2d
x29 <- 0x0000200000000000
mem[X,0x0000000080000F48] -> 0x0F13
mem[X,0x0000000080000F4A] -> 0x5C04
[983] [M]: 0x0000000080000F48 (0x5C040F13) addi t5, fp, 0x5c0
x30 <- 0x0000000080004868
mem[X,0x0000000080000F4C] -> 0x2FAF
mem[X,0x0000000080000F4E] -> 0x61DF
[984] [M]: 0x0000000080000F4C (0x61DF2FAF) amoand.w t6, t4, (t5)
mem[RW,0x0000000080004868] -> 0xFFFFFBFF
mem[0x0000000080004868] <- 0x00000000
x31 <- 0xFFFFFFFFFFFFFBFF
mem[X,0x0000000080000F50] -> 0x3423
mem[X,0x0000000080000F52] -> 0x5DF4
[985] [M]: 0x0000000080000F50 (0x5DF43423) sd t6, 0x5c8(fp)
mem[0x0000000080004870] <- 0xFFFFFFFFFFFFFBFF
mem[X,0x0000000080000F54] -> 0x0E93
mem[X,0x0000000080000F56] -> 0xBFF0
[986] [M]: 0x0000000080000F54 (0xBFF00E93) addi t4, zero, -0x401
x29 <- 0xFFFFFFFFFFFFFBFF
mem[X,0x0000000080000F58] -> 0x3823
mem[X,0x0000000080000F5A] -> 0x5DD4
[987] [M]: 0x0000000080000F58 (0x5DD43823) sd t4, 0x5d0(fp)
mem[0x0000000080004878] <- 0xFFFFFFFFFFFFFBFF
mem[X,0x0000000080000F5C] -> 0x0E93
mem[X,0x0000000080000F5E] -> 0x0010
[988] [M]: 0x0000000080000F5C (0x00100E93) addi t4, zero, 0x1
x29 <- 0x0000000000000001
mem[X,0x0000000080000F60] -> 0x9E93
mem[X,0x0000000080000F62] -> 0x02EE
[989] [M]: 0x0000000080000F60 (0x02EE9E93) slli t4, t4, 0x2e
x29 <- 0x0000400000000000
mem[X,0x0000000080000F64] -> 0x0F13
mem[X,0x0000000080000F66] -> 0x5D04
[990] [M]: 0x0000000080000F64 (0x5D040F13) addi t5, fp, 0x5d0
x30 <- 0x0000000080004878
mem[X,0x0000000080000F68] -> 0x2FAF
mem[X,0x0000000080000F6A] -> 0x61DF
[991] [M]: 0x0000000080000F68 (0x61DF2FAF) amoand.w t6, t4, (t5)
mem[RW,0x0000000080004878] -> 0xFFFFFBFF
mem[0x0000000080004878] <- 0x00000000
x31 <- 0xFFFFFFFFFFFFFBFF
mem[X,0x0000000080000F6C] -> 0x3C23
mem[X,0x0000000080000F6E] -> 0x5DF4
[992] [M]: 0x0000000080000F6C (0x5DF43C23) sd t6, 0x5d8(fp)
mem[0x0000000080004880] <- 0xFFFFFFFFFFFFFBFF
mem[X,0x0000000080000F70] -> 0x0E93
mem[X,0x0000000080000F72] -> 0xBFF0
[993] [M]: 0x0000000080000F70 (0xBFF00E93) addi t4, zero, -0x401
x29 <- 0xFFFFFFFFFFFFFBFF
mem[X,0x0000000080000F74] -> 0x3023
mem[X,0x0000000080000F76] -> 0x5FD4
[994] [M]: 0x0000000080000F74 (0x5FD43023) sd t4, 0x5e0(fp)
mem[0x0000000080004888] <- 0xFFFFFFFFFFFFFBFF
mem[X,0x0000000080000F78] -> 0x0E93
mem[X,0x0000000080000F7A] -> 0x0010
[995] [M]: 0x0000000080000F78 (0x00100E93) addi t4, zero, 0x1
x29 <- 0x0000000000000001
mem[X,0x0000000080000F7C] -> 0x9E93
mem[X,0x0000000080000F7E] -> 0x02FE
[996] [M]: 0x0000000080000F7C (0x02FE9E93) slli t4, t4, 0x2f
x29 <- 0x0000800000000000
mem[X,0x0000000080000F80] -> 0x0F13
mem[X,0x0000000080000F82] -> 0x5E04
[997] [M]: 0x0000000080000F80 (0x5E040F13) addi t5, fp, 0x5e0
x30 <- 0x0000000080004888
mem[X,0x0000000080000F84] -> 0x2FAF
mem[X,0x0000000080000F86] -> 0x61DF
[998] [M]: 0x0000000080000F84 (0x61DF2FAF) amoand.w t6, t4, (t5)
mem[RW,0x0000000080004888] -> 0xFFFFFBFF
mem[0x0000000080004888] <- 0x00000000
x31 <- 0xFFFFFFFFFFFFFBFF
mem[X,0x0000000080000F88] -> 0x3423
mem[X,0x0000000080000F8A] -> 0x5FF4
[999] [M]: 0x0000000080000F88 (0x5FF43423) sd t6, 0x5e8(fp)
mem[0x0000000080004890] <- 0xFFFFFFFFFFFFFBFF
clint::tick mtime <- 0x000000000000000A
 clint timer pending at mtime 0x000000000000000A
htif::tick 0x0000000000000000
mem[X,0x0000000080000F8C] -> 0x0E93
mem[X,0x0000000080000F8E] -> 0xBFF0
[1000] [M]: 0x0000000080000F8C (0xBFF00E93) addi t4, zero, -0x401
x29 <- 0xFFFFFFFFFFFFFBFF
mem[X,0x0000000080000F90] -> 0x3823
mem[X,0x0000000080000F92] -> 0x5FD4
[1001] [M]: 0x0000000080000F90 (0x5FD43823) sd t4, 0x5f0(fp)
mem[0x0000000080004898] <- 0xFFFFFFFFFFFFFBFF
mem[X,0x0000000080000F94] -> 0x0E93
mem[X,0x0000000080000F96] -> 0x0010
[1002] [M]: 0x0000000080000F94 (0x00100E93) addi t4, zero, 0x1
x29 <- 0x0000000000000001
mem[X,0x0000000080000F98] -> 0x9E93
mem[X,0x0000000080000F9A] -> 0x030E
[1003] [M]: 0x0000000080000F98 (0x030E9E93) slli t4, t4, 0x30
x29 <- 0x0001000000000000
mem[X,0x0000000080000F9C] -> 0x0F13
mem[X,0x0000000080000F9E] -> 0x5F04
[1004] [M]: 0x0000000080000F9C (0x5F040F13) addi t5, fp, 0x5f0
x30 <- 0x0000000080004898
mem[X,0x0000000080000FA0] -> 0x2FAF
mem[X,0x0000000080000FA2] -> 0x61DF
[1005] [M]: 0x0000000080000FA0 (0x61DF2FAF) amoand.w t6, t4, (t5)
mem[RW,0x0000000080004898] -> 0xFFFFFBFF
mem[0x0000000080004898] <- 0x00000000
x31 <- 0xFFFFFFFFFFFFFBFF
mem[X,0x0000000080000FA4] -> 0x3C23
mem[X,0x0000000080000FA6] -> 0x5FF4
[1006] [M]: 0x0000000080000FA4 (0x5FF43C23) sd t6, 0x5f8(fp)
mem[0x00000000800048A0] <- 0xFFFFFFFFFFFFFBFF
mem[X,0x0000000080000FA8] -> 0x0E93
mem[X,0x0000000080000FAA] -> 0xBFF0
[1007] [M]: 0x0000000080000FA8 (0xBFF00E93) addi t4, zero, -0x401
x29 <- 0xFFFFFFFFFFFFFBFF
mem[X,0x0000000080000FAC] -> 0x3023
mem[X,0x0000000080000FAE] -> 0x61D4
[1008] [M]: 0x0000000080000FAC (0x61D43023) sd t4, 0x600(fp)
mem[0x00000000800048A8] <- 0xFFFFFFFFFFFFFBFF
mem[X,0x0000000080000FB0] -> 0x0E93
mem[X,0x0000000080000FB2] -> 0x0010
[1009] [M]: 0x0000000080000FB0 (0x00100E93) addi t4, zero, 0x1
x29 <- 0x0000000000000001
mem[X,0x0000000080000FB4] -> 0x9E93
mem[X,0x0000000080000FB6] -> 0x031E
[1010] [M]: 0x0000000080000FB4 (0x031E9E93) slli t4, t4, 0x31
x29 <- 0x0002000000000000
mem[X,0x0000000080000FB8] -> 0x0F13
mem[X,0x0000000080000FBA] -> 0x6004
[1011] [M]: 0x0000000080000FB8 (0x60040F13) addi t5, fp, 0x600
x30 <- 0x00000000800048A8
mem[X,0x0000000080000FBC] -> 0x2FAF
mem[X,0x0000000080000FBE] -> 0x61DF
[1012] [M]: 0x0000000080000FBC (0x61DF2FAF) amoand.w t6, t4, (t5)
mem[RW,0x00000000800048A8] -> 0xFFFFFBFF
mem[0x00000000800048A8] <- 0x00000000
x31 <- 0xFFFFFFFFFFFFFBFF
mem[X,0x0000000080000FC0] -> 0x3423
mem[X,0x0000000080000FC2] -> 0x61F4
[1013] [M]: 0x0000000080000FC0 (0x61F43423) sd t6, 0x608(fp)
mem[0x00000000800048B0] <- 0xFFFFFFFFFFFFFBFF
mem[X,0x0000000080000FC4] -> 0x0E93
mem[X,0x0000000080000FC6] -> 0xBFF0
[1014] [M]: 0x0000000080000FC4 (0xBFF00E93) addi t4, zero, -0x401
x29 <- 0xFFFFFFFFFFFFFBFF
mem[X,0x0000000080000FC8] -> 0x3823
mem[X,0x0000000080000FCA] -> 0x61D4
[1015] [M]: 0x0000000080000FC8 (0x61D43823) sd t4, 0x610(fp)
mem[0x00000000800048B8] <- 0xFFFFFFFFFFFFFBFF
mem[X,0x0000000080000FCC] -> 0x0E93
mem[X,0x0000000080000FCE] -> 0x0010
[1016] [M]: 0x0000000080000FCC (0x00100E93) addi t4, zero, 0x1
x29 <- 0x0000000000000001
mem[X,0x0000000080000FD0] -> 0x9E93
mem[X,0x0000000080000FD2] -> 0x032E
[1017] [M]: 0x0000000080000FD0 (0x032E9E93) slli t4, t4, 0x32
x29 <- 0x0004000000000000
mem[X,0x0000000080000FD4] -> 0x0F13
mem[X,0x0000000080000FD6] -> 0x6104
[1018] [M]: 0x0000000080000FD4 (0x61040F13) addi t5, fp, 0x610
x30 <- 0x00000000800048B8
mem[X,0x0000000080000FD8] -> 0x2FAF
mem[X,0x0000000080000FDA] -> 0x61DF
[1019] [M]: 0x0000000080000FD8 (0x61DF2FAF) amoand.w t6, t4, (t5)
mem[RW,0x00000000800048B8] -> 0xFFFFFBFF
mem[0x00000000800048B8] <- 0x00000000
x31 <- 0xFFFFFFFFFFFFFBFF
mem[X,0x0000000080000FDC] -> 0x3C23
mem[X,0x0000000080000FDE] -> 0x61F4
[1020] [M]: 0x0000000080000FDC (0x61F43C23) sd t6, 0x618(fp)
mem[0x00000000800048C0] <- 0xFFFFFFFFFFFFFBFF
mem[X,0x0000000080000FE0] -> 0x0E93
mem[X,0x0000000080000FE2] -> 0xBFF0
[1021] [M]: 0x0000000080000FE0 (0xBFF00E93) addi t4, zero, -0x401
x29 <- 0xFFFFFFFFFFFFFBFF
mem[X,0x0000000080000FE4] -> 0x3023
mem[X,0x0000000080000FE6] -> 0x63D4
[1022] [M]: 0x0000000080000FE4 (0x63D43023) sd t4, 0x620(fp)
mem[0x00000000800048C8] <- 0xFFFFFFFFFFFFFBFF
mem[X,0x0000000080000FE8] -> 0x0E93
mem[X,0x0000000080000FEA] -> 0x0010
[1023] [M]: 0x0000000080000FE8 (0x00100E93) addi t4, zero, 0x1
x29 <- 0x0000000000000001
mem[X,0x0000000080000FEC] -> 0x9E93
mem[X,0x0000000080000FEE] -> 0x033E
[1024] [M]: 0x0000000080000FEC (0x033E9E93) slli t4, t4, 0x33
x29 <- 0x0008000000000000
mem[X,0x0000000080000FF0] -> 0x0F13
mem[X,0x0000000080000FF2] -> 0x6204
[1025] [M]: 0x0000000080000FF0 (0x62040F13) addi t5, fp, 0x620
x30 <- 0x00000000800048C8
mem[X,0x0000000080000FF4] -> 0x2FAF
mem[X,0x0000000080000FF6] -> 0x61DF
[1026] [M]: 0x0000000080000FF4 (0x61DF2FAF) amoand.w t6, t4, (t5)
mem[RW,0x00000000800048C8] -> 0xFFFFFBFF
mem[0x00000000800048C8] <- 0x00000000
x31 <- 0xFFFFFFFFFFFFFBFF
mem[X,0x0000000080000FF8] -> 0x3423
mem[X,0x0000000080000FFA] -> 0x63F4
[1027] [M]: 0x0000000080000FF8 (0x63F43423) sd t6, 0x628(fp)
mem[0x00000000800048D0] <- 0xFFFFFFFFFFFFFBFF
mem[X,0x0000000080000FFC] -> 0x0E93
mem[X,0x0000000080000FFE] -> 0xBFF0
[1028] [M]: 0x0000000080000FFC (0xBFF00E93) addi t4, zero, -0x401
x29 <- 0xFFFFFFFFFFFFFBFF
mem[X,0x0000000080001000] -> 0x3823
mem[X,0x0000000080001002] -> 0x63D4
[1029] [M]: 0x0000000080001000 (0x63D43823) sd t4, 0x630(fp)
mem[0x00000000800048D8] <- 0xFFFFFFFFFFFFFBFF
mem[X,0x0000000080001004] -> 0x0E93
mem[X,0x0000000080001006] -> 0x0010
[1030] [M]: 0x0000000080001004 (0x00100E93) addi t4, zero, 0x1
x29 <- 0x0000000000000001
mem[X,0x0000000080001008] -> 0x9E93
mem[X,0x000000008000100A] -> 0x034E
[1031] [M]: 0x0000000080001008 (0x034E9E93) slli t4, t4, 0x34
x29 <- 0x0010000000000000
mem[X,0x000000008000100C] -> 0x0F13
mem[X,0x000000008000100E] -> 0x6304
[1032] [M]: 0x000000008000100C (0x63040F13) addi t5, fp, 0x630
x30 <- 0x00000000800048D8
mem[X,0x0000000080001010] -> 0x2FAF
mem[X,0x0000000080001012] -> 0x61DF
[1033] [M]: 0x0000000080001010 (0x61DF2FAF) amoand.w t6, t4, (t5)
mem[RW,0x00000000800048D8] -> 0xFFFFFBFF
mem[0x00000000800048D8] <- 0x00000000
x31 <- 0xFFFFFFFFFFFFFBFF
mem[X,0x0000000080001014] -> 0x3C23
mem[X,0x0000000080001016] -> 0x63F4
[1034] [M]: 0x0000000080001014 (0x63F43C23) sd t6, 0x638(fp)
mem[0x00000000800048E0] <- 0xFFFFFFFFFFFFFBFF
mem[X,0x0000000080001018] -> 0x0E93
mem[X,0x000000008000101A] -> 0xBFF0
[1035] [M]: 0x0000000080001018 (0xBFF00E93) addi t4, zero, -0x401
x29 <- 0xFFFFFFFFFFFFFBFF
mem[X,0x000000008000101C] -> 0x3023
mem[X,0x000000008000101E] -> 0x65D4
[1036] [M]: 0x000000008000101C (0x65D43023) sd t4, 0x640(fp)
mem[0x00000000800048E8] <- 0xFFFFFFFFFFFFFBFF
mem[X,0x0000000080001020] -> 0x0E93
mem[X,0x0000000080001022] -> 0x0010
[1037] [M]: 0x0000000080001020 (0x00100E93) addi t4, zero, 0x1
x29 <- 0x0000000000000001
mem[X,0x0000000080001024] -> 0x9E93
mem[X,0x0000000080001026] -> 0x035E
[1038] [M]: 0x0000000080001024 (0x035E9E93) slli t4, t4, 0x35
x29 <- 0x0020000000000000
mem[X,0x0000000080001028] -> 0x0F13
mem[X,0x000000008000102A] -> 0x6404
[1039] [M]: 0x0000000080001028 (0x64040F13) addi t5, fp, 0x640
x30 <- 0x00000000800048E8
mem[X,0x000000008000102C] -> 0x2FAF
mem[X,0x000000008000102E] -> 0x61DF
[1040] [M]: 0x000000008000102C (0x61DF2FAF) amoand.w t6, t4, (t5)
mem[RW,0x00000000800048E8] -> 0xFFFFFBFF
mem[0x00000000800048E8] <- 0x00000000
x31 <- 0xFFFFFFFFFFFFFBFF
mem[X,0x0000000080001030] -> 0x3423
mem[X,0x0000000080001032] -> 0x65F4
[1041] [M]: 0x0000000080001030 (0x65F43423) sd t6, 0x648(fp)
mem[0x00000000800048F0] <- 0xFFFFFFFFFFFFFBFF
mem[X,0x0000000080001034] -> 0x0E93
mem[X,0x0000000080001036] -> 0xBFF0
[1042] [M]: 0x0000000080001034 (0xBFF00E93) addi t4, zero, -0x401
x29 <- 0xFFFFFFFFFFFFFBFF
mem[X,0x0000000080001038] -> 0x3823
mem[X,0x000000008000103A] -> 0x65D4
[1043] [M]: 0x0000000080001038 (0x65D43823) sd t4, 0x650(fp)
mem[0x00000000800048F8] <- 0xFFFFFFFFFFFFFBFF
mem[X,0x000000008000103C] -> 0x0E93
mem[X,0x000000008000103E] -> 0x0010
[1044] [M]: 0x000000008000103C (0x00100E93) addi t4, zero, 0x1
x29 <- 0x0000000000000001
mem[X,0x0000000080001040] -> 0x9E93
mem[X,0x0000000080001042] -> 0x036E
[1045] [M]: 0x0000000080001040 (0x036E9E93) slli t4, t4, 0x36
x29 <- 0x0040000000000000
mem[X,0x0000000080001044] -> 0x0F13
mem[X,0x0000000080001046] -> 0x6504
[1046] [M]: 0x0000000080001044 (0x65040F13) addi t5, fp, 0x650
x30 <- 0x00000000800048F8
mem[X,0x0000000080001048] -> 0x2FAF
mem[X,0x000000008000104A] -> 0x61DF
[1047] [M]: 0x0000000080001048 (0x61DF2FAF) amoand.w t6, t4, (t5)
mem[RW,0x00000000800048F8] -> 0xFFFFFBFF
mem[0x00000000800048F8] <- 0x00000000
x31 <- 0xFFFFFFFFFFFFFBFF
mem[X,0x000000008000104C] -> 0x3C23
mem[X,0x000000008000104E] -> 0x65F4
[1048] [M]: 0x000000008000104C (0x65F43C23) sd t6, 0x658(fp)
mem[0x0000000080004900] <- 0xFFFFFFFFFFFFFBFF
mem[X,0x0000000080001050] -> 0x0E93
mem[X,0x0000000080001052] -> 0xBFF0
[1049] [M]: 0x0000000080001050 (0xBFF00E93) addi t4, zero, -0x401
x29 <- 0xFFFFFFFFFFFFFBFF
mem[X,0x0000000080001054] -> 0x3023
mem[X,0x0000000080001056] -> 0x67D4
[1050] [M]: 0x0000000080001054 (0x67D43023) sd t4, 0x660(fp)
mem[0x0000000080004908] <- 0xFFFFFFFFFFFFFBFF
mem[X,0x0000000080001058] -> 0x0E93
mem[X,0x000000008000105A] -> 0x0010
[1051] [M]: 0x0000000080001058 (0x00100E93) addi t4, zero, 0x1
x29 <- 0x0000000000000001
mem[X,0x000000008000105C] -> 0x9E93
mem[X,0x000000008000105E] -> 0x037E
[1052] [M]: 0x000000008000105C (0x037E9E93) slli t4, t4, 0x37
x29 <- 0x0080000000000000
mem[X,0x0000000080001060] -> 0x0F13
mem[X,0x0000000080001062] -> 0x6604
[1053] [M]: 0x0000000080001060 (0x66040F13) addi t5, fp, 0x660
x30 <- 0x0000000080004908
mem[X,0x0000000080001064] -> 0x2FAF
mem[X,0x0000000080001066] -> 0x61DF
[1054] [M]: 0x0000000080001064 (0x61DF2FAF) amoand.w t6, t4, (t5)
mem[RW,0x0000000080004908] -> 0xFFFFFBFF
mem[0x0000000080004908] <- 0x00000000
x31 <- 0xFFFFFFFFFFFFFBFF
mem[X,0x0000000080001068] -> 0x3423
mem[X,0x000000008000106A] -> 0x67F4
[1055] [M]: 0x0000000080001068 (0x67F43423) sd t6, 0x668(fp)
mem[0x0000000080004910] <- 0xFFFFFFFFFFFFFBFF
mem[X,0x000000008000106C] -> 0x0E93
mem[X,0x000000008000106E] -> 0xBFF0
[1056] [M]: 0x000000008000106C (0xBFF00E93) addi t4, zero, -0x401
x29 <- 0xFFFFFFFFFFFFFBFF
mem[X,0x0000000080001070] -> 0x3823
mem[X,0x0000000080001072] -> 0x67D4
[1057] [M]: 0x0000000080001070 (0x67D43823) sd t4, 0x670(fp)
mem[0x0000000080004918] <- 0xFFFFFFFFFFFFFBFF
mem[X,0x0000000080001074] -> 0x0E93
mem[X,0x0000000080001076] -> 0x0010
[1058] [M]: 0x0000000080001074 (0x00100E93) addi t4, zero, 0x1
x29 <- 0x0000000000000001
mem[X,0x0000000080001078] -> 0x9E93
mem[X,0x000000008000107A] -> 0x038E
[1059] [M]: 0x0000000080001078 (0x038E9E93) slli t4, t4, 0x38
x29 <- 0x0100000000000000
mem[X,0x000000008000107C] -> 0x0F13
mem[X,0x000000008000107E] -> 0x6704
[1060] [M]: 0x000000008000107C (0x67040F13) addi t5, fp, 0x670
x30 <- 0x0000000080004918
mem[X,0x0000000080001080] -> 0x2FAF
mem[X,0x0000000080001082] -> 0x61DF
[1061] [M]: 0x0000000080001080 (0x61DF2FAF) amoand.w t6, t4, (t5)
mem[RW,0x0000000080004918] -> 0xFFFFFBFF
mem[0x0000000080004918] <- 0x00000000
x31 <- 0xFFFFFFFFFFFFFBFF
mem[X,0x0000000080001084] -> 0x3C23
mem[X,0x0000000080001086] -> 0x67F4
[1062] [M]: 0x0000000080001084 (0x67F43C23) sd t6, 0x678(fp)
mem[0x0000000080004920] <- 0xFFFFFFFFFFFFFBFF
mem[X,0x0000000080001088] -> 0x0E93
mem[X,0x000000008000108A] -> 0xBFF0
[1063] [M]: 0x0000000080001088 (0xBFF00E93) addi t4, zero, -0x401
x29 <- 0xFFFFFFFFFFFFFBFF
mem[X,0x000000008000108C] -> 0x3023
mem[X,0x000000008000108E] -> 0x69D4
[1064] [M]: 0x000000008000108C (0x69D43023) sd t4, 0x680(fp)
mem[0x0000000080004928] <- 0xFFFFFFFFFFFFFBFF
mem[X,0x0000000080001090] -> 0x0E93
mem[X,0x0000000080001092] -> 0x0010
[1065] [M]: 0x0000000080001090 (0x00100E93) addi t4, zero, 0x1
x29 <- 0x0000000000000001
mem[X,0x0000000080001094] -> 0x9E93
mem[X,0x0000000080001096] -> 0x039E
[1066] [M]: 0x0000000080001094 (0x039E9E93) slli t4, t4, 0x39
x29 <- 0x0200000000000000
mem[X,0x0000000080001098] -> 0x0F13
mem[X,0x000000008000109A] -> 0x6804
[1067] [M]: 0x0000000080001098 (0x68040F13) addi t5, fp, 0x680
x30 <- 0x0000000080004928
mem[X,0x000000008000109C] -> 0x2FAF
mem[X,0x000000008000109E] -> 0x61DF
[1068] [M]: 0x000000008000109C (0x61DF2FAF) amoand.w t6, t4, (t5)
mem[RW,0x0000000080004928] -> 0xFFFFFBFF
mem[0x0000000080004928] <- 0x00000000
x31 <- 0xFFFFFFFFFFFFFBFF
mem[X,0x00000000800010A0] -> 0x3423
mem[X,0x00000000800010A2] -> 0x69F4
[1069] [M]: 0x00000000800010A0 (0x69F43423) sd t6, 0x688(fp)
mem[0x0000000080004930] <- 0xFFFFFFFFFFFFFBFF
mem[X,0x00000000800010A4] -> 0x0E93
mem[X,0x00000000800010A6] -> 0xBFF0
[1070] [M]: 0x00000000800010A4 (0xBFF00E93) addi t4, zero, -0x401
x29 <- 0xFFFFFFFFFFFFFBFF
mem[X,0x00000000800010A8] -> 0x3823
mem[X,0x00000000800010AA] -> 0x69D4
[1071] [M]: 0x00000000800010A8 (0x69D43823) sd t4, 0x690(fp)
mem[0x0000000080004938] <- 0xFFFFFFFFFFFFFBFF
mem[X,0x00000000800010AC] -> 0x0E93
mem[X,0x00000000800010AE] -> 0x0010
[1072] [M]: 0x00000000800010AC (0x00100E93) addi t4, zero, 0x1
x29 <- 0x0000000000000001
mem[X,0x00000000800010B0] -> 0x9E93
mem[X,0x00000000800010B2] -> 0x03AE
[1073] [M]: 0x00000000800010B0 (0x03AE9E93) slli t4, t4, 0x3a
x29 <- 0x0400000000000000
mem[X,0x00000000800010B4] -> 0x0F13
mem[X,0x00000000800010B6] -> 0x6904
[1074] [M]: 0x00000000800010B4 (0x69040F13) addi t5, fp, 0x690
x30 <- 0x0000000080004938
mem[X,0x00000000800010B8] -> 0x2FAF
mem[X,0x00000000800010BA] -> 0x61DF
[1075] [M]: 0x00000000800010B8 (0x61DF2FAF) amoand.w t6, t4, (t5)
mem[RW,0x0000000080004938] -> 0xFFFFFBFF
mem[0x0000000080004938] <- 0x00000000
x31 <- 0xFFFFFFFFFFFFFBFF
mem[X,0x00000000800010BC] -> 0x3C23
mem[X,0x00000000800010BE] -> 0x69F4
[1076] [M]: 0x00000000800010BC (0x69F43C23) sd t6, 0x698(fp)
mem[0x0000000080004940] <- 0xFFFFFFFFFFFFFBFF
mem[X,0x00000000800010C0] -> 0x0E93
mem[X,0x00000000800010C2] -> 0xBFF0
[1077] [M]: 0x00000000800010C0 (0xBFF00E93) addi t4, zero, -0x401
x29 <- 0xFFFFFFFFFFFFFBFF
mem[X,0x00000000800010C4] -> 0x3023
mem[X,0x00000000800010C6] -> 0x6BD4
[1078] [M]: 0x00000000800010C4 (0x6BD43023) sd t4, 0x6a0(fp)
mem[0x0000000080004948] <- 0xFFFFFFFFFFFFFBFF
mem[X,0x00000000800010C8] -> 0x0E93
mem[X,0x00000000800010CA] -> 0x0010
[1079] [M]: 0x00000000800010C8 (0x00100E93) addi t4, zero, 0x1
x29 <- 0x0000000000000001
mem[X,0x00000000800010CC] -> 0x9E93
mem[X,0x00000000800010CE] -> 0x019E
[1080] [M]: 0x00000000800010CC (0x019E9E93) slli t4, t4, 0x19
x29 <- 0x0000000002000000
mem[X,0x00000000800010D0] -> 0xCE93
mem[X,0x00000000800010D2] -> 0xFFFE
[1081] [M]: 0x00000000800010D0 (0xFFFECE93) xori t4, t4, -0x1
x29 <- 0xFFFFFFFFFDFFFFFF
mem[X,0x00000000800010D4] -> 0x0F13
mem[X,0x00000000800010D6] -> 0x6A04
[1082] [M]: 0x00000000800010D4 (0x6A040F13) addi t5, fp, 0x6a0
x30 <- 0x0000000080004948
mem[X,0x00000000800010D8] -> 0x2FAF
mem[X,0x00000000800010DA] -> 0x61DF
[1083] [M]: 0x00000000800010D8 (0x61DF2FAF) amoand.w t6, t4, (t5)
mem[RW,0x0000000080004948] -> 0xFFFFFBFF
mem[0x0000000080004948] <- 0xFDFFFBFF
x31 <- 0xFFFFFFFFFFFFFBFF
mem[X,0x00000000800010DC] -> 0x3423
mem[X,0x00000000800010DE] -> 0x6BF4
[1084] [M]: 0x00000000800010DC (0x6BF43423) sd t6, 0x6a8(fp)
mem[0x0000000080004950] <- 0xFFFFFFFFFFFFFBFF
mem[X,0x00000000800010E0] -> 0x0E93
mem[X,0x00000000800010E2] -> 0xBFF0
[1085] [M]: 0x00000000800010E0 (0xBFF00E93) addi t4, zero, -0x401
x29 <- 0xFFFFFFFFFFFFFBFF
mem[X,0x00000000800010E4] -> 0x3823
mem[X,0x00000000800010E6] -> 0x6BD4
[1086] [M]: 0x00000000800010E4 (0x6BD43823) sd t4, 0x6b0(fp)
mem[0x0000000080004958] <- 0xFFFFFFFFFFFFFBFF
mem[X,0x00000000800010E8] -> 0x0E93
mem[X,0x00000000800010EA] -> 0x0010
[1087] [M]: 0x00000000800010E8 (0x00100E93) addi t4, zero, 0x1
x29 <- 0x0000000000000001
mem[X,0x00000000800010EC] -> 0x9E93
mem[X,0x00000000800010EE] -> 0x01BE
[1088] [M]: 0x00000000800010EC (0x01BE9E93) slli t4, t4, 0x1b
x29 <- 0x0000000008000000
mem[X,0x00000000800010F0] -> 0xCE93
mem[X,0x00000000800010F2] -> 0xFFFE
[1089] [M]: 0x00000000800010F0 (0xFFFECE93) xori t4, t4, -0x1
x29 <- 0xFFFFFFFFF7FFFFFF
mem[X,0x00000000800010F4] -> 0x0F13
mem[X,0x00000000800010F6] -> 0x6B04
[1090] [M]: 0x00000000800010F4 (0x6B040F13) addi t5, fp, 0x6b0
x30 <- 0x0000000080004958
mem[X,0x00000000800010F8] -> 0x2FAF
mem[X,0x00000000800010FA] -> 0x61DF
[1091] [M]: 0x00000000800010F8 (0x61DF2FAF) amoand.w t6, t4, (t5)
mem[RW,0x0000000080004958] -> 0xFFFFFBFF
mem[0x0000000080004958] <- 0xF7FFFBFF
x31 <- 0xFFFFFFFFFFFFFBFF
mem[X,0x00000000800010FC] -> 0x3C23
mem[X,0x00000000800010FE] -> 0x6BF4
[1092] [M]: 0x00000000800010FC (0x6BF43C23) sd t6, 0x6b8(fp)
mem[0x0000000080004960] <- 0xFFFFFFFFFFFFFBFF
mem[X,0x0000000080001100] -> 0x006F
mem[X,0x0000000080001102] -> 0x0380
[1093] [M]: 0x0000000080001100 (0x0380006F) jal zero, 0x38
mem[X,0x0000000080001138] -> 0x0093
mem[X,0x000000008000113A] -> 0x0010
[1094] [M]: 0x0000000080001138 (0x00100093) addi ra, zero, 0x1
x1 <- 0x0000000000000001
mem[X,0x000000008000113C] -> 0x1F17
mem[X,0x000000008000113E] -> 0x0000
[1095] [M]: 0x000000008000113C (0x00001F17) auipc t5, 0x1
x30 <- 0x000000008000213C
mem[X,0x0000000080001140] -> 0x2223
mem[X,0x0000000080001142] -> 0xEC1F
[1096] [M]: 0x0000000080001140 (0xEC1F2223) sw ra, -0x13c(t5)
htif[0x0000000080002000] <- 0x00000001
mem[X,0x0000000080001144] -> 0xF06F
mem[X,0x0000000080001146] -> 0xFF9F
[1097] [M]: 0x0000000080001144 (0xFF9FF06F) jal zero, -0x8
mem[X,0x000000008000113C] -> 0x1F17
mem[X,0x000000008000113E] -> 0x0000
[1098] [M]: 0x000000008000113C (0x00001F17) auipc t5, 0x1
x30 <- 0x000000008000213C
mem[X,0x0000000080001140] -> 0x2223
mem[X,0x0000000080001142] -> 0xEC1F
[1099] [M]: 0x0000000080001140 (0xEC1F2223) sw ra, -0x13c(t5)
htif[0x0000000080002000] <- 0x00000001
clint::tick mtime <- 0x000000000000000B
 clint timer pending at mtime 0x000000000000000B
htif::tick 0x0000000000000001
mem[X,0x0000000080001144] -> 0xF06F
mem[X,0x0000000080001146] -> 0xFF9F
[1100] [M]: 0x0000000080001144 (0xFF9FF06F) jal zero, -0x8
mem[X,0x000000008000113C] -> 0x1F17
mem[X,0x000000008000113E] -> 0x0000
[1101] [M]: 0x000000008000113C (0x00001F17) auipc t5, 0x1
x30 <- 0x000000008000213C
mem[X,0x0000000080001140] -> 0x2223
mem[X,0x0000000080001142] -> 0xEC1F
[1102] [M]: 0x0000000080001140 (0xEC1F2223) sw ra, -0x13c(t5)
htif[0x0000000080002000] <- 0x00000001
htif-syscall-proxy cmd: 0x000000000001
SUCCESS
